{"logTime": "0605/034108", "correlationVector":"TCVsT27jMVX4a/xVHQvNYa.1","action":"SyncServerConnectionManagerRequest", "result":"SYNC_SERVER_OK", "context":{"environment":"Prod_EastUS_000w", "migrationStage":"NotStarted", "server":"GENERAL1100003F"}}
{"logTime": "0605/034108", "correlationVector":"TCVsT27jMVX4a/xVHQvNYa.2","action":"GetUpdates", "result":"DeleteReceived", "context":{"id":"6728a247-50c4-4d4a-b83a-94cda961c519", "isDeleted:":"true", "version":"1717558762095"}}
{"logTime": "0605/034108", "correlationVector":"TCVsT27jMVX4a/xVHQvNYa.3","action":"GetUpdates", "result":"DeleteReceived", "context":{"id":"64af1150-e315-4e32-b107-601877a8dbb1", "isDeleted:":"true", "version":"1717558762097"}}
{"logTime": "0605/034108", "correlationVector":"TCVsT27jMVX4a/xVHQvNYa.4","action":"GetUpdates Response", "result":"Success", "context":Received 7 update(s). cV=TCVsT27jMVX4a/xVHQvNYa.0;server=GENERAL1100003F;cloudType=Consumer;environment=Prod_EastUS_000w;migrationStage=NotStarted}
{"logTime": "0605/034648", "correlationVector":"mTV5dqMGhVon6G6NKn0Aky","action":"Commit Request", "result":"", "context":Item count: 5
Contributing types: Sessions}
{"logTime": "0605/034649", "correlationVector":"mTV5dqMGhVon6G6NKn0Aky.1","action":"SyncServerConnectionManagerRequest", "result":"SYNC_SERVER_OK", "context":{"environment":"Prod_EastUS_000w", "migrationStage":"NotStarted", "server":"GENERAL11000022"}}
{"logTime": "0605/034649", "correlationVector":"mTV5dqMGhVon6G6NKn0Aky.2","action":"Commit Response", "result":"Success", "context":Result: Success. cV=mTV5dqMGhVon6G6NKn0Aky.0;server=GENERAL11000022;cloudType=Consumer;environment=Prod_EastUS_000w;migrationStage=NotStarted}
{"logTime": "0605/034721", "correlationVector":"nDkUvbozgkccSl40fCukkg","action":"Commit Request", "result":"", "context":Item count: 3
Contributing types: Sessions}
{"logTime": "0605/034721", "correlationVector":"nDkUvbozgkccSl40fCukkg.1","action":"SyncServerConnectionManagerRequest", "result":"SYNC_SERVER_OK", "context":{"environment":"Prod_EastUS_000w", "migrationStage":"NotStarted", "server":"GENERAL1100001Z"}}
{"logTime": "0605/034721", "correlationVector":"nDkUvbozgkccSl40fCukkg.3","action":"Commit.Sessions", "result":"Success", "context":{"id":"0cd1be33-9917-4f95-9683-c62995795919", "isDeleted":"true", "size":"0", "version":"1717559208905"}}
{"logTime": "0605/034721", "correlationVector":"nDkUvbozgkccSl40fCukkg.4","action":"Commit.Sessions", "result":"Success", "context":{"id":"ed722685-0122-4715-a728-b39d49b145ef", "isDeleted":"true", "size":"0", "version":"1717559208906"}}
{"logTime": "0605/034721", "correlationVector":"nDkUvbozgkccSl40fCukkg.2","action":"Commit Response", "result":"Success", "context":Result: Success. cV=nDkUvbozgkccSl40fCukkg.0;server=GENERAL1100001Z;cloudType=Consumer;environment=Prod_EastUS_000w;migrationStage=NotStarted}
{"logTime": "0605/035051", "correlationVector":"nnnCP55WuWhtlZNgVckF/M","action":"Normal GetUpdate request", "result":"", "context":cV=nnnCP55WuWhtlZNgVckF/M
Nudged types: Preferences, Sessions
Refresh requested types: Bookmarks, Preferences, Passwords, Autofill Profiles, Autofill, Typed URLs, Extensions, Sessions, Extension settings, History Delete Directives, Device Info, User Consents, Send Tab To Self, Web Apps, Collection, Edge E Drop, Edge Hub App Usage, Edge Tab Group, Edge Wallet, Encryption Keys}
{"logTime": "0605/035051", "correlationVector":"nnnCP55WuWhtlZNgVckF/M.1","action":"SyncServerConnectionManagerRequest", "result":"SYNC_SERVER_OK", "context":{"environment":"Prod_EastUS_000w", "migrationStage":"NotStarted", "server":"GENERAL1100002F"}}
{"logTime": "0605/035051", "correlationVector":"nnnCP55WuWhtlZNgVckF/M.2","action":"GetUpdates", "result":"DeleteReceived", "context":{"id":"0cd1be33-9917-4f95-9683-c62995795919", "isDeleted:":"true", "version":"1717559241765"}}
{"logTime": "0605/035051", "correlationVector":"nnnCP55WuWhtlZNgVckF/M.3","action":"GetUpdates", "result":"DeleteReceived", "context":{"id":"ed722685-0122-4715-a728-b39d49b145ef", "isDeleted:":"true", "version":"1717559241766"}}
{"logTime": "0605/035051", "correlationVector":"nnnCP55WuWhtlZNgVckF/M.4","action":"GetUpdates Response", "result":"Success", "context":Received 5 update(s). cV=nnnCP55WuWhtlZNgVckF/M.0;server=GENERAL1100002F;cloudType=Consumer;environment=Prod_EastUS_000w;migrationStage=NotStarted}
{"logTime": "0605/035051", "correlationVector":"T+i4OKJWH1LSBktJ+U0+VY","action":"Commit Request", "result":"", "context":Item count: 5
Contributing types: Preferences, Sessions}
{"logTime": "0605/035052", "correlationVector":"T+i4OKJWH1LSBktJ+U0+VY.1","action":"SyncServerConnectionManagerRequest", "result":"SYNC_SERVER_OK", "context":{"environment":"Prod_EastUS_000w", "migrationStage":"NotStarted", "server":"GENERAL1100001R"}}
{"logTime": "0605/035052", "correlationVector":"T+i4OKJWH1LSBktJ+U0+VY.2","action":"Commit Response", "result":"Success", "context":Result: Success. cV=T+i4OKJWH1LSBktJ+U0+VY.0;server=GENERAL1100001R;cloudType=Consumer;environment=Prod_EastUS_000w;migrationStage=NotStarted}
{"logTime": "0605/035052", "correlationVector":"T+i4OKJWH1LSBktJ+U0+VY.3","action":"Commit.Sessions", "result":"Success", "context":{"id":"cfe84427-d42e-4e84-9a5f-181d7de9ab58", "isDeleted":"true", "size":"0", "version":"1717559241767"}}
{"logTime": "0605/035052", "correlationVector":"T+i4OKJWH1LSBktJ+U0+VY.4","action":"Commit.Sessions", "result":"Success", "context":{"id":"f0892372-0352-4d7f-ad6d-bd234e97b1e5", "isDeleted":"true", "size":"0", "version":"1717559208908"}}
{"logTime": "0605/035052", "correlationVector":"T+i4OKJWH1LSBktJ+U0+VY.5","action":"Commit.Sessions", "result":"Success", "context":{"id":"9e8ec8d2-7f67-4818-9504-e9b204f69006", "isDeleted":"true", "size":"0", "version":"1717558601755"}}
{"logTime": "0605/035128", "correlationVector":"toT77c14WvCkM4xr4Ga3Mj","action":"Commit Request", "result":"", "context":Item count: 4
Contributing types: Sessions}
{"logTime": "0605/035128", "correlationVector":"toT77c14WvCkM4xr4Ga3Mj.1","action":"SyncServerConnectionManagerRequest", "result":"SYNC_SERVER_OK", "context":{"environment":"Prod_EastUS_000w", "migrationStage":"NotStarted", "server":"GENERAL1100002J"}}
{"logTime": "0605/035128", "correlationVector":"toT77c14WvCkM4xr4Ga3Mj.2","action":"Commit Response", "result":"Success", "context":Result: Success. cV=toT77c14WvCkM4xr4Ga3Mj.0;server=GENERAL1100002J;cloudType=Consumer;environment=Prod_EastUS_000w;migrationStage=NotStarted}
{"logTime": "0605/035240", "correlationVector":"Woatm9rKKgT4as6f/uCdAC","action":"Commit Request", "result":"", "context":Item count: 4
Contributing types: Sessions}
{"logTime": "0605/035240", "correlationVector":"Woatm9rKKgT4as6f/uCdAC.1","action":"SyncServerConnectionManagerRequest", "result":"SYNC_SERVER_OK", "context":{"environment":"Prod_EastUS_000w", "migrationStage":"NotStarted", "server":"GENERAL11000022"}}
{"logTime": "0605/035240", "correlationVector":"Woatm9rKKgT4as6f/uCdAC.2","action":"Commit Response", "result":"Success", "context":Result: Success. cV=Woatm9rKKgT4as6f/uCdAC.0;server=GENERAL11000022;cloudType=Consumer;environment=Prod_EastUS_000w;migrationStage=NotStarted}
{"logTime": "0605/035311", "correlationVector":"GQfGMXJgkJdZeCINTzzVXH","action":"Commit Request", "result":"", "context":Item count: 4
Contributing types: Sessions}
{"logTime": "0605/035311", "correlationVector":"GQfGMXJgkJdZeCINTzzVXH.1","action":"SyncServerConnectionManagerRequest", "result":"SYNC_SERVER_OK", "context":{"environment":"Prod_EastUS_000w", "migrationStage":"NotStarted", "server":"GENERAL11000034"}}
{"logTime": "0605/035311", "correlationVector":"GQfGMXJgkJdZeCINTzzVXH.2","action":"Commit Response", "result":"Success", "context":Result: Success. cV=GQfGMXJgkJdZeCINTzzVXH.0;server=GENERAL11000034;cloudType=Consumer;environment=Prod_EastUS_000w;migrationStage=NotStarted}
{"logTime": "0605/035419", "correlationVector":"ecnO1PSyCSWz9jS9SDy/fD","action":"Commit Request", "result":"", "context":Item count: 5
Contributing types: Sessions}
{"logTime": "0605/035419", "correlationVector":"ecnO1PSyCSWz9jS9SDy/fD.1","action":"SyncServerConnectionManagerRequest", "result":"SYNC_SERVER_OK", "context":{"environment":"Prod_EastUS_000w", "migrationStage":"NotStarted", "server":"GENERAL1100000L"}}
{"logTime": "0605/035419", "correlationVector":"ecnO1PSyCSWz9jS9SDy/fD.2","action":"Commit Response", "result":"Success", "context":Result: Success. cV=ecnO1PSyCSWz9jS9SDy/fD.0;server=GENERAL1100000L;cloudType=Consumer;environment=Prod_EastUS_000w;migrationStage=NotStarted}
{"logTime": "0605/035510", "correlationVector":"99eOSfTmbwRUgRtO6CZ0mO","action":"Commit Request", "result":"", "context":Item count: 4
Contributing types: Preferences, Sessions}
{"logTime": "0605/035511", "correlationVector":"99eOSfTmbwRUgRtO6CZ0mO.1","action":"SyncServerConnectionManagerRequest", "result":"SYNC_SERVER_OK", "context":{"environment":"Prod_EastUS_000w", "migrationStage":"NotStarted", "server":"GENERAL1100002N"}}
{"logTime": "0605/035511", "correlationVector":"99eOSfTmbwRUgRtO6CZ0mO.3","action":"Commit.Sessions", "result":"Success", "context":{"id":"ac619f88-85d4-4aa8-b80e-e23f29027365", "isDeleted":"true", "size":"0", "version":"1717559659224"}}
{"logTime": "0605/035511", "correlationVector":"99eOSfTmbwRUgRtO6CZ0mO.2","action":"Commit Response", "result":"Success", "context":Result: Success. cV=99eOSfTmbwRUgRtO6CZ0mO.0;server=GENERAL1100002N;cloudType=Consumer;environment=Prod_EastUS_000w;migrationStage=NotStarted}
{"logTime": "0605/035551", "correlationVector":"SMAC7LvZxR9wSidXJpFPLI","action":"Normal GetUpdate request", "result":"", "context":cV=SMAC7LvZxR9wSidXJpFPLI
Nudged types: Sessions
Refresh requested types: Bookmarks, Preferences, Passwords, Autofill Profiles, Autofill, Typed URLs, Extensions, Sessions, Extension settings, History Delete Directives, Device Info, User Consents, Send Tab To Self, Web Apps, Collection, Edge E Drop, Edge Hub App Usage, Edge Tab Group, Edge Wallet, Encryption Keys}
{"logTime": "0605/035551", "correlationVector":"SMAC7LvZxR9wSidXJpFPLI.1","action":"SyncServerConnectionManagerRequest", "result":"SYNC_SERVER_OK", "context":{"environment":"Prod_EastUS_000w", "migrationStage":"NotStarted", "server":"GENERAL11000001"}}
{"logTime": "0605/035551", "correlationVector":"SMAC7LvZxR9wSidXJpFPLI.2","action":"GetUpdates", "result":"DeleteReceived", "context":{"id":"cfe84427-d42e-4e84-9a5f-181d7de9ab58", "isDeleted:":"true", "version":"1717559451879"}}
{"logTime": "0605/035551", "correlationVector":"SMAC7LvZxR9wSidXJpFPLI.3","action":"GetUpdates", "result":"DeleteReceived", "context":{"id":"f0892372-0352-4d7f-ad6d-bd234e97b1e5", "isDeleted:":"true", "version":"1717559451880"}}
{"logTime": "0605/035551", "correlationVector":"SMAC7LvZxR9wSidXJpFPLI.4","action":"GetUpdates", "result":"DeleteReceived", "context":{"id":"9e8ec8d2-7f67-4818-9504-e9b204f69006", "isDeleted:":"true", "version":"1717559451881"}}
{"logTime": "0605/035551", "correlationVector":"SMAC7LvZxR9wSidXJpFPLI.5","action":"GetUpdates", "result":"DeleteReceived", "context":{"id":"ac619f88-85d4-4aa8-b80e-e23f29027365", "isDeleted:":"true", "version":"1717559711051"}}
{"logTime": "0605/035551", "correlationVector":"SMAC7LvZxR9wSidXJpFPLI.6","action":"GetUpdates Response", "result":"Success", "context":Received 9 update(s). cV=SMAC7LvZxR9wSidXJpFPLI.0;server=GENERAL11000001;cloudType=Consumer;environment=Prod_EastUS_000w;migrationStage=NotStarted}
{"logTime": "0605/035551", "correlationVector":"ZHFfEsfCn8FGoMZyTf8GNe","action":"Commit Request", "result":"", "context":Item count: 3
Contributing types: Sessions}
{"logTime": "0605/035552", "correlationVector":"ZHFfEsfCn8FGoMZyTf8GNe.1","action":"SyncServerConnectionManagerRequest", "result":"SYNC_SERVER_OK", "context":{"environment":"Prod_EastUS_000w", "migrationStage":"NotStarted", "server":"GENERAL1100001P"}}
{"logTime": "0605/035552", "correlationVector":"ZHFfEsfCn8FGoMZyTf8GNe.2","action":"Commit Response", "result":"Success", "context":Result: Success. cV=ZHFfEsfCn8FGoMZyTf8GNe.0;server=GENERAL1100001P;cloudType=Consumer;environment=Prod_EastUS_000w;migrationStage=NotStarted}
{"logTime": "0605/035712", "correlationVector":"Ymwm+LjeYQSynJlqUf0u3S","action":"Commit Request", "result":"", "context":Item count: 1
Contributing types: Sessions}
{"logTime": "0605/035712", "correlationVector":"Ymwm+LjeYQSynJlqUf0u3S.1","action":"SyncServerConnectionManagerRequest", "result":"SYNC_SERVER_OK", "context":{"environment":"Prod_EastUS_000w", "migrationStage":"NotStarted", "server":"GENERAL11000005"}}
{"logTime": "0605/035712", "correlationVector":"Ymwm+LjeYQSynJlqUf0u3S.2","action":"Commit Response", "result":"Success", "context":Result: Success. cV=Ymwm+LjeYQSynJlqUf0u3S.0;server=GENERAL11000005;cloudType=Consumer;environment=Prod_EastUS_000w;migrationStage=NotStarted}
{"logTime": "0605/035801", "correlationVector":"4pPwu87qClvE9/DwV0Zh7q","action":"Commit Request", "result":"", "context":Item count: 3
Contributing types: Sessions}
{"logTime": "0605/035801", "correlationVector":"4pPwu87qClvE9/DwV0Zh7q.1","action":"SyncServerConnectionManagerRequest", "result":"SYNC_SERVER_OK", "context":{"environment":"Prod_EastUS_000w", "migrationStage":"NotStarted", "server":"GENERAL1100003E"}}
{"logTime": "0605/035801", "correlationVector":"4pPwu87qClvE9/DwV0Zh7q.2","action":"Commit Response", "result":"Success", "context":Result: Success. cV=4pPwu87qClvE9/DwV0Zh7q.0;server=GENERAL1100003E;cloudType=Consumer;environment=Prod_EastUS_000w;migrationStage=NotStarted}
{"logTime": "0605/035833", "correlationVector":"qI8ijcwMhB9ZNs2myhrn29","action":"Commit Request", "result":"", "context":Item count: 4
Contributing types: Sessions}
{"logTime": "0605/035833", "correlationVector":"qI8ijcwMhB9ZNs2myhrn29.1","action":"SyncServerConnectionManagerRequest", "result":"SYNC_SERVER_OK", "context":{"environment":"Prod_EastUS_000w", "migrationStage":"NotStarted", "server":"GENERAL1100002R"}}
{"logTime": "0605/035833", "correlationVector":"qI8ijcwMhB9ZNs2myhrn29.2","action":"Commit Response", "result":"Success", "context":Result: Success. cV=qI8ijcwMhB9ZNs2myhrn29.0;server=GENERAL1100002R;cloudType=Consumer;environment=Prod_EastUS_000w;migrationStage=NotStarted}
{"logTime": "0605/035930", "correlationVector":"zaSroGNMoJSbw4JIFoIse8","action":"Commit Request", "result":"", "context":Item count: 2
Contributing types: Sessions}
{"logTime": "0605/035930", "correlationVector":"zaSroGNMoJSbw4JIFoIse8.1","action":"SyncServerConnectionManagerRequest", "result":"SYNC_SERVER_OK", "context":{"environment":"Prod_EastUS_000w", "migrationStage":"NotStarted", "server":"GENERAL1100001W"}}
{"logTime": "0605/035930", "correlationVector":"zaSroGNMoJSbw4JIFoIse8.2","action":"Commit Response", "result":"Success", "context":Result: Success. cV=zaSroGNMoJSbw4JIFoIse8.0;server=GENERAL1100001W;cloudType=Consumer;environment=Prod_EastUS_000w;migrationStage=NotStarted}
{"logTime": "0605/042407", "correlationVector":"xj5LyMJzSzw3DYRnZb04KK","action":"Normal GetUpdate request", "result":"", "context":cV=xj5LyMJzSzw3DYRnZb04KK
Nudged types: Preferences, Sessions
Refresh requested types: Bookmarks, Preferences, Passwords, Autofill Profiles, Autofill, Typed URLs, Extensions, Sessions, Extension settings, History Delete Directives, Device Info, User Consents, Send Tab To Self, Web Apps, Collection, Edge E Drop, Edge Hub App Usage, Edge Tab Group, Edge Wallet, Encryption Keys}
{"logTime": "0605/042407", "correlationVector":"xj5LyMJzSzw3DYRnZb04KK.1","action":"SyncServerConnectionManagerRequest", "result":"SYNC_SERVER_OK", "context":{"environment":"Prod_EastUS_000w", "migrationStage":"NotStarted", "server":"GENERAL1100002H"}}
{"logTime": "0605/042407", "correlationVector":"xj5LyMJzSzw3DYRnZb04KK.2","action":"GetUpdates Response", "result":"Success", "context":Received 7 update(s). cV=xj5LyMJzSzw3DYRnZb04KK.0;server=GENERAL1100002H;cloudType=Consumer;environment=Prod_EastUS_000w;migrationStage=NotStarted}
{"logTime": "0605/042407", "correlationVector":"IMhFE4npR2Lpiqy49GLSqO","action":"Commit Request", "result":"", "context":Item count: 9
Contributing types: Preferences, Sessions}
{"logTime": "0605/042407", "correlationVector":"IMhFE4npR2Lpiqy49GLSqO.1","action":"SyncServerConnectionManagerRequest", "result":"SYNC_SERVER_OK", "context":{"environment":"Prod_EastUS_000w", "migrationStage":"NotStarted", "server":"GENERAL1100001B"}}
{"logTime": "0605/042407", "correlationVector":"IMhFE4npR2Lpiqy49GLSqO.3","action":"Commit.Sessions", "result":"Success", "context":{"id":"9163ee1a-442b-4d8b-a171-d50206b5aad5", "isDeleted":"true", "size":"0", "version":"1717559913767"}}
{"logTime": "0605/042407", "correlationVector":"IMhFE4npR2Lpiqy49GLSqO.2","action":"Commit Response", "result":"Success", "context":Result: Success. cV=IMhFE4npR2Lpiqy49GLSqO.0;server=GENERAL1100001B;cloudType=Consumer;environment=Prod_EastUS_000w;migrationStage=NotStarted}
{"logTime": "0605/042407", "correlationVector":"IMhFE4npR2Lpiqy49GLSqO.4","action":"Commit.Sessions", "result":"Success", "context":{"id":"20d8dd82-8ea6-4237-be5c-e07fcf960ee3", "isDeleted":"true", "size":"0", "version":"1717559751946"}}
{"logTime": "0605/042407", "correlationVector":"IMhFE4npR2Lpiqy49GLSqO.5","action":"Commit.Sessions", "result":"Success", "context":{"id":"78acf0fd-98c5-4a44-b5c7-252877e0315d", "isDeleted":"true", "size":"0", "version":"1717559913768"}}
{"logTime": "0605/042407", "correlationVector":"IMhFE4npR2Lpiqy49GLSqO.6","action":"Commit.Sessions", "result":"Success", "context":{"id":"9e33f6fc-ef06-4c26-b99a-8526cb93251e", "isDeleted":"true", "size":"0", "version":"1717559711052"}}
{"logTime": "0605/042407", "correlationVector":"IMhFE4npR2Lpiqy49GLSqO.7","action":"Commit.Sessions", "result":"Success", "context":{"id":"7ce227cc-06be-48d3-8bfc-9e21785001ce", "isDeleted":"true", "size":"0", "version":"1717559832159"}}
{"logTime": "0605/042407", "correlationVector":"IMhFE4npR2Lpiqy49GLSqO.8","action":"Commit.Sessions", "result":"Success", "context":{"id":"a4dc531b-8665-4d87-9191-1b95a038618e", "isDeleted":"true", "size":"0", "version":"1717559970227"}}
{"logTime": "0605/042407", "correlationVector":"IMhFE4npR2Lpiqy49GLSqO.9","action":"Commit.Sessions", "result":"Success", "context":{"id":"6c92efd3-9ad5-4d3f-a844-4dfc6cd66f54", "isDeleted":"true", "size":"0", "version":"1717559751947"}}
{"logTime": "0605/042449", "correlationVector":"MsqGTk7INhxyMe9wPZ7M6s","action":"Commit Request", "result":"", "context":Item count: 3
Contributing types: Sessions}
{"logTime": "0605/042450", "correlationVector":"MsqGTk7INhxyMe9wPZ7M6s.1","action":"SyncServerConnectionManagerRequest", "result":"SYNC_SERVER_OK", "context":{"environment":"Prod_EastUS_000w", "migrationStage":"NotStarted", "server":"GENERAL1100002U"}}
{"logTime": "0605/042450", "correlationVector":"MsqGTk7INhxyMe9wPZ7M6s.2","action":"Commit Response", "result":"Success", "context":Result: Success. cV=MsqGTk7INhxyMe9wPZ7M6s.0;server=GENERAL1100002U;cloudType=Consumer;environment=Prod_EastUS_000w;migrationStage=NotStarted}
{"logTime": "0605/042559", "correlationVector":"srdaizT6TXt0wza7tAmX03","action":"Commit Request", "result":"", "context":Item count: 1
Contributing types: Sessions}
{"logTime": "0605/042559", "correlationVector":"srdaizT6TXt0wza7tAmX03.1","action":"SyncServerConnectionManagerRequest", "result":"SYNC_SERVER_OK", "context":{"environment":"Prod_EastUS_000w", "migrationStage":"NotStarted", "server":"GENERAL1100002X"}}
{"logTime": "0605/042559", "correlationVector":"srdaizT6TXt0wza7tAmX03.2","action":"Commit Response", "result":"Success", "context":Result: Success. cV=srdaizT6TXt0wza7tAmX03.0;server=GENERAL1100002X;cloudType=Consumer;environment=Prod_EastUS_000w;migrationStage=NotStarted}
{"logTime": "0605/042638", "correlationVector":"ou5wu00Sf5ZwWIzpfWPEsJ","action":"Normal GetUpdate request", "result":"", "context":cV=ou5wu00Sf5ZwWIzpfWPEsJ
Nudged types: Preferences, Sessions
Refresh requested types: Bookmarks, Preferences, Passwords, Autofill Profiles, Autofill, Typed URLs, Extensions, Sessions, Extension settings, History Delete Directives, Device Info, User Consents, Send Tab To Self, Web Apps, Collection, Edge E Drop, Edge Hub App Usage, Edge Tab Group, Edge Wallet, Encryption Keys}
{"logTime": "0605/042638", "correlationVector":"ou5wu00Sf5ZwWIzpfWPEsJ.1","action":"SyncServerConnectionManagerRequest", "result":"SYNC_SERVER_OK", "context":{"environment":"Prod_EastUS_000w", "migrationStage":"NotStarted", "server":"GENERAL1100002U"}}
{"logTime": "0605/042638", "correlationVector":"ou5wu00Sf5ZwWIzpfWPEsJ.2","action":"GetUpdates", "result":"DeleteReceived", "context":{"id":"9163ee1a-442b-4d8b-a171-d50206b5aad5", "isDeleted:":"true", "version":"1717561447583"}}
{"logTime": "0605/042638", "correlationVector":"ou5wu00Sf5ZwWIzpfWPEsJ.3","action":"GetUpdates", "result":"DeleteReceived", "context":{"id":"20d8dd82-8ea6-4237-be5c-e07fcf960ee3", "isDeleted:":"true", "version":"1717561447584"}}
{"logTime": "0605/042638", "correlationVector":"ou5wu00Sf5ZwWIzpfWPEsJ.4","action":"GetUpdates", "result":"DeleteReceived", "context":{"id":"78acf0fd-98c5-4a44-b5c7-252877e0315d", "isDeleted:":"true", "version":"1717561447585"}}
{"logTime": "0605/042638", "correlationVector":"ou5wu00Sf5ZwWIzpfWPEsJ.5","action":"GetUpdates", "result":"DeleteReceived", "context":{"id":"9e33f6fc-ef06-4c26-b99a-8526cb93251e", "isDeleted:":"true", "version":"1717561447586"}}
{"logTime": "0605/042638", "correlationVector":"ou5wu00Sf5ZwWIzpfWPEsJ.6","action":"GetUpdates", "result":"DeleteReceived", "context":{"id":"7ce227cc-06be-48d3-8bfc-9e21785001ce", "isDeleted:":"true", "version":"1717561447587"}}
{"logTime": "0605/042638", "correlationVector":"ou5wu00Sf5ZwWIzpfWPEsJ.7","action":"GetUpdates", "result":"DeleteReceived", "context":{"id":"a4dc531b-8665-4d87-9191-1b95a038618e", "isDeleted:":"true", "version":"1717561447588"}}
{"logTime": "0605/042638", "correlationVector":"ou5wu00Sf5ZwWIzpfWPEsJ.8","action":"GetUpdates", "result":"DeleteReceived", "context":{"id":"6c92efd3-9ad5-4d3f-a844-4dfc6cd66f54", "isDeleted:":"true", "version":"1717561447589"}}
{"logTime": "0605/042638", "correlationVector":"ou5wu00Sf5ZwWIzpfWPEsJ.9","action":"GetUpdates Response", "result":"Success", "context":Received 11 update(s). cV=ou5wu00Sf5ZwWIzpfWPEsJ.0;server=GENERAL1100002U;cloudType=Consumer;environment=Prod_EastUS_000w;migrationStage=NotStarted}
{"logTime": "0605/042638", "correlationVector":"MfWrv3RpTIO3Ms1EV9syy3","action":"Commit Request", "result":"", "context":Item count: 4
Contributing types: Preferences, Sessions}
{"logTime": "0605/042639", "correlationVector":"MfWrv3RpTIO3Ms1EV9syy3.1","action":"SyncServerConnectionManagerRequest", "result":"SYNC_SERVER_OK", "context":{"environment":"Prod_EastUS_000w", "migrationStage":"NotStarted", "server":"GENERAL1100002H"}}
{"logTime": "0605/042639", "correlationVector":"MfWrv3RpTIO3Ms1EV9syy3.2","action":"Commit Response", "result":"Success", "context":Result: Success. cV=MfWrv3RpTIO3Ms1EV9syy3.0;server=GENERAL1100002H;cloudType=Consumer;environment=Prod_EastUS_000w;migrationStage=NotStarted}
{"logTime": "0605/042639", "correlationVector":"MfWrv3RpTIO3Ms1EV9syy3.3","action":"Commit.Sessions", "result":"Success", "context":{"id":"a24a35fa-d082-4148-8788-cb2c35afa9d6", "isDeleted":"true", "size":"0", "version":"1717561559348"}}
{"logTime": "0605/042639", "correlationVector":"MfWrv3RpTIO3Ms1EV9syy3.4","action":"Commit.Sessions", "result":"Success", "context":{"id":"10c107e9-fe9b-4d9a-85b8-876bb98e0739", "isDeleted":"true", "size":"0", "version":"1717561489889"}}
{"logTime": "0605/043019", "correlationVector":"pfJVo/QeQkh1EPTRAOpJH+","action":"Normal GetUpdate request", "result":"", "context":cV=pfJVo/QeQkh1EPTRAOpJH+
Nudged types: Preferences
Refresh requested types: Bookmarks, Preferences, Passwords, Autofill Profiles, Autofill, Typed URLs, Extensions, Sessions, Extension settings, History Delete Directives, Device Info, User Consents, Send Tab To Self, Web Apps, Collection, Edge E Drop, Edge Hub App Usage, Edge Tab Group, Edge Wallet, Encryption Keys}
{"logTime": "0605/043020", "correlationVector":"pfJVo/QeQkh1EPTRAOpJH+.1","action":"SyncServerConnectionManagerRequest", "result":"SYNC_SERVER_OK", "context":{"environment":"Prod_EastUS_000w", "migrationStage":"NotStarted", "server":"GENERAL1100000W"}}
{"logTime": "0605/043020", "correlationVector":"pfJVo/QeQkh1EPTRAOpJH+.2","action":"GetUpdates", "result":"DeleteReceived", "context":{"id":"a24a35fa-d082-4148-8788-cb2c35afa9d6", "isDeleted:":"true", "version":"1717561599018"}}
{"logTime": "0605/043020", "correlationVector":"pfJVo/QeQkh1EPTRAOpJH+.3","action":"GetUpdates", "result":"DeleteReceived", "context":{"id":"10c107e9-fe9b-4d9a-85b8-876bb98e0739", "isDeleted:":"true", "version":"1717561599019"}}
{"logTime": "0605/043020", "correlationVector":"pfJVo/QeQkh1EPTRAOpJH+.4","action":"GetUpdates Response", "result":"Success", "context":Received 4 update(s). cV=pfJVo/QeQkh1EPTRAOpJH+.0;server=GENERAL1100000W;cloudType=Consumer;environment=Prod_EastUS_000w;migrationStage=NotStarted}
{"logTime": "0605/043020", "correlationVector":"PPot2Sceo5JCXsvXtDVwK4","action":"Commit Request", "result":"", "context":Item count: 1
Contributing types: Preferences}
{"logTime": "0605/043020", "correlationVector":"PPot2Sceo5JCXsvXtDVwK4.1","action":"SyncServerConnectionManagerRequest", "result":"SYNC_SERVER_OK", "context":{"environment":"Prod_EastUS_000w", "migrationStage":"NotStarted", "server":"GENERAL1100002U"}}
{"logTime": "0605/043020", "correlationVector":"PPot2Sceo5JCXsvXtDVwK4.2","action":"Commit Response", "result":"Success", "context":Result: Success. cV=PPot2Sceo5JCXsvXtDVwK4.0;server=GENERAL1100002U;cloudType=Consumer;environment=Prod_EastUS_000w;migrationStage=NotStarted}
{"logTime": "0605/043022", "correlationVector":"YQBLug3a0ksPxS15uKKoKZ","action":"Commit Request", "result":"", "context":Item count: 1
Contributing types: Preferences}
{"logTime": "0605/043022", "correlationVector":"YQBLug3a0ksPxS15uKKoKZ.1","action":"SyncServerConnectionManagerRequest", "result":"SYNC_SERVER_OK", "context":{"environment":"Prod_EastUS_000w", "migrationStage":"NotStarted", "server":"GENERAL1100002H"}}
{"logTime": "0605/043022", "correlationVector":"YQBLug3a0ksPxS15uKKoKZ.2","action":"Commit Response", "result":"Success", "context":Result: Success. cV=YQBLug3a0ksPxS15uKKoKZ.0;server=GENERAL1100002H;cloudType=Consumer;environment=Prod_EastUS_000w;migrationStage=NotStarted}
{"logTime": "0605/043059", "correlationVector":"Ic6gGfLPmeyVwIYIvm6ET4","action":"Commit Request", "result":"", "context":Item count: 5
Contributing types: Sessions}
{"logTime": "0605/043059", "correlationVector":"Ic6gGfLPmeyVwIYIvm6ET4.1","action":"SyncServerConnectionManagerRequest", "result":"SYNC_SERVER_OK", "context":{"environment":"Prod_EastUS_000w", "migrationStage":"NotStarted", "server":"GENERAL1100002W"}}
{"logTime": "0605/043059", "correlationVector":"Ic6gGfLPmeyVwIYIvm6ET4.2","action":"Commit Response", "result":"Success", "context":Result: Success. cV=Ic6gGfLPmeyVwIYIvm6ET4.0;server=GENERAL1100002W;cloudType=Consumer;environment=Prod_EastUS_000w;migrationStage=NotStarted}
{"logTime": "0605/043129", "correlationVector":"GGKZkJ3VQvQt8cMfReHCpr","action":"Commit Request", "result":"", "context":Item count: 4
Contributing types: Sessions}
{"logTime": "0605/043130", "correlationVector":"GGKZkJ3VQvQt8cMfReHCpr.1","action":"SyncServerConnectionManagerRequest", "result":"SYNC_SERVER_OK", "context":{"environment":"Prod_EastUS_000w", "migrationStage":"NotStarted", "server":"GENERAL1100002D"}}
{"logTime": "0605/043130", "correlationVector":"GGKZkJ3VQvQt8cMfReHCpr.3","action":"Commit.Sessions", "result":"Success", "context":{"id":"e5d44483-eb2e-492f-922f-58850c9d84cc", "isDeleted":"true", "size":"0", "version":"1717561859670"}}
{"logTime": "0605/043130", "correlationVector":"GGKZkJ3VQvQt8cMfReHCpr.2","action":"Commit Response", "result":"Success", "context":Result: Success. cV=GGKZkJ3VQvQt8cMfReHCpr.0;server=GENERAL1100002D;cloudType=Consumer;environment=Prod_EastUS_000w;migrationStage=NotStarted}
{"logTime": "0605/043208", "correlationVector":"moqQkacDRsteUs5THpdtbQ","action":"Commit Request", "result":"", "context":Item count: 3
Contributing types: Sessions}
{"logTime": "0605/043209", "correlationVector":"moqQkacDRsteUs5THpdtbQ.1","action":"SyncServerConnectionManagerRequest", "result":"SYNC_SERVER_OK", "context":{"environment":"Prod_EastUS_000w", "migrationStage":"NotStarted", "server":"GENERAL1100002B"}}
{"logTime": "0605/043209", "correlationVector":"moqQkacDRsteUs5THpdtbQ.2","action":"Commit Response", "result":"Success", "context":Result: Success. cV=moqQkacDRsteUs5THpdtbQ.0;server=GENERAL1100002B;cloudType=Consumer;environment=Prod_EastUS_000w;migrationStage=NotStarted}
{"logTime": "0605/043308", "correlationVector":"uSUb43EBhADKcOMHEABOUG","action":"Commit Request", "result":"", "context":Item count: 4
Contributing types: Sessions}
{"logTime": "0605/043308", "correlationVector":"uSUb43EBhADKcOMHEABOUG.1","action":"SyncServerConnectionManagerRequest", "result":"SYNC_SERVER_OK", "context":{"environment":"Prod_EastUS_000w", "migrationStage":"NotStarted", "server":"GENERAL01000012"}}
{"logTime": "0605/043308", "correlationVector":"uSUb43EBhADKcOMHEABOUG.2","action":"Commit Response", "result":"Success", "context":Result: Success. cV=uSUb43EBhADKcOMHEABOUG.0;server=GENERAL01000012;cloudType=Consumer;environment=Prod_EastUS_000w;migrationStage=NotStarted}
{"logTime": "0605/043339", "correlationVector":"obgOLCeUyfVh/Rc/GZlGua","action":"Commit Request", "result":"", "context":Item count: 4
Contributing types: Sessions}
{"logTime": "0605/043339", "correlationVector":"obgOLCeUyfVh/Rc/GZlGua.1","action":"SyncServerConnectionManagerRequest", "result":"SYNC_SERVER_OK", "context":{"environment":"Prod_EastUS_000w", "migrationStage":"NotStarted", "server":"GENERAL1100002S"}}
{"logTime": "0605/043339", "correlationVector":"obgOLCeUyfVh/Rc/GZlGua.3","action":"Commit.Sessions", "result":"Success", "context":{"id":"f42ae037-5193-416d-acf2-a7615719ab95", "isDeleted":"true", "size":"0", "version":"1717561988690"}}
{"logTime": "0605/043339", "correlationVector":"obgOLCeUyfVh/Rc/GZlGua.2","action":"Commit Response", "result":"Success", "context":Result: Success. cV=obgOLCeUyfVh/Rc/GZlGua.0;server=GENERAL1100002S;cloudType=Consumer;environment=Prod_EastUS_000w;migrationStage=NotStarted}
{"logTime": "0605/043410", "correlationVector":"1LJvW18AYelOGPP7vuwUtF","action":"Commit Request", "result":"", "context":Item count: 4
Contributing types: Sessions}
{"logTime": "0605/043410", "correlationVector":"1LJvW18AYelOGPP7vuwUtF.1","action":"SyncServerConnectionManagerRequest", "result":"SYNC_SERVER_OK", "context":{"environment":"Prod_EastUS_000w", "migrationStage":"NotStarted", "server":"GENERAL1100001J"}}
{"logTime": "0605/043410", "correlationVector":"1LJvW18AYelOGPP7vuwUtF.2","action":"Commit Response", "result":"Success", "context":Result: Success. cV=1LJvW18AYelOGPP7vuwUtF.0;server=GENERAL1100001J;cloudType=Consumer;environment=Prod_EastUS_000w;migrationStage=NotStarted}
{"logTime": "0605/043441", "correlationVector":"7iZ/hhOJ/Thn+qAONceKni","action":"Commit Request", "result":"", "context":Item count: 4
Contributing types: Sessions}
{"logTime": "0605/043441", "correlationVector":"7iZ/hhOJ/Thn+qAONceKni.1","action":"SyncServerConnectionManagerRequest", "result":"SYNC_SERVER_OK", "context":{"environment":"Prod_EastUS_000w", "migrationStage":"NotStarted", "server":"GENERAL01000012"}}
{"logTime": "0605/043441", "correlationVector":"7iZ/hhOJ/Thn+qAONceKni.2","action":"Commit Response", "result":"Success", "context":Result: Success. cV=7iZ/hhOJ/Thn+qAONceKni.0;server=GENERAL01000012;cloudType=Consumer;environment=Prod_EastUS_000w;migrationStage=NotStarted}
{"logTime": "0605/043520", "correlationVector":"3y5cuDH6okgPpwDSxfZuNT","action":"Normal GetUpdate request", "result":"", "context":cV=3y5cuDH6okgPpwDSxfZuNT
Refresh requested types: Bookmarks, Preferences, Passwords, Autofill Profiles, Autofill, Typed URLs, Extensions, Sessions, Extension settings, History Delete Directives, Device Info, User Consents, Send Tab To Self, Web Apps, Collection, Edge E Drop, Edge Hub App Usage, Edge Tab Group, Edge Wallet, Encryption Keys}
{"logTime": "0605/043520", "correlationVector":"3y5cuDH6okgPpwDSxfZuNT.1","action":"SyncServerConnectionManagerRequest", "result":"SYNC_SERVER_OK", "context":{"environment":"Prod_EastUS_000w", "migrationStage":"NotStarted", "server":"GENERAL1100002A"}}
{"logTime": "0605/043520", "correlationVector":"3y5cuDH6okgPpwDSxfZuNT.2","action":"GetUpdates", "result":"DeleteReceived", "context":{"id":"e5d44483-eb2e-492f-922f-58850c9d84cc", "isDeleted:":"true", "version":"1717561889942"}}
{"logTime": "0605/043520", "correlationVector":"3y5cuDH6okgPpwDSxfZuNT.3","action":"GetUpdates", "result":"DeleteReceived", "context":{"id":"f42ae037-5193-416d-acf2-a7615719ab95", "isDeleted:":"true", "version":"1717562019033"}}
{"logTime": "0605/043520", "correlationVector":"3y5cuDH6okgPpwDSxfZuNT.4","action":"GetUpdates Response", "result":"Success", "context":Received 7 update(s). cV=3y5cuDH6okgPpwDSxfZuNT.0;server=GENERAL1100002A;cloudType=Consumer;environment=Prod_EastUS_000w;migrationStage=NotStarted}
{"logTime": "0605/043939", "correlationVector":"OdNgubvu9+AnnSjrnR+1Wx","action":"Commit Request", "result":"", "context":Item count: 2
Contributing types: Preferences, Sessions}
{"logTime": "0605/043940", "correlationVector":"OdNgubvu9+AnnSjrnR+1Wx.1","action":"SyncServerConnectionManagerRequest", "result":"SYNC_SERVER_OK", "context":{"environment":"Prod_EastUS_000w", "migrationStage":"NotStarted", "server":"GENERAL1100000K"}}
{"logTime": "0605/043940", "correlationVector":"OdNgubvu9+AnnSjrnR+1Wx.3","action":"Commit.Sessions", "result":"Success", "context":{"id":"5e0d80b7-58e7-435c-97e8-4050b7e54b43", "isDeleted":"true", "size":"0", "version":"1717562081768"}}
{"logTime": "0605/043940", "correlationVector":"OdNgubvu9+AnnSjrnR+1Wx.2","action":"Commit Response", "result":"Success", "context":Result: Success. cV=OdNgubvu9+AnnSjrnR+1Wx.0;server=GENERAL1100000K;cloudType=Consumer;environment=Prod_EastUS_000w;migrationStage=NotStarted}
{"logTime": "0605/044017", "correlationVector":"jHsKr1GS6us4X+KzGUA12r","action":"Commit Request", "result":"", "context":Item count: 3
Contributing types: Sessions}
{"logTime": "0605/044017", "correlationVector":"jHsKr1GS6us4X+KzGUA12r.1","action":"SyncServerConnectionManagerRequest", "result":"SYNC_SERVER_OK", "context":{"environment":"Prod_EastUS_000w", "migrationStage":"NotStarted", "server":"GENERAL1100002A"}}
{"logTime": "0605/044017", "correlationVector":"jHsKr1GS6us4X+KzGUA12r.2","action":"Commit Response", "result":"Success", "context":Result: Success. cV=jHsKr1GS6us4X+KzGUA12r.0;server=GENERAL1100002A;cloudType=Consumer;environment=Prod_EastUS_000w;migrationStage=NotStarted}
{"logTime": "0605/044212", "correlationVector":"kqmbFNq/cdzXde0Van0484","action":"Commit Request", "result":"", "context":Item count: 1
Contributing types: Sessions}
{"logTime": "0605/044212", "correlationVector":"kqmbFNq/cdzXde0Van0484.1","action":"SyncServerConnectionManagerRequest", "result":"SYNC_SERVER_OK", "context":{"environment":"Prod_EastUS_000w", "migrationStage":"NotStarted", "server":"GENERAL1100002W"}}
{"logTime": "0605/044212", "correlationVector":"kqmbFNq/cdzXde0Van0484.2","action":"Commit Response", "result":"Success", "context":Result: Success. cV=kqmbFNq/cdzXde0Van0484.0;server=GENERAL1100002W;cloudType=Consumer;environment=Prod_EastUS_000w;migrationStage=NotStarted}
{"logTime": "0605/044313", "correlationVector":"kAcwFH3T4dKyh3f0UUjy+C","action":"Commit Request", "result":"", "context":Item count: 2
Contributing types: Sessions}
{"logTime": "0605/044313", "correlationVector":"kAcwFH3T4dKyh3f0UUjy+C.1","action":"SyncServerConnectionManagerRequest", "result":"SYNC_SERVER_OK", "context":{"environment":"Prod_EastUS_000w", "migrationStage":"NotStarted", "server":"GENERAL1100002A"}}
{"logTime": "0605/044313", "correlationVector":"kAcwFH3T4dKyh3f0UUjy+C.2","action":"Commit Response", "result":"Success", "context":Result: Success. cV=kAcwFH3T4dKyh3f0UUjy+C.0;server=GENERAL1100002A;cloudType=Consumer;environment=Prod_EastUS_000w;migrationStage=NotStarted}
{"logTime": "0605/044346", "correlationVector":"5PqMNm7Bfnf3hg8x8rSrlf","action":"Commit Request", "result":"", "context":Item count: 4
Contributing types: Sessions}
{"logTime": "0605/044346", "correlationVector":"5PqMNm7Bfnf3hg8x8rSrlf.1","action":"SyncServerConnectionManagerRequest", "result":"SYNC_SERVER_OK", "context":{"environment":"Prod_EastUS_000w", "migrationStage":"NotStarted", "server":"GENERAL11000033"}}
{"logTime": "0605/044346", "correlationVector":"5PqMNm7Bfnf3hg8x8rSrlf.2","action":"Commit Response", "result":"Success", "context":Result: Success. cV=5PqMNm7Bfnf3hg8x8rSrlf.0;server=GENERAL11000033;cloudType=Consumer;environment=Prod_EastUS_000w;migrationStage=NotStarted}
{"logTime": "0605/044417", "correlationVector":"Dg2dF/osZqCG6cTgCVJGzY","action":"Commit Request", "result":"", "context":Item count: 3
Contributing types: Sessions}
{"logTime": "0605/044417", "correlationVector":"Dg2dF/osZqCG6cTgCVJGzY.1","action":"SyncServerConnectionManagerRequest", "result":"SYNC_SERVER_OK", "context":{"environment":"Prod_EastUS_000w", "migrationStage":"NotStarted", "server":"GENERAL1100002J"}}
{"logTime": "0605/044417", "correlationVector":"Dg2dF/osZqCG6cTgCVJGzY.2","action":"Commit Response", "result":"Success", "context":Result: Success. cV=Dg2dF/osZqCG6cTgCVJGzY.0;server=GENERAL1100002J;cloudType=Consumer;environment=Prod_EastUS_000w;migrationStage=NotStarted}
{"logTime": "0605/044550", "correlationVector":"Vg3a9cikgngD4dGxWxkt9Y","action":"Commit Request", "result":"", "context":Item count: 5
Contributing types: Sessions}
{"logTime": "0605/044551", "correlationVector":"Vg3a9cikgngD4dGxWxkt9Y.1","action":"SyncServerConnectionManagerRequest", "result":"SYNC_SERVER_OK", "context":{"environment":"Prod_EastUS_000w", "migrationStage":"NotStarted", "server":"GENERAL1100001J"}}
{"logTime": "0605/044551", "correlationVector":"Vg3a9cikgngD4dGxWxkt9Y.2","action":"Commit Response", "result":"Success", "context":Result: Success. cV=Vg3a9cikgngD4dGxWxkt9Y.0;server=GENERAL1100001J;cloudType=Consumer;environment=Prod_EastUS_000w;migrationStage=NotStarted}
{"logTime": "0605/044910", "correlationVector":"gp9qQx9rUfAC5oanRr3zJf","action":"Commit Request", "result":"", "context":Item count: 4
Contributing types: Sessions}
{"logTime": "0605/044911", "correlationVector":"gp9qQx9rUfAC5oanRr3zJf.1","action":"SyncServerConnectionManagerRequest", "result":"SYNC_SERVER_OK", "context":{"environment":"Prod_EastUS_000w", "migrationStage":"NotStarted", "server":"GENERAL11000022"}}
{"logTime": "0605/044911", "correlationVector":"gp9qQx9rUfAC5oanRr3zJf.3","action":"Commit.Sessions", "result":"Success", "context":{"id":"30d0ae84-36ed-443f-b976-14f185765202", "isDeleted":"true", "size":"0", "version":"1717562750803"}}
{"logTime": "0605/044911", "correlationVector":"gp9qQx9rUfAC5oanRr3zJf.2","action":"Commit Response", "result":"Success", "context":Result: Success. cV=gp9qQx9rUfAC5oanRr3zJf.0;server=GENERAL11000022;cloudType=Consumer;environment=Prod_EastUS_000w;migrationStage=NotStarted}
{"logTime": "0605/045154", "correlationVector":"UtfkzzuAPaY/caV5xp3qxz","action":"Commit Request", "result":"", "context":Item count: 4
Contributing types: Sessions}
{"logTime": "0605/045154", "correlationVector":"UtfkzzuAPaY/caV5xp3qxz.1","action":"SyncServerConnectionManagerRequest", "result":"SYNC_SERVER_OK", "context":{"environment":"Prod_EastUS_000w", "migrationStage":"NotStarted", "server":"GENERAL1100003E"}}
{"logTime": "0605/045154", "correlationVector":"UtfkzzuAPaY/caV5xp3qxz.2","action":"Commit Response", "result":"Success", "context":Result: Success. cV=UtfkzzuAPaY/caV5xp3qxz.0;server=GENERAL1100003E;cloudType=Consumer;environment=Prod_EastUS_000w;migrationStage=NotStarted}
{"logTime": "0605/045233", "correlationVector":"AJkN+kGBF2wb05OYBQcVO5","action":"Commit Request", "result":"", "context":Item count: 5
Contributing types: Sessions}
{"logTime": "0605/045233", "correlationVector":"AJkN+kGBF2wb05OYBQcVO5.1","action":"SyncServerConnectionManagerRequest", "result":"SYNC_SERVER_OK", "context":{"environment":"Prod_EastUS_000w", "migrationStage":"NotStarted", "server":"GENERAL1100002U"}}
{"logTime": "0605/045233", "correlationVector":"AJkN+kGBF2wb05OYBQcVO5.2","action":"Commit Response", "result":"Success", "context":Result: Success. cV=AJkN+kGBF2wb05OYBQcVO5.0;server=GENERAL1100002U;cloudType=Consumer;environment=Prod_EastUS_000w;migrationStage=NotStarted}
{"logTime": "0605/045312", "correlationVector":"T31wIhtUKgfkT8ajvvaUWk","action":"Commit Request", "result":"", "context":Item count: 6
Contributing types: Sessions}
{"logTime": "0605/045313", "correlationVector":"T31wIhtUKgfkT8ajvvaUWk.1","action":"SyncServerConnectionManagerRequest", "result":"SYNC_SERVER_OK", "context":{"environment":"Prod_EastUS_000w", "migrationStage":"NotStarted", "server":"GENERAL1100002J"}}
{"logTime": "0605/045313", "correlationVector":"T31wIhtUKgfkT8ajvvaUWk.2","action":"Commit Response", "result":"Success", "context":Result: Success. cV=T31wIhtUKgfkT8ajvvaUWk.0;server=GENERAL1100002J;cloudType=Consumer;environment=Prod_EastUS_000w;migrationStage=NotStarted}
{"logTime": "0605/045637", "correlationVector":"arN8vudJ28zJ7siX0X9eHu","action":"Commit Request", "result":"", "context":Item count: 4
Contributing types: Preferences, Sessions}
{"logTime": "0605/045637", "correlationVector":"arN8vudJ28zJ7siX0X9eHu.1","action":"SyncServerConnectionManagerRequest", "result":"SYNC_SERVER_OK", "context":{"environment":"Prod_EastUS_000w", "migrationStage":"NotStarted", "server":"GENERAL1100001D"}}
{"logTime": "0605/045637", "correlationVector":"arN8vudJ28zJ7siX0X9eHu.3","action":"Commit.Sessions", "result":"Success", "context":{"id":"99084365-f483-401a-ac7b-6c2d1be17831", "isDeleted":"true", "size":"0", "version":"1717563192935"}}
{"logTime": "0605/045637", "correlationVector":"arN8vudJ28zJ7siX0X9eHu.4","action":"Commit.Sessions", "result":"Success", "context":{"id":"1a362a23-65ee-4c81-b029-0200d9fb2ae5", "isDeleted":"true", "size":"0", "version":"1717563192938"}}
{"logTime": "0605/045637", "correlationVector":"arN8vudJ28zJ7siX0X9eHu.2","action":"Commit Response", "result":"Success", "context":Result: Success. cV=arN8vudJ28zJ7siX0X9eHu.0;server=GENERAL1100001D;cloudType=Consumer;environment=Prod_EastUS_000w;migrationStage=NotStarted}
{"logTime": "0605/045637", "correlationVector":"arN8vudJ28zJ7siX0X9eHu.5","action":"Commit.Sessions", "result":"Success", "context":{"id":"e213dcce-f0d0-4b20-9465-50fe3b097d8f", "isDeleted":"true", "size":"0", "version":"1717563192939"}}
{"logTime": "0605/045701", "correlationVector":"ouuJpRyuezQGAfmKJydiCQ","action":"Commit Request", "result":"", "context":Item count: 3
Contributing types: Preferences, Typed URLs, Sessions}
{"logTime": "0605/045702", "correlationVector":"ouuJpRyuezQGAfmKJydiCQ.1","action":"SyncServerConnectionManagerRequest", "result":"SYNC_SERVER_OK", "context":{"environment":"Prod_EastUS_000w", "migrationStage":"NotStarted", "server":"GENERAL1100003F"}}
{"logTime": "0605/045702", "correlationVector":"ouuJpRyuezQGAfmKJydiCQ.2","action":"Commit Response", "result":"Success", "context":Result: Success. cV=ouuJpRyuezQGAfmKJydiCQ.0;server=GENERAL1100003F;cloudType=Consumer;environment=Prod_EastUS_000w;migrationStage=NotStarted}
{"logTime": "0605/045802", "correlationVector":"Au7PxWngtTtmT34jX/PI5W","action":"Commit Request", "result":"", "context":Item count: 1
Contributing types: Sessions}
{"logTime": "0605/045802", "correlationVector":"Au7PxWngtTtmT34jX/PI5W.1","action":"SyncServerConnectionManagerRequest", "result":"SYNC_SERVER_OK", "context":{"environment":"Prod_EastUS_000w", "migrationStage":"NotStarted", "server":"GENERAL1100003E"}}
{"logTime": "0605/045802", "correlationVector":"Au7PxWngtTtmT34jX/PI5W.2","action":"Commit Response", "result":"Success", "context":Result: Success. cV=Au7PxWngtTtmT34jX/PI5W.0;server=GENERAL1100003E;cloudType=Consumer;environment=Prod_EastUS_000w;migrationStage=NotStarted}
{"logTime": "0605/052035", "correlationVector":"bIjYHpg3a4wh1o3nX1ajTT","action":"Normal GetUpdate request", "result":"", "context":cV=bIjYHpg3a4wh1o3nX1ajTT
Notified types: Device Info}
{"logTime": "0605/052036", "correlationVector":"bIjYHpg3a4wh1o3nX1ajTT.1","action":"SyncServerConnectionManagerRequest", "result":"SYNC_SERVER_OK", "context":{"environment":"Prod_EastUS_000w", "migrationStage":"NotStarted", "server":"GENERAL1100002H"}}
{"logTime": "0605/052036", "correlationVector":"bIjYHpg3a4wh1o3nX1ajTT.2","action":"GetUpdates", "result":"DeleteReceived", "context":{"id":"5e0d80b7-58e7-435c-97e8-4050b7e54b43", "isDeleted:":"true", "version":"1717562380221"}}
{"logTime": "0605/052036", "correlationVector":"bIjYHpg3a4wh1o3nX1ajTT.3","action":"GetUpdates", "result":"DeleteReceived", "context":{"id":"30d0ae84-36ed-443f-b976-14f185765202", "isDeleted:":"true", "version":"1717562950975"}}
{"logTime": "0605/052036", "correlationVector":"bIjYHpg3a4wh1o3nX1ajTT.4","action":"GetUpdates", "result":"DeleteReceived", "context":{"id":"99084365-f483-401a-ac7b-6c2d1be17831", "isDeleted:":"true", "version":"1717563397418"}}
{"logTime": "0605/052036", "correlationVector":"bIjYHpg3a4wh1o3nX1ajTT.5","action":"GetUpdates", "result":"DeleteReceived", "context":{"id":"1a362a23-65ee-4c81-b029-0200d9fb2ae5", "isDeleted:":"true", "version":"1717563397419"}}
{"logTime": "0605/052036", "correlationVector":"bIjYHpg3a4wh1o3nX1ajTT.6","action":"GetUpdates", "result":"DeleteReceived", "context":{"id":"e213dcce-f0d0-4b20-9465-50fe3b097d8f", "isDeleted:":"true", "version":"1717563397420"}}
{"logTime": "0605/052036", "correlationVector":"bIjYHpg3a4wh1o3nX1ajTT.7","action":"GetUpdates Response", "result":"Success", "context":Received 15 update(s). cV=bIjYHpg3a4wh1o3nX1ajTT.0;server=GENERAL1100002H;cloudType=Consumer;environment=Prod_EastUS_000w;migrationStage=NotStarted}
{"logTime": "0605/053734", "correlationVector":"junoKjOEOaEKjUG95Nj2E3","action":"Commit Request", "result":"", "context":Item count: 5
Contributing types: Sessions}
{"logTime": "0605/053734", "correlationVector":"junoKjOEOaEKjUG95Nj2E3.1","action":"SyncServerConnectionManagerRequest", "result":"SYNC_SERVER_OK", "context":{"environment":"Prod_EastUS_000w", "migrationStage":"NotStarted", "server":"GENERAL1100003B"}}
{"logTime": "0605/053734", "correlationVector":"junoKjOEOaEKjUG95Nj2E3.2","action":"Commit Response", "result":"Success", "context":Result: Success. cV=junoKjOEOaEKjUG95Nj2E3.0;server=GENERAL1100003B;cloudType=Consumer;environment=Prod_EastUS_000w;migrationStage=NotStarted}
{"logTime": "0605/053811", "correlationVector":"g0fHJU8BIP/Zi3lL8/TaWa","action":"Commit Request", "result":"", "context":Item count: 6
Contributing types: Sessions}
{"logTime": "0605/053811", "correlationVector":"g0fHJU8BIP/Zi3lL8/TaWa.1","action":"SyncServerConnectionManagerRequest", "result":"SYNC_SERVER_OK", "context":{"environment":"Prod_EastUS_000w", "migrationStage":"NotStarted", "server":"GENERAL11000006"}}
{"logTime": "0605/053811", "correlationVector":"g0fHJU8BIP/Zi3lL8/TaWa.2","action":"Commit Response", "result":"Success", "context":Result: Success. cV=g0fHJU8BIP/Zi3lL8/TaWa.0;server=GENERAL11000006;cloudType=Consumer;environment=Prod_EastUS_000w;migrationStage=NotStarted}
{"logTime": "0605/053811", "correlationVector":"g0fHJU8BIP/Zi3lL8/TaWa.3","action":"Commit.Sessions", "result":"Success", "context":{"id":"dd2cb5cb-2a52-4e04-9183-e0e3b8742323", "isDeleted":"true", "size":"0", "version":"1717565854427"}}
{"logTime": "0605/054016", "correlationVector":"rb+iepGtcdGwyT5v5k135f","action":"Commit Request", "result":"", "context":Item count: 3
Contributing types: Typed URLs, Sessions}
{"logTime": "0605/054016", "correlationVector":"rb+iepGtcdGwyT5v5k135f.1","action":"SyncServerConnectionManagerRequest", "result":"SYNC_SERVER_OK", "context":{"environment":"Prod_EastUS_000w", "migrationStage":"NotStarted", "server":"GENERAL1100002A"}}
{"logTime": "0605/054016", "correlationVector":"rb+iepGtcdGwyT5v5k135f.3","action":"Commit.Sessions", "result":"Success", "context":{"id":"66281674-5d8a-4b0a-bd63-7a9a433b2c4e", "isDeleted":"true", "size":"0", "version":"1717565891548"}}
{"logTime": "0605/054016", "correlationVector":"rb+iepGtcdGwyT5v5k135f.2","action":"Commit Response", "result":"Success", "context":Result: Success. cV=rb+iepGtcdGwyT5v5k135f.0;server=GENERAL1100002A;cloudType=Consumer;environment=Prod_EastUS_000w;migrationStage=NotStarted}
{"logTime": "0605/054031", "correlationVector":"7D11eyINWsGsLgBnKqtvg2","action":"Commit Request", "result":"", "context":Item count: 2
Contributing types: Preferences}
{"logTime": "0605/054031", "correlationVector":"7D11eyINWsGsLgBnKqtvg2.1","action":"SyncServerConnectionManagerRequest", "result":"SYNC_SERVER_OK", "context":{"environment":"Prod_EastUS_000w", "migrationStage":"NotStarted", "server":"GENERAL1100003A"}}
{"logTime": "0605/054031", "correlationVector":"7D11eyINWsGsLgBnKqtvg2.2","action":"Commit Response", "result":"Success", "context":Result: Success. cV=7D11eyINWsGsLgBnKqtvg2.0;server=GENERAL1100003A;cloudType=Consumer;environment=Prod_EastUS_000w;migrationStage=NotStarted}
{"logTime": "0605/054147", "correlationVector":"4abG34ntxRmzvQufWCLhM1","action":"Commit Request", "result":"", "context":Item count: 2
Contributing types: Sessions}
{"logTime": "0605/054147", "correlationVector":"4abG34ntxRmzvQufWCLhM1.1","action":"SyncServerConnectionManagerRequest", "result":"SYNC_SERVER_OK", "context":{"environment":"Prod_EastUS_000w", "migrationStage":"NotStarted", "server":"GENERAL11000001"}}
{"logTime": "0605/054147", "correlationVector":"4abG34ntxRmzvQufWCLhM1.2","action":"Commit Response", "result":"Success", "context":Result: Success. cV=4abG34ntxRmzvQufWCLhM1.0;server=GENERAL11000001;cloudType=Consumer;environment=Prod_EastUS_000w;migrationStage=NotStarted}
{"logTime": "0605/054158", "correlationVector":"EO5Bg9dpisvrNMUJH5GtwN","action":"Commit Request", "result":"", "context":Item count: 5
Contributing types: Passwords, Autofill, Typed URLs, Sessions}
{"logTime": "0605/054158", "correlationVector":"EO5Bg9dpisvrNMUJH5GtwN.1","action":"SyncServerConnectionManagerRequest", "result":"SYNC_SERVER_OK", "context":{"environment":"Prod_EastUS_000w", "migrationStage":"NotStarted", "server":"GENERAL1100003B"}}
{"logTime": "0605/054158", "correlationVector":"EO5Bg9dpisvrNMUJH5GtwN.2","action":"Commit Response", "result":"Success", "context":Result: Success. cV=EO5Bg9dpisvrNMUJH5GtwN.0;server=GENERAL1100003B;cloudType=Consumer;environment=Prod_EastUS_000w;migrationStage=NotStarted}
{"logTime": "0605/054200", "correlationVector":"1k6f733O28613/TCNv8QvW","action":"Normal GetUpdate request", "result":"", "context":cV=1k6f733O28613/TCNv8QvW
Notified types: Preferences, Passwords}
{"logTime": "0605/054200", "correlationVector":"1k6f733O28613/TCNv8QvW.1","action":"SyncServerConnectionManagerRequest", "result":"SYNC_SERVER_OK", "context":{"environment":"Prod_EastUS_000w", "migrationStage":"NotStarted", "server":"GENERAL11000022"}}
{"logTime": "0605/054200", "correlationVector":"1k6f733O28613/TCNv8QvW.2","action":"GetUpdates", "result":"DeleteReceived", "context":{"id":"dd2cb5cb-2a52-4e04-9183-e0e3b8742323", "isDeleted:":"true", "version":"1717565891546"}}
{"logTime": "0605/054200", "correlationVector":"1k6f733O28613/TCNv8QvW.3","action":"GetUpdates", "result":"DeleteReceived", "context":{"id":"66281674-5d8a-4b0a-bd63-7a9a433b2c4e", "isDeleted:":"true", "version":"1717566016614"}}
{"logTime": "0605/054200", "correlationVector":"1k6f733O28613/TCNv8QvW.4","action":"GetUpdates Response", "result":"Success", "context":Received 16 update(s). cV=1k6f733O28613/TCNv8QvW.0;server=GENERAL11000022;cloudType=Consumer;environment=Prod_EastUS_000w;migrationStage=NotStarted}
{"logTime": "0605/054234", "correlationVector":"fMHeFL7hCJL/aGNM7xD/Ho","action":"Commit Request", "result":"", "context":Item count: 1
Contributing types: Sessions}
{"logTime": "0605/054235", "correlationVector":"fMHeFL7hCJL/aGNM7xD/Ho.1","action":"SyncServerConnectionManagerRequest", "result":"SYNC_SERVER_OK", "context":{"environment":"Prod_EastUS_000w", "migrationStage":"NotStarted", "server":"GENERAL1100002F"}}
{"logTime": "0605/054235", "correlationVector":"fMHeFL7hCJL/aGNM7xD/Ho.2","action":"Commit Response", "result":"Success", "context":Result: Success. cV=fMHeFL7hCJL/aGNM7xD/Ho.0;server=GENERAL1100002F;cloudType=Consumer;environment=Prod_EastUS_000w;migrationStage=NotStarted}
{"logTime": "0605/054242", "correlationVector":"zqyQ6HGYWquH9knJ3s4tVE","action":"Commit Request", "result":"", "context":Item count: 3
Contributing types: Autofill, Sessions}
{"logTime": "0605/054242", "correlationVector":"zqyQ6HGYWquH9knJ3s4tVE.1","action":"SyncServerConnectionManagerRequest", "result":"SYNC_SERVER_OK", "context":{"environment":"Prod_EastUS_000w", "migrationStage":"NotStarted", "server":"GENERAL1100002J"}}
{"logTime": "0605/054242", "correlationVector":"zqyQ6HGYWquH9knJ3s4tVE.2","action":"Commit Response", "result":"Success", "context":Result: Success. cV=zqyQ6HGYWquH9knJ3s4tVE.0;server=GENERAL1100002J;cloudType=Consumer;environment=Prod_EastUS_000w;migrationStage=NotStarted}
{"logTime": "0605/054455", "correlationVector":"LEopGJjpm5SBtmAWuzK8Wf","action":"Commit Request", "result":"", "context":Item count: 2
Contributing types: Sessions}
{"logTime": "0605/054455", "correlationVector":"LEopGJjpm5SBtmAWuzK8Wf.1","action":"SyncServerConnectionManagerRequest", "result":"SYNC_SERVER_OK", "context":{"environment":"Prod_EastUS_000w", "migrationStage":"NotStarted", "server":"GENERAL1100003F"}}
{"logTime": "0605/054455", "correlationVector":"LEopGJjpm5SBtmAWuzK8Wf.2","action":"Commit Response", "result":"Success", "context":Result: Success. cV=LEopGJjpm5SBtmAWuzK8Wf.0;server=GENERAL1100003F;cloudType=Consumer;environment=Prod_EastUS_000w;migrationStage=NotStarted}
{"logTime": "0605/054827", "correlationVector":"pHjccs/vZze5J2Wlj3zHxa","action":"Commit Request", "result":"", "context":Item count: 3
Contributing types: Sessions}
{"logTime": "0605/054827", "correlationVector":"pHjccs/vZze5J2Wlj3zHxa.1","action":"SyncServerConnectionManagerRequest", "result":"SYNC_SERVER_OK", "context":{"environment":"Prod_EastUS_000w", "migrationStage":"NotStarted", "server":"GENERAL0100000H"}}
{"logTime": "0605/054827", "correlationVector":"pHjccs/vZze5J2Wlj3zHxa.2","action":"Commit Response", "result":"Success", "context":Result: Success. cV=pHjccs/vZze5J2Wlj3zHxa.0;server=GENERAL0100000H;cloudType=Consumer;environment=Prod_EastUS_000w;migrationStage=NotStarted}
{"logTime": "0605/055003", "correlationVector":"1HYoykT+ICHJf5ofYh4ToB","action":"Commit Request", "result":"", "context":Item count: 1
Contributing types: Sessions}
{"logTime": "0605/055003", "correlationVector":"1HYoykT+ICHJf5ofYh4ToB.1","action":"SyncServerConnectionManagerRequest", "result":"SYNC_SERVER_OK", "context":{"environment":"Prod_EastUS_000w", "migrationStage":"NotStarted", "server":"GENERAL1100003A"}}
{"logTime": "0605/055003", "correlationVector":"1HYoykT+ICHJf5ofYh4ToB.2","action":"Commit Response", "result":"Success", "context":Result: Success. cV=1HYoykT+ICHJf5ofYh4ToB.0;server=GENERAL1100003A;cloudType=Consumer;environment=Prod_EastUS_000w;migrationStage=NotStarted}
{"logTime": "0605/055640", "correlationVector":"ndTTLxJCXh4Xfd/IP3gNAr","action":"Commit Request", "result":"", "context":Item count: 3
Contributing types: Sessions}
{"logTime": "0605/055641", "correlationVector":"ndTTLxJCXh4Xfd/IP3gNAr.1","action":"SyncServerConnectionManagerRequest", "result":"SYNC_SERVER_OK", "context":{"environment":"Prod_EastUS_000w", "migrationStage":"NotStarted", "server":"GENERAL1100002W"}}
{"logTime": "0605/055641", "correlationVector":"ndTTLxJCXh4Xfd/IP3gNAr.2","action":"Commit Response", "result":"Success", "context":Result: Success. cV=ndTTLxJCXh4Xfd/IP3gNAr.0;server=GENERAL1100002W;cloudType=Consumer;environment=Prod_EastUS_000w;migrationStage=NotStarted}
{"logTime": "0605/055715", "correlationVector":"JIMZt0MRBRgP58gS1JYW4Z","action":"Commit Request", "result":"", "context":Item count: 4
Contributing types: Sessions}
{"logTime": "0605/055715", "correlationVector":"JIMZt0MRBRgP58gS1JYW4Z.1","action":"SyncServerConnectionManagerRequest", "result":"SYNC_SERVER_OK", "context":{"environment":"Prod_EastUS_000w", "migrationStage":"NotStarted", "server":"GENERAL1100000L"}}
{"logTime": "0605/055715", "correlationVector":"JIMZt0MRBRgP58gS1JYW4Z.2","action":"Commit Response", "result":"Success", "context":Result: Success. cV=JIMZt0MRBRgP58gS1JYW4Z.0;server=GENERAL1100000L;cloudType=Consumer;environment=Prod_EastUS_000w;migrationStage=NotStarted}
{"logTime": "0605/055803", "correlationVector":"rgxyqmp2ZIOIUDdZq3gwwb","action":"Commit Request", "result":"", "context":Item count: 1
Contributing types: Sessions}
{"logTime": "0605/055803", "correlationVector":"rgxyqmp2ZIOIUDdZq3gwwb.1","action":"SyncServerConnectionManagerRequest", "result":"SYNC_SERVER_OK", "context":{"environment":"Prod_EastUS_000w", "migrationStage":"NotStarted", "server":"GENERAL1100002N"}}
{"logTime": "0605/055803", "correlationVector":"rgxyqmp2ZIOIUDdZq3gwwb.2","action":"Commit Response", "result":"Success", "context":Result: Success. cV=rgxyqmp2ZIOIUDdZq3gwwb.0;server=GENERAL1100002N;cloudType=Consumer;environment=Prod_EastUS_000w;migrationStage=NotStarted}
{"logTime": "0605/055833", "correlationVector":"vuerYsEYHe1WfsCryBBG1G","action":"Commit Request", "result":"", "context":Item count: 1
Contributing types: Sessions}
{"logTime": "0605/055833", "correlationVector":"vuerYsEYHe1WfsCryBBG1G.1","action":"SyncServerConnectionManagerRequest", "result":"SYNC_SERVER_OK", "context":{"environment":"Prod_EastUS_000w", "migrationStage":"NotStarted", "server":"GENERAL1100000F"}}
{"logTime": "0605/055833", "correlationVector":"vuerYsEYHe1WfsCryBBG1G.2","action":"Commit Response", "result":"Success", "context":Result: Success. cV=vuerYsEYHe1WfsCryBBG1G.0;server=GENERAL1100000F;cloudType=Consumer;environment=Prod_EastUS_000w;migrationStage=NotStarted}
{"logTime": "0605/055904", "correlationVector":"WKSfOVJlcHBB00LsoOlBVt","action":"Commit Request", "result":"", "context":Item count: 1
Contributing types: Sessions}
{"logTime": "0605/055904", "correlationVector":"WKSfOVJlcHBB00LsoOlBVt.1","action":"SyncServerConnectionManagerRequest", "result":"SYNC_SERVER_OK", "context":{"environment":"Prod_EastUS_000w", "migrationStage":"NotStarted", "server":"GENERAL1100002S"}}
{"logTime": "0605/055904", "correlationVector":"WKSfOVJlcHBB00LsoOlBVt.2","action":"Commit Response", "result":"Success", "context":Result: Success. cV=WKSfOVJlcHBB00LsoOlBVt.0;server=GENERAL1100002S;cloudType=Consumer;environment=Prod_EastUS_000w;migrationStage=NotStarted}
{"logTime": "0605/055937", "correlationVector":"YACAFx6wXdQb7WNuXL38xl","action":"Commit Request", "result":"", "context":Item count: 1
Contributing types: Sessions}
{"logTime": "0605/055937", "correlationVector":"YACAFx6wXdQb7WNuXL38xl.1","action":"SyncServerConnectionManagerRequest", "result":"SYNC_SERVER_OK", "context":{"environment":"Prod_EastUS_000w", "migrationStage":"NotStarted", "server":"GENERAL1100002X"}}
{"logTime": "0605/055937", "correlationVector":"YACAFx6wXdQb7WNuXL38xl.2","action":"Commit Response", "result":"Success", "context":Result: Success. cV=YACAFx6wXdQb7WNuXL38xl.0;server=GENERAL1100002X;cloudType=Consumer;environment=Prod_EastUS_000w;migrationStage=NotStarted}
{"logTime": "0605/060013", "correlationVector":"MkMXschRNTwVVY9tdz1tUu","action":"Commit Request", "result":"", "context":Item count: 2
Contributing types: Autofill, Sessions}
{"logTime": "0605/060013", "correlationVector":"MkMXschRNTwVVY9tdz1tUu.1","action":"SyncServerConnectionManagerRequest", "result":"SYNC_SERVER_OK", "context":{"environment":"Prod_EastUS_000w", "migrationStage":"NotStarted", "server":"GENERAL1100001W"}}
{"logTime": "0605/060013", "correlationVector":"MkMXschRNTwVVY9tdz1tUu.2","action":"Commit Response", "result":"Success", "context":Result: Success. cV=MkMXschRNTwVVY9tdz1tUu.0;server=GENERAL1100001W;cloudType=Consumer;environment=Prod_EastUS_000w;migrationStage=NotStarted}
{"logTime": "0605/060227", "correlationVector":"1VtKOeztOh8Jhu7vTSUeo3","action":"Commit Request", "result":"", "context":Item count: 4
Contributing types: Sessions}
{"logTime": "0605/060227", "correlationVector":"1VtKOeztOh8Jhu7vTSUeo3.1","action":"SyncServerConnectionManagerRequest", "result":"SYNC_SERVER_OK", "context":{"environment":"Prod_EastUS_000w", "migrationStage":"NotStarted", "server":"GENERAL1100001J"}}
{"logTime": "0605/060227", "correlationVector":"1VtKOeztOh8Jhu7vTSUeo3.3","action":"Commit.Sessions", "result":"Success", "context":{"id":"8c74a1d0-91cd-4a1c-8f08-985ef53e92d4", "isDeleted":"true", "size":"0", "version":"1717567035747"}}
{"logTime": "0605/060227", "correlationVector":"1VtKOeztOh8Jhu7vTSUeo3.4","action":"Commit.Sessions", "result":"Success", "context":{"id":"7e605a1b-8f9d-4cb6-a56a-f10accb9dc50", "isDeleted":"true", "size":"0", "version":"1717567035749"}}
{"logTime": "0605/060227", "correlationVector":"1VtKOeztOh8Jhu7vTSUeo3.2","action":"Commit Response", "result":"Success", "context":Result: Success. cV=1VtKOeztOh8Jhu7vTSUeo3.0;server=GENERAL1100001J;cloudType=Consumer;environment=Prod_EastUS_000w;migrationStage=NotStarted}
{"logTime": "0605/060333", "correlationVector":"JERkmEles20Sa7lJlhKjKe","action":"Commit Request", "result":"", "context":Item count: 6
Contributing types: Passwords, Autofill, Typed URLs, Sessions}
{"logTime": "0605/060334", "correlationVector":"JERkmEles20Sa7lJlhKjKe.1","action":"SyncServerConnectionManagerRequest", "result":"SYNC_SERVER_OK", "context":{"environment":"Prod_EastUS_000w", "migrationStage":"NotStarted", "server":"GENERAL11000027"}}
{"logTime": "0605/060334", "correlationVector":"JERkmEles20Sa7lJlhKjKe.2","action":"Commit Response", "result":"Success", "context":Result: Success. cV=JERkmEles20Sa7lJlhKjKe.0;server=GENERAL11000027;cloudType=Consumer;environment=Prod_EastUS_000w;migrationStage=NotStarted}
{"logTime": "0605/060336", "correlationVector":"hmsruWQYORHO33wun6kcJb","action":"Normal GetUpdate request", "result":"", "context":cV=hmsruWQYORHO33wun6kcJb
Notified types: Preferences, Passwords}
{"logTime": "0605/060336", "correlationVector":"hmsruWQYORHO33wun6kcJb.1","action":"SyncServerConnectionManagerRequest", "result":"SYNC_SERVER_OK", "context":{"environment":"Prod_EastUS_000w", "migrationStage":"NotStarted", "server":"GENERAL1100002U"}}
{"logTime": "0605/060336", "correlationVector":"hmsruWQYORHO33wun6kcJb.2","action":"GetUpdates", "result":"DeleteReceived", "context":{"id":"8c74a1d0-91cd-4a1c-8f08-985ef53e92d4", "isDeleted:":"true", "version":"1717567347498"}}
{"logTime": "0605/060336", "correlationVector":"hmsruWQYORHO33wun6kcJb.3","action":"GetUpdates", "result":"DeleteReceived", "context":{"id":"7e605a1b-8f9d-4cb6-a56a-f10accb9dc50", "isDeleted:":"true", "version":"1717567347500"}}
{"logTime": "0605/060336", "correlationVector":"hmsruWQYORHO33wun6kcJb.4","action":"GetUpdates Response", "result":"Success", "context":Received 19 update(s). cV=hmsruWQYORHO33wun6kcJb.0;server=GENERAL1100002U;cloudType=Consumer;environment=Prod_EastUS_000w;migrationStage=NotStarted}
{"logTime": "0605/060417", "correlationVector":"AeMkQfZQQY0/XPxTAAlt9K","action":"Commit Request", "result":"", "context":Item count: 5
Contributing types: Passwords, Autofill, Typed URLs, Sessions}
{"logTime": "0605/060418", "correlationVector":"AeMkQfZQQY0/XPxTAAlt9K.1","action":"SyncServerConnectionManagerRequest", "result":"SYNC_SERVER_OK", "context":{"environment":"Prod_EastUS_000w", "migrationStage":"NotStarted", "server":"GENERAL1100002Q"}}
{"logTime": "0605/060418", "correlationVector":"AeMkQfZQQY0/XPxTAAlt9K.2","action":"Commit Response", "result":"Success", "context":Result: Success. cV=AeMkQfZQQY0/XPxTAAlt9K.0;server=GENERAL1100002Q;cloudType=Consumer;environment=Prod_EastUS_000w;migrationStage=NotStarted}
{"logTime": "0605/060421", "correlationVector":"ahr+AiZDNnV/Pv+lX3EzBm","action":"Normal GetUpdate request", "result":"", "context":cV=ahr+AiZDNnV/Pv+lX3EzBm
Nudged types: Sessions
Notified types: Preferences, Passwords}
{"logTime": "0605/060421", "correlationVector":"ahr+AiZDNnV/Pv+lX3EzBm.1","action":"SyncServerConnectionManagerRequest", "result":"SYNC_SERVER_OK", "context":{"environment":"Prod_EastUS_000w", "migrationStage":"NotStarted", "server":"GENERAL11000008"}}
{"logTime": "0605/060421", "correlationVector":"ahr+AiZDNnV/Pv+lX3EzBm.2","action":"GetUpdates Response", "result":"Success", "context":Received 6 update(s). cV=ahr+AiZDNnV/Pv+lX3EzBm.0;server=GENERAL11000008;cloudType=Consumer;environment=Prod_EastUS_000w;migrationStage=NotStarted}
{"logTime": "0605/060421", "correlationVector":"agTBKrJPJV8UJuqagDROFE","action":"Commit Request", "result":"", "context":Item count: 1
Contributing types: Sessions}
{"logTime": "0605/060421", "correlationVector":"agTBKrJPJV8UJuqagDROFE.1","action":"SyncServerConnectionManagerRequest", "result":"SYNC_SERVER_OK", "context":{"environment":"Prod_EastUS_000w", "migrationStage":"NotStarted", "server":"GENERAL1100001P"}}
{"logTime": "0605/060421", "correlationVector":"agTBKrJPJV8UJuqagDROFE.2","action":"Commit Response", "result":"Success", "context":Result: Success. cV=agTBKrJPJV8UJuqagDROFE.0;server=GENERAL1100001P;cloudType=Consumer;environment=Prod_EastUS_000w;migrationStage=NotStarted}
{"logTime": "0605/060451", "correlationVector":"Gy9BMx9y55q17LyNjP02i8","action":"Commit Request", "result":"", "context":Item count: 3
Contributing types: Sessions}
{"logTime": "0605/060452", "correlationVector":"Gy9BMx9y55q17LyNjP02i8.1","action":"SyncServerConnectionManagerRequest", "result":"SYNC_SERVER_OK", "context":{"environment":"Prod_EastUS_000w", "migrationStage":"NotStarted", "server":"GENERAL11000024"}}
{"logTime": "0605/060452", "correlationVector":"Gy9BMx9y55q17LyNjP02i8.2","action":"Commit Response", "result":"Success", "context":Result: Success. cV=Gy9BMx9y55q17LyNjP02i8.0;server=GENERAL11000024;cloudType=Consumer;environment=Prod_EastUS_000w;migrationStage=NotStarted}
{"logTime": "0605/060522", "correlationVector":"v0iM9GpRl9OTaqizlEPOvb","action":"Commit Request", "result":"", "context":Item count: 2
Contributing types: Typed URLs, Sessions}
{"logTime": "0605/060522", "correlationVector":"v0iM9GpRl9OTaqizlEPOvb.1","action":"SyncServerConnectionManagerRequest", "result":"SYNC_SERVER_OK", "context":{"environment":"Prod_EastUS_000w", "migrationStage":"NotStarted", "server":"GENERAL1100000S"}}
{"logTime": "0605/060522", "correlationVector":"v0iM9GpRl9OTaqizlEPOvb.2","action":"Commit Response", "result":"Success", "context":Result: Success. cV=v0iM9GpRl9OTaqizlEPOvb.0;server=GENERAL1100000S;cloudType=Consumer;environment=Prod_EastUS_000w;migrationStage=NotStarted}
{"logTime": "0605/060642", "correlationVector":"EFBj01rEC7turDfLqoZsbs","action":"Commit Request", "result":"", "context":Item count: 2
Contributing types: Typed URLs, Sessions}
{"logTime": "0605/060642", "correlationVector":"EFBj01rEC7turDfLqoZsbs.1","action":"SyncServerConnectionManagerRequest", "result":"SYNC_SERVER_OK", "context":{"environment":"Prod_EastUS_000w", "migrationStage":"NotStarted", "server":"GENERAL01000012"}}
{"logTime": "0605/060642", "correlationVector":"EFBj01rEC7turDfLqoZsbs.2","action":"Commit Response", "result":"Success", "context":Result: Success. cV=EFBj01rEC7turDfLqoZsbs.0;server=GENERAL01000012;cloudType=Consumer;environment=Prod_EastUS_000w;migrationStage=NotStarted}
{"logTime": "0605/060713", "correlationVector":"w3sJsd1ohmZlLRSKDeuvBZ","action":"Commit Request", "result":"", "context":Item count: 1
Contributing types: Sessions}
{"logTime": "0605/060713", "correlationVector":"w3sJsd1ohmZlLRSKDeuvBZ.1","action":"SyncServerConnectionManagerRequest", "result":"SYNC_SERVER_OK", "context":{"environment":"Prod_EastUS_000w", "migrationStage":"NotStarted", "server":"GENERAL1100002J"}}
{"logTime": "0605/060713", "correlationVector":"w3sJsd1ohmZlLRSKDeuvBZ.2","action":"Commit Response", "result":"Success", "context":Result: Success. cV=w3sJsd1ohmZlLRSKDeuvBZ.0;server=GENERAL1100002J;cloudType=Consumer;environment=Prod_EastUS_000w;migrationStage=NotStarted}
{"logTime": "0605/060743", "correlationVector":"u4C+57wr2wk7o/Jdb3Bt4s","action":"Commit Request", "result":"", "context":Item count: 1
Contributing types: Sessions}
{"logTime": "0605/060744", "correlationVector":"u4C+57wr2wk7o/Jdb3Bt4s.1","action":"SyncServerConnectionManagerRequest", "result":"SYNC_SERVER_OK", "context":{"environment":"Prod_EastUS_000w", "migrationStage":"NotStarted", "server":"GENERAL11000032"}}
{"logTime": "0605/060744", "correlationVector":"u4C+57wr2wk7o/Jdb3Bt4s.2","action":"Commit Response", "result":"Success", "context":Result: Success. cV=u4C+57wr2wk7o/Jdb3Bt4s.0;server=GENERAL11000032;cloudType=Consumer;environment=Prod_EastUS_000w;migrationStage=NotStarted}
{"logTime": "0605/060815", "correlationVector":"XiW7MlKAjdzVQO716QyZ57","action":"Commit Request", "result":"", "context":Item count: 1
Contributing types: Sessions}
{"logTime": "0605/060815", "correlationVector":"XiW7MlKAjdzVQO716QyZ57.1","action":"SyncServerConnectionManagerRequest", "result":"SYNC_SERVER_OK", "context":{"environment":"Prod_EastUS_000w", "migrationStage":"NotStarted", "server":"GENERAL11000034"}}
{"logTime": "0605/060815", "correlationVector":"XiW7MlKAjdzVQO716QyZ57.2","action":"Commit Response", "result":"Success", "context":Result: Success. cV=XiW7MlKAjdzVQO716QyZ57.0;server=GENERAL11000034;cloudType=Consumer;environment=Prod_EastUS_000w;migrationStage=NotStarted}
{"logTime": "0605/060845", "correlationVector":"n0y5n2gSmgCcK73ywJv4kn","action":"Commit Request", "result":"", "context":Item count: 1
Contributing types: Sessions}
{"logTime": "0605/060846", "correlationVector":"n0y5n2gSmgCcK73ywJv4kn.1","action":"SyncServerConnectionManagerRequest", "result":"SYNC_SERVER_OK", "context":{"environment":"Prod_EastUS_000w", "migrationStage":"NotStarted", "server":"GENERAL11000004"}}
{"logTime": "0605/060846", "correlationVector":"n0y5n2gSmgCcK73ywJv4kn.2","action":"Commit Response", "result":"Success", "context":Result: Success. cV=n0y5n2gSmgCcK73ywJv4kn.0;server=GENERAL11000004;cloudType=Consumer;environment=Prod_EastUS_000w;migrationStage=NotStarted}
{"logTime": "0605/060917", "correlationVector":"BwqGniuMnw3ZnEBj0iwis+","action":"Commit Request", "result":"", "context":Item count: 2
Contributing types: Sessions}
{"logTime": "0605/060917", "correlationVector":"BwqGniuMnw3ZnEBj0iwis+.1","action":"SyncServerConnectionManagerRequest", "result":"SYNC_SERVER_OK", "context":{"environment":"Prod_EastUS_000w", "migrationStage":"NotStarted", "server":"GENERAL01000012"}}
{"logTime": "0605/060917", "correlationVector":"BwqGniuMnw3ZnEBj0iwis+.2","action":"Commit Response", "result":"Success", "context":Result: Success. cV=BwqGniuMnw3ZnEBj0iwis+.0;server=GENERAL01000012;cloudType=Consumer;environment=Prod_EastUS_000w;migrationStage=NotStarted}
{"logTime": "0605/060947", "correlationVector":"i1pENJkaBvDWfgXMwK6/Dt","action":"Commit Request", "result":"", "context":Item count: 1
Contributing types: Sessions}
{"logTime": "0605/060947", "correlationVector":"i1pENJkaBvDWfgXMwK6/Dt.1","action":"SyncServerConnectionManagerRequest", "result":"SYNC_SERVER_OK", "context":{"environment":"Prod_EastUS_000w", "migrationStage":"NotStarted", "server":"GENERAL1100003E"}}
{"logTime": "0605/060947", "correlationVector":"i1pENJkaBvDWfgXMwK6/Dt.2","action":"Commit Response", "result":"Success", "context":Result: Success. cV=i1pENJkaBvDWfgXMwK6/Dt.0;server=GENERAL1100003E;cloudType=Consumer;environment=Prod_EastUS_000w;migrationStage=NotStarted}
{"logTime": "0605/061017", "correlationVector":"J5BCt3QcJi2CktBWCPkOxy","action":"Commit Request", "result":"", "context":Item count: 1
Contributing types: Sessions}
{"logTime": "0605/061017", "correlationVector":"J5BCt3QcJi2CktBWCPkOxy.1","action":"SyncServerConnectionManagerRequest", "result":"SYNC_SERVER_OK", "context":{"environment":"Prod_EastUS_000w", "migrationStage":"NotStarted", "server":"GENERAL1100002R"}}
{"logTime": "0605/061017", "correlationVector":"J5BCt3QcJi2CktBWCPkOxy.2","action":"Commit Response", "result":"Success", "context":Result: Success. cV=J5BCt3QcJi2CktBWCPkOxy.0;server=GENERAL1100002R;cloudType=Consumer;environment=Prod_EastUS_000w;migrationStage=NotStarted}
{"logTime": "0605/061048", "correlationVector":"Zvh1OhtwYmt6rg0T1Vw0sq","action":"Commit Request", "result":"", "context":Item count: 1
Contributing types: Sessions}
{"logTime": "0605/061048", "correlationVector":"Zvh1OhtwYmt6rg0T1Vw0sq.1","action":"SyncServerConnectionManagerRequest", "result":"SYNC_SERVER_OK", "context":{"environment":"Prod_EastUS_000w", "migrationStage":"NotStarted", "server":"GENERAL1100002N"}}
{"logTime": "0605/061048", "correlationVector":"Zvh1OhtwYmt6rg0T1Vw0sq.2","action":"Commit Response", "result":"Success", "context":Result: Success. cV=Zvh1OhtwYmt6rg0T1Vw0sq.0;server=GENERAL1100002N;cloudType=Consumer;environment=Prod_EastUS_000w;migrationStage=NotStarted}
{"logTime": "0605/061118", "correlationVector":"IEvojcnQ1mFxdZUbPZRZHn","action":"Commit Request", "result":"", "context":Item count: 1
Contributing types: Sessions}
{"logTime": "0605/061118", "correlationVector":"IEvojcnQ1mFxdZUbPZRZHn.1","action":"SyncServerConnectionManagerRequest", "result":"SYNC_SERVER_OK", "context":{"environment":"Prod_EastUS_000w", "migrationStage":"NotStarted", "server":"GENERAL11000016"}}
{"logTime": "0605/061118", "correlationVector":"IEvojcnQ1mFxdZUbPZRZHn.2","action":"Commit Response", "result":"Success", "context":Result: Success. cV=IEvojcnQ1mFxdZUbPZRZHn.0;server=GENERAL11000016;cloudType=Consumer;environment=Prod_EastUS_000w;migrationStage=NotStarted}
{"logTime": "0605/061150", "correlationVector":"o3dBsMS/UPy18ACujZLuIe","action":"Commit Request", "result":"", "context":Item count: 1
Contributing types: Sessions}
{"logTime": "0605/061150", "correlationVector":"o3dBsMS/UPy18ACujZLuIe.1","action":"SyncServerConnectionManagerRequest", "result":"SYNC_SERVER_OK", "context":{"environment":"Prod_EastUS_000w", "migrationStage":"NotStarted", "server":"GENERAL1100002J"}}
{"logTime": "0605/061150", "correlationVector":"o3dBsMS/UPy18ACujZLuIe.2","action":"Commit Response", "result":"Success", "context":Result: Success. cV=o3dBsMS/UPy18ACujZLuIe.0;server=GENERAL1100002J;cloudType=Consumer;environment=Prod_EastUS_000w;migrationStage=NotStarted}
{"logTime": "0605/061220", "correlationVector":"XRW3/Ep0xYmfc5yDP6nEvQ","action":"Commit Request", "result":"", "context":Item count: 1
Contributing types: Sessions}
{"logTime": "0605/061220", "correlationVector":"XRW3/Ep0xYmfc5yDP6nEvQ.1","action":"SyncServerConnectionManagerRequest", "result":"SYNC_SERVER_OK", "context":{"environment":"Prod_EastUS_000w", "migrationStage":"NotStarted", "server":"GENERAL1100002N"}}
{"logTime": "0605/061220", "correlationVector":"XRW3/Ep0xYmfc5yDP6nEvQ.2","action":"Commit Response", "result":"Success", "context":Result: Success. cV=XRW3/Ep0xYmfc5yDP6nEvQ.0;server=GENERAL1100002N;cloudType=Consumer;environment=Prod_EastUS_000w;migrationStage=NotStarted}
{"logTime": "0605/061252", "correlationVector":"S/PTElDvLVxxT2PrABAWmU","action":"Commit Request", "result":"", "context":Item count: 1
Contributing types: Sessions}
{"logTime": "0605/061252", "correlationVector":"S/PTElDvLVxxT2PrABAWmU.1","action":"SyncServerConnectionManagerRequest", "result":"SYNC_SERVER_OK", "context":{"environment":"Prod_EastUS_000w", "migrationStage":"NotStarted", "server":"GENERAL1100001D"}}
{"logTime": "0605/061252", "correlationVector":"S/PTElDvLVxxT2PrABAWmU.2","action":"Commit Response", "result":"Success", "context":Result: Success. cV=S/PTElDvLVxxT2PrABAWmU.0;server=GENERAL1100001D;cloudType=Consumer;environment=Prod_EastUS_000w;migrationStage=NotStarted}
{"logTime": "0605/061322", "correlationVector":"8NJvOLBrSlSqSs1+45RyZp","action":"Commit Request", "result":"", "context":Item count: 1
Contributing types: Sessions}
{"logTime": "0605/061322", "correlationVector":"8NJvOLBrSlSqSs1+45RyZp.1","action":"SyncServerConnectionManagerRequest", "result":"SYNC_SERVER_OK", "context":{"environment":"Prod_EastUS_000w", "migrationStage":"NotStarted", "server":"GENERAL1100002A"}}
{"logTime": "0605/061322", "correlationVector":"8NJvOLBrSlSqSs1+45RyZp.2","action":"Commit Response", "result":"Success", "context":Result: Success. cV=8NJvOLBrSlSqSs1+45RyZp.0;server=GENERAL1100002A;cloudType=Consumer;environment=Prod_EastUS_000w;migrationStage=NotStarted}
{"logTime": "0605/061352", "correlationVector":"hNY7F5+9HcgXlLuZk/jTNQ","action":"Commit Request", "result":"", "context":Item count: 1
Contributing types: Sessions}
{"logTime": "0605/061352", "correlationVector":"hNY7F5+9HcgXlLuZk/jTNQ.1","action":"SyncServerConnectionManagerRequest", "result":"SYNC_SERVER_OK", "context":{"environment":"Prod_EastUS_000w", "migrationStage":"NotStarted", "server":"GENERAL1100002S"}}
{"logTime": "0605/061352", "correlationVector":"hNY7F5+9HcgXlLuZk/jTNQ.2","action":"Commit Response", "result":"Success", "context":Result: Success. cV=hNY7F5+9HcgXlLuZk/jTNQ.0;server=GENERAL1100002S;cloudType=Consumer;environment=Prod_EastUS_000w;migrationStage=NotStarted}
{"logTime": "0605/061424", "correlationVector":"AC59KXPncgSKDeK+KDK3Mj","action":"Commit Request", "result":"", "context":Item count: 1
Contributing types: Sessions}
{"logTime": "0605/061424", "correlationVector":"AC59KXPncgSKDeK+KDK3Mj.1","action":"SyncServerConnectionManagerRequest", "result":"SYNC_SERVER_OK", "context":{"environment":"Prod_EastUS_000w", "migrationStage":"NotStarted", "server":"GENERAL1100001W"}}
{"logTime": "0605/061424", "correlationVector":"AC59KXPncgSKDeK+KDK3Mj.2","action":"Commit Response", "result":"Success", "context":Result: Success. cV=AC59KXPncgSKDeK+KDK3Mj.0;server=GENERAL1100001W;cloudType=Consumer;environment=Prod_EastUS_000w;migrationStage=NotStarted}
{"logTime": "0605/061454", "correlationVector":"ya4ywNwII07fMzGu7bzZBd","action":"Commit Request", "result":"", "context":Item count: 1
Contributing types: Sessions}
{"logTime": "0605/061455", "correlationVector":"ya4ywNwII07fMzGu7bzZBd.1","action":"SyncServerConnectionManagerRequest", "result":"SYNC_SERVER_OK", "context":{"environment":"Prod_EastUS_000w", "migrationStage":"NotStarted", "server":"GENERAL1100001W"}}
{"logTime": "0605/061455", "correlationVector":"ya4ywNwII07fMzGu7bzZBd.2","action":"Commit Response", "result":"Success", "context":Result: Success. cV=ya4ywNwII07fMzGu7bzZBd.0;server=GENERAL1100001W;cloudType=Consumer;environment=Prod_EastUS_000w;migrationStage=NotStarted}
{"logTime": "0605/061525", "correlationVector":"VkXoc9mvY6y0P1fk6Pni0t","action":"Commit Request", "result":"", "context":Item count: 2
Contributing types: Typed URLs, Sessions}
{"logTime": "0605/061525", "correlationVector":"VkXoc9mvY6y0P1fk6Pni0t.1","action":"SyncServerConnectionManagerRequest", "result":"SYNC_SERVER_OK", "context":{"environment":"Prod_EastUS_000w", "migrationStage":"NotStarted", "server":"GENERAL1100002X"}}
{"logTime": "0605/061525", "correlationVector":"VkXoc9mvY6y0P1fk6Pni0t.2","action":"Commit Response", "result":"Success", "context":Result: Success. cV=VkXoc9mvY6y0P1fk6Pni0t.0;server=GENERAL1100002X;cloudType=Consumer;environment=Prod_EastUS_000w;migrationStage=NotStarted}
{"logTime": "0605/061557", "correlationVector":"xvgEU+2pMUmWAdNr/rT2cg","action":"Commit Request", "result":"", "context":Item count: 1
Contributing types: Sessions}
{"logTime": "0605/061557", "correlationVector":"xvgEU+2pMUmWAdNr/rT2cg.1","action":"SyncServerConnectionManagerRequest", "result":"SYNC_SERVER_OK", "context":{"environment":"Prod_EastUS_000w", "migrationStage":"NotStarted", "server":"GENERAL1100002R"}}
{"logTime": "0605/061557", "correlationVector":"xvgEU+2pMUmWAdNr/rT2cg.2","action":"Commit Response", "result":"Success", "context":Result: Success. cV=xvgEU+2pMUmWAdNr/rT2cg.0;server=GENERAL1100002R;cloudType=Consumer;environment=Prod_EastUS_000w;migrationStage=NotStarted}
{"logTime": "0605/061627", "correlationVector":"iWqohNZ5Am00Hi216/qHGJ","action":"Commit Request", "result":"", "context":Item count: 1
Contributing types: Sessions}
{"logTime": "0605/061627", "correlationVector":"iWqohNZ5Am00Hi216/qHGJ.1","action":"SyncServerConnectionManagerRequest", "result":"SYNC_SERVER_OK", "context":{"environment":"Prod_EastUS_000w", "migrationStage":"NotStarted", "server":"GENERAL11000032"}}
{"logTime": "0605/061627", "correlationVector":"iWqohNZ5Am00Hi216/qHGJ.2","action":"Commit Response", "result":"Success", "context":Result: Success. cV=iWqohNZ5Am00Hi216/qHGJ.0;server=GENERAL11000032;cloudType=Consumer;environment=Prod_EastUS_000w;migrationStage=NotStarted}
{"logTime": "0605/061731", "correlationVector":"3yF3Aez77c2z04fKfWoZvC","action":"Commit Request", "result":"", "context":Item count: 1
Contributing types: Sessions}
{"logTime": "0605/061731", "correlationVector":"3yF3Aez77c2z04fKfWoZvC.1","action":"SyncServerConnectionManagerRequest", "result":"SYNC_SERVER_OK", "context":{"environment":"Prod_EastUS_000w", "migrationStage":"NotStarted", "server":"GENERAL1100000K"}}
{"logTime": "0605/061731", "correlationVector":"3yF3Aez77c2z04fKfWoZvC.2","action":"Commit Response", "result":"Success", "context":Result: Success. cV=3yF3Aez77c2z04fKfWoZvC.0;server=GENERAL1100000K;cloudType=Consumer;environment=Prod_EastUS_000w;migrationStage=NotStarted}
{"logTime": "0605/061821", "correlationVector":"WZ+pTrU4KAhcJQ83p0+GyR","action":"Commit Request", "result":"", "context":Item count: 1
Contributing types: Sessions}
{"logTime": "0605/061821", "correlationVector":"WZ+pTrU4KAhcJQ83p0+GyR.1","action":"SyncServerConnectionManagerRequest", "result":"SYNC_SERVER_OK", "context":{"environment":"Prod_EastUS_000w", "migrationStage":"NotStarted", "server":"GENERAL1100000K"}}
{"logTime": "0605/061821", "correlationVector":"WZ+pTrU4KAhcJQ83p0+GyR.2","action":"Commit Response", "result":"Success", "context":Result: Success. cV=WZ+pTrU4KAhcJQ83p0+GyR.0;server=GENERAL1100000K;cloudType=Consumer;environment=Prod_EastUS_000w;migrationStage=NotStarted}
{"logTime": "0605/061851", "correlationVector":"gRB3wQ7fBoWbiRurVTBx1F","action":"Commit Request", "result":"", "context":Item count: 1
Contributing types: Sessions}
{"logTime": "0605/061851", "correlationVector":"gRB3wQ7fBoWbiRurVTBx1F.1","action":"SyncServerConnectionManagerRequest", "result":"SYNC_SERVER_OK", "context":{"environment":"Prod_EastUS_000w", "migrationStage":"NotStarted", "server":"GENERAL11000004"}}
{"logTime": "0605/061851", "correlationVector":"gRB3wQ7fBoWbiRurVTBx1F.2","action":"Commit Response", "result":"Success", "context":Result: Success. cV=gRB3wQ7fBoWbiRurVTBx1F.0;server=GENERAL11000004;cloudType=Consumer;environment=Prod_EastUS_000w;migrationStage=NotStarted}
{"logTime": "0605/061921", "correlationVector":"q8euWMTX9UMQy5/hXiJFWp","action":"Commit Request", "result":"", "context":Item count: 2
Contributing types: Sessions}
{"logTime": "0605/061921", "correlationVector":"q8euWMTX9UMQy5/hXiJFWp.1","action":"SyncServerConnectionManagerRequest", "result":"SYNC_SERVER_OK", "context":{"environment":"Prod_EastUS_000w", "migrationStage":"NotStarted", "server":"GENERAL1100002H"}}
{"logTime": "0605/061921", "correlationVector":"q8euWMTX9UMQy5/hXiJFWp.2","action":"Commit Response", "result":"Success", "context":Result: Success. cV=q8euWMTX9UMQy5/hXiJFWp.0;server=GENERAL1100002H;cloudType=Consumer;environment=Prod_EastUS_000w;migrationStage=NotStarted}
{"logTime": "0605/062130", "correlationVector":"Uo339APAGUKMOmxd1dWk4p","action":"Commit Request", "result":"", "context":Item count: 2
Contributing types: Sessions}
{"logTime": "0605/062130", "correlationVector":"Uo339APAGUKMOmxd1dWk4p.1","action":"SyncServerConnectionManagerRequest", "result":"SYNC_SERVER_OK", "context":{"environment":"Prod_EastUS_000w", "migrationStage":"NotStarted", "server":"GENERAL1100002X"}}
{"logTime": "0605/062130", "correlationVector":"Uo339APAGUKMOmxd1dWk4p.2","action":"Commit Response", "result":"Success", "context":Result: Success. cV=Uo339APAGUKMOmxd1dWk4p.0;server=GENERAL1100002X;cloudType=Consumer;environment=Prod_EastUS_000w;migrationStage=NotStarted}
{"logTime": "0605/062919", "correlationVector":"l7ugQ8U70/A0XLPFqTRM53","action":"Commit Request", "result":"", "context":Item count: 1
Contributing types: Sessions}
{"logTime": "0605/062919", "correlationVector":"l7ugQ8U70/A0XLPFqTRM53.1","action":"SyncServerConnectionManagerRequest", "result":"SYNC_SERVER_OK", "context":{"environment":"Prod_EastUS_000w", "migrationStage":"NotStarted", "server":"GENERAL1100002B"}}
{"logTime": "0605/062919", "correlationVector":"l7ugQ8U70/A0XLPFqTRM53.2","action":"Commit Response", "result":"Success", "context":Result: Success. cV=l7ugQ8U70/A0XLPFqTRM53.0;server=GENERAL1100002B;cloudType=Consumer;environment=Prod_EastUS_000w;migrationStage=NotStarted}
{"logTime": "0605/062955", "correlationVector":"2MOXML73vhISpFa7f3W9Rz","action":"Commit Request", "result":"", "context":Item count: 3
Contributing types: Sessions}
{"logTime": "0605/062955", "correlationVector":"2MOXML73vhISpFa7f3W9Rz.1","action":"SyncServerConnectionManagerRequest", "result":"SYNC_SERVER_OK", "context":{"environment":"Prod_EastUS_000w", "migrationStage":"NotStarted", "server":"GENERAL1100002H"}}
{"logTime": "0605/062955", "correlationVector":"2MOXML73vhISpFa7f3W9Rz.2","action":"Commit Response", "result":"Success", "context":Result: Success. cV=2MOXML73vhISpFa7f3W9Rz.0;server=GENERAL1100002H;cloudType=Consumer;environment=Prod_EastUS_000w;migrationStage=NotStarted}
{"logTime": "0605/063010", "correlationVector":"18TkMXa+bHZwghe9etOnUc","action":"Normal GetUpdate request", "result":"", "context":cV=18TkMXa+bHZwghe9etOnUc
Nudged types: Sessions
Notified types: Typed URLs}
{"logTime": "0605/063010", "correlationVector":"18TkMXa+bHZwghe9etOnUc.1","action":"SyncServerConnectionManagerRequest", "result":"SYNC_SERVER_OK", "context":{"environment":"Prod_EastUS_000w", "migrationStage":"NotStarted", "server":"GENERAL1100002J"}}
{"logTime": "0605/063010", "correlationVector":"18TkMXa+bHZwghe9etOnUc.2","action":"GetUpdates Response", "result":"Success", "context":Received 8 update(s). cV=18TkMXa+bHZwghe9etOnUc.0;server=GENERAL1100002J;cloudType=Consumer;environment=Prod_EastUS_000w;migrationStage=NotStarted}
{"logTime": "0605/063010", "correlationVector":"SrP1HLg9+GzC77GVyrajzr","action":"Commit Request", "result":"", "context":Item count: 1
Contributing types: Sessions}
{"logTime": "0605/063010", "correlationVector":"SrP1HLg9+GzC77GVyrajzr.1","action":"SyncServerConnectionManagerRequest", "result":"SYNC_SERVER_OK", "context":{"environment":"Prod_EastUS_000w", "migrationStage":"NotStarted", "server":"GENERAL11000009"}}
{"logTime": "0605/063010", "correlationVector":"SrP1HLg9+GzC77GVyrajzr.2","action":"Commit Response", "result":"Success", "context":Result: Success. cV=SrP1HLg9+GzC77GVyrajzr.0;server=GENERAL11000009;cloudType=Consumer;environment=Prod_EastUS_000w;migrationStage=NotStarted}
{"logTime": "0605/063040", "correlationVector":"K+/qNrZvj2RV8T4+bC7cu+","action":"Commit Request", "result":"", "context":Item count: 6
Contributing types: Sessions}
{"logTime": "0605/063041", "correlationVector":"K+/qNrZvj2RV8T4+bC7cu+.1","action":"SyncServerConnectionManagerRequest", "result":"SYNC_SERVER_OK", "context":{"environment":"Prod_EastUS_000w", "migrationStage":"NotStarted", "server":"GENERAL1100002W"}}
{"logTime": "0605/063041", "correlationVector":"K+/qNrZvj2RV8T4+bC7cu+.3","action":"Commit.Sessions", "result":"Success", "context":{"id":"299f8a05-8d69-4263-b6f7-b3ef29657dfe", "isDeleted":"true", "size":"0", "version":"1717568995725"}}
{"logTime": "0605/063041", "correlationVector":"K+/qNrZvj2RV8T4+bC7cu+.2","action":"Commit Response", "result":"Success", "context":Result: Success. cV=K+/qNrZvj2RV8T4+bC7cu+.0;server=GENERAL1100002W;cloudType=Consumer;environment=Prod_EastUS_000w;migrationStage=NotStarted}
