[33m[NOTE](B[m Installing thunar ...
Sync Explicit (1): thunar-4.18.10-2
Sync Explicit (1): thunar-4.18.10-2
resolving dependencies...
resolving dependencies...
looking for conflicting packages...
looking for conflicting packages...

Package (5)         New Version  Net Change  Download Size

extra/exo           4.18.0-1       2.19 MiB       0.31 MiB
extra/libxfce4ui    4.18.6-1       2.19 MiB       0.38 MiB
extra/libxfce4util  4.18.2-1       0.95 MiB       0.13 MiB
extra/xfconf        4.18.3-1       1.11 MiB       0.18 MiB
extra/thunar        4.18.10-2      8.61 MiB       1.45 MiB

Total Download Size:    2.45 MiB
Total Installed Size:  15.06 MiB

:: Proceed with installation? [Y/n] 
Package (5)         New Version  Net Change  Download Size

extra/exo           4.18.0-1       2.19 MiB       0.31 MiB
extra/libxfce4ui    4.18.6-1       2.19 MiB       0.38 MiB
extra/libxfce4util  4.18.2-1       0.95 MiB       0.13 MiB
extra/xfconf        4.18.3-1       1.11 MiB       0.18 MiB
extra/thunar        4.18.10-2      8.61 MiB       1.45 MiB

Total Download Size:    2.45 MiB
Total Installed Size:  15.06 MiB

:: Proceed with installation? [Y/n] 
:: Retrieving packages...

:: Retrieving packages...
 thunar-4.18.10-2-x86_64 downloading...
 libxfce4ui-4.18.6-1-x86_64 downloading...
 exo-4.18.0-1-x86_64 downloading...
 xfconf-4.18.3-1-x86_64 downloading...
 libxfce4util-4.18.2-1-x86_64 downloading...
checking keyring...
 thunar-4.18.10-2-x86_64 downloading...
 libxfce4ui-4.18.6-1-x86_64 downloading...
 exo-4.18.0-1-x86_64 downloading...
 xfconf-4.18.3-1-x86_64 downloading...
 libxfce4util-4.18.2-1-x86_64 downloading...
checking keyring...
checking package integrity...
checking package integrity...
loading package files...
loading package files...
checking for file conflicts...
checking for file conflicts...
checking available disk space...
checking available disk space...
:: Processing package changes...
installing libxfce4util...
:: Processing package changes...
installing libxfce4util...
installing xfconf...
installing xfconf...
installing libxfce4ui...
installing libxfce4ui...
installing exo...
installing exo...
installing thunar...
installing thunar...
Optional dependencies for thunar
    catfish: file searching
    gvfs: trash support, mounting with udisk and remote filesystems [installed]
    tumbler: thumbnail previews
    thunar-volman: removable device management
    thunar-archive-plugin: archive creation and extraction
    thunar-media-tags-plugin: view/edit ID3/OGG tags
Optional dependencies for thunar
    catfish: file searching
    gvfs: trash support, mounting with udisk and remote filesystems [installed]
    tumbler: thumbnail previews
    thunar-volman: removable device management
    thunar-archive-plugin: archive creation and extraction
    thunar-media-tags-plugin: view/edit ID3/OGG tags
:: Running post-transaction hooks...
(1/5) Reloading user manager configuration...
:: Running post-transaction hooks...
(1/5) Reloading user manager configuration...
(2/5) Arming ConditionNeedsUpdate...
(2/5) Arming ConditionNeedsUpdate...
(3/5) Updating GIO module cache...
(3/5) Updating GIO module cache...
(4/5) Updating icon theme caches...
(4/5) Updating icon theme caches...
(5/5) Updating the desktop file MIME type cache...
(5/5) Updating the desktop file MIME type cache...
[1A[K[32m[OK](B[m thunar was installed.
[33m[NOTE](B[m Installing thunar-volman ...
Sync Explicit (1): thunar-volman-4.18.0-1
Sync Explicit (1): thunar-volman-4.18.0-1
resolving dependencies...
resolving dependencies...
looking for conflicting packages...
looking for conflicting packages...

Package (1)          New Version  Net Change  Download Size

extra/thunar-volman  4.18.0-1       0.66 MiB       0.13 MiB

Total Download Size:   0.13 MiB
Total Installed Size:  0.66 MiB

:: Proceed with installation? [Y/n] 
Package (1)          New Version  Net Change  Download Size

extra/thunar-volman  4.18.0-1       0.66 MiB       0.13 MiB

Total Download Size:   0.13 MiB
Total Installed Size:  0.66 MiB

:: Proceed with installation? [Y/n] 
:: Retrieving packages...

:: Retrieving packages...
 thunar-volman-4.18.0-1-x86_64 downloading...
checking keyring...
 thunar-volman-4.18.0-1-x86_64 downloading...
checking keyring...
checking package integrity...
checking package integrity...
loading package files...
loading package files...
checking for file conflicts...
checking for file conflicts...
checking available disk space...
checking available disk space...
:: Processing package changes...
installing thunar-volman...
:: Processing package changes...
installing thunar-volman...
:: Running post-transaction hooks...
(1/3) Arming ConditionNeedsUpdate...
:: Running post-transaction hooks...
(1/3) Arming ConditionNeedsUpdate...
(2/3) Updating icon theme caches...
(2/3) Updating icon theme caches...
(3/3) Updating the desktop file MIME type cache...
(3/3) Updating the desktop file MIME type cache...
[1A[K[32m[OK](B[m thunar-volman was installed.
[33m[NOTE](B[m Installing tumbler ...
Sync Explicit (1): tumbler-4.18.2-1
Sync Explicit (1): tumbler-4.18.2-1
resolving dependencies...
resolving dependencies...
looking for conflicting packages...
looking for conflicting packages...

Package (1)    New Version  Net Change  Download Size

extra/tumbler  4.18.2-1       0.87 MiB       0.17 MiB

Total Download Size:   0.17 MiB
Total Installed Size:  0.87 MiB

:: Proceed with installation? [Y/n] 
Package (1)    New Version  Net Change  Download Size

extra/tumbler  4.18.2-1       0.87 MiB       0.17 MiB

Total Download Size:   0.17 MiB
Total Installed Size:  0.87 MiB

:: Proceed with installation? [Y/n] 
:: Retrieving packages...

:: Retrieving packages...
 tumbler-4.18.2-1-x86_64 downloading...
checking keyring...
 tumbler-4.18.2-1-x86_64 downloading...
checking keyring...
checking package integrity...
checking package integrity...
loading package files...
loading package files...
checking for file conflicts...
checking for file conflicts...
checking available disk space...
checking available disk space...
:: Processing package changes...
installing tumbler...
:: Processing package changes...
installing tumbler...
Optional dependencies for tumbler
    ffmpegthumbnailer: video thumbnails [installed]
    poppler-glib: PDF thumbnails [installed]
    libgsf: ODF thumbnails [installed]
    libgepub: EPUB thumbnails
    libopenraw: RAW thumbnails [installed]
    freetype2: font thumbnails [installed]
Optional dependencies for tumbler
    ffmpegthumbnailer: video thumbnails [installed]
    poppler-glib: PDF thumbnails [installed]
    libgsf: ODF thumbnails [installed]
    libgepub: EPUB thumbnails
    libopenraw: RAW thumbnails [installed]
    freetype2: font thumbnails [installed]
:: Running post-transaction hooks...
(1/3) Reloading user manager configuration...
:: Running post-transaction hooks...
(1/3) Reloading user manager configuration...
(2/3) Arming ConditionNeedsUpdate...
(2/3) Arming ConditionNeedsUpdate...
(3/3) Updating icon theme caches...
(3/3) Updating icon theme caches...
[1A[K[32m[OK](B[m tumbler was installed.
[32m[OK](B[m ffmpegthumbnailer is already installed. Skipping...
[32m[OK](B[m file-roller is already installed. Skipping...
[33m[NOTE](B[m Installing thunar-archive-plugin ...
Sync Explicit (1): thunar-archive-plugin-0.5.2-1
Sync Explicit (1): thunar-archive-plugin-0.5.2-1
resolving dependencies...
resolving dependencies...
looking for conflicting packages...
looking for conflicting packages...

Package (1)                  New Version  Net Change  Download Size

extra/thunar-archive-plugin  0.5.2-1        0.17 MiB       0.04 MiB

Total Download Size:   0.04 MiB
Total Installed Size:  0.17 MiB

:: Proceed with installation? [Y/n] 
Package (1)                  New Version  Net Change  Download Size

extra/thunar-archive-plugin  0.5.2-1        0.17 MiB       0.04 MiB

Total Download Size:   0.04 MiB
Total Installed Size:  0.17 MiB

:: Proceed with installation? [Y/n] 
:: Retrieving packages...

:: Retrieving packages...
 thunar-archive-plugin-0.5.2-1-x86_64 downloading...
checking keyring...
 thunar-archive-plugin-0.5.2-1-x86_64 downloading...
checking keyring...
checking package integrity...
checking package integrity...
loading package files...
loading package files...
checking for file conflicts...
checking for file conflicts...
checking available disk space...
checking available disk space...
:: Processing package changes...
installing thunar-archive-plugin...
:: Processing package changes...
installing thunar-archive-plugin...
Optional dependencies for thunar-archive-plugin
    file-roller [installed]
    engrampa
    ark
    xarchiver
Optional dependencies for thunar-archive-plugin
    file-roller [installed]
    engrampa
    ark
    xarchiver
:: Running post-transaction hooks...
(1/2) Arming ConditionNeedsUpdate...
:: Running post-transaction hooks...
(1/2) Arming ConditionNeedsUpdate...
(2/2) Updating icon theme caches...
(2/2) Updating icon theme caches...
[1A[K[32m[OK](B[m thunar-archive-plugin was installed.
[33m[NOTE](B[m Config for gtk-3.0 found, no need to copy.
[33m[NOTE](B[m Config for Thunar not found, copying from assets.
[33m[NOTE](B[m Config for xfce4 not found, copying from assets.
