[33m[NOTE](B[m Installing xdg-desktop-portal-hyprland ...
Sync Explicit (1): xdg-desktop-portal-hyprland-1.3.2-1
Sync Explicit (1): xdg-desktop-portal-hyprland-1.3.2-1
resolving dependencies...
resolving dependencies...
looking for conflicting packages...
looking for conflicting packages...

Package (2)                        New Version  Net Change  Download Size

extra/wlroots                      0.17.4-1       1.36 MiB       0.41 MiB
extra/xdg-desktop-portal-hyprland  1.3.2-1        0.51 MiB       0.19 MiB

Total Download Size:   0.61 MiB
Total Installed Size:  1.87 MiB

:: Proceed with installation? [Y/n] 
Package (2)                        New Version  Net Change  Download Size

extra/wlroots                      0.17.4-1       1.36 MiB       0.41 MiB
extra/xdg-desktop-portal-hyprland  1.3.2-1        0.51 MiB       0.19 MiB

Total Download Size:   0.61 MiB
Total Installed Size:  1.87 MiB

:: Proceed with installation? [Y/n] 
:: Retrieving packages...

:: Retrieving packages...
 wlroots-0.17.4-1-x86_64 downloading...
 xdg-desktop-portal-hyprland-1.3.2-1-x86_64 downloading...
checking keyring...
 wlroots-0.17.4-1-x86_64 downloading...
 xdg-desktop-portal-hyprland-1.3.2-1-x86_64 downloading...
checking keyring...
checking package integrity...
checking package integrity...
loading package files...
loading package files...
checking for file conflicts...
checking for file conflicts...
checking available disk space...
checking available disk space...
:: Processing package changes...
installing wlroots...
:: Processing package changes...
installing wlroots...
Optional dependencies for wlroots
    xorg-xwayland: Xwayland support [installed]
installing xdg-desktop-portal-hyprland...
Optional dependencies for wlroots
    xorg-xwayland: Xwayland support [installed]
installing xdg-desktop-portal-hyprland...
Optional dependencies for xdg-desktop-portal-hyprland
    grim: required for the screenshot portal to function [installed]
    slurp: support for interactive mode for the screenshot portal [installed]
Optional dependencies for xdg-desktop-portal-hyprland
    grim: required for the screenshot portal to function [installed]
    slurp: support for interactive mode for the screenshot portal [installed]
:: Running post-transaction hooks...
(1/2) Reloading user manager configuration...
:: Running post-transaction hooks...
(1/2) Reloading user manager configuration...
(2/2) Arming ConditionNeedsUpdate...
(2/2) Arming ConditionNeedsUpdate...
[1A[K[32m[OK](B[m xdg-desktop-portal-hyprland was installed.
[32m[OK](B[m xdg-desktop-portal-gtk is already installed. Skipping...
no other XDG-implementations will be removed.
