[32m[OK](B[m unzip is already installed. Skipping...
[33m[NOTE](B[m Installing gtk-engine-murrine ...
Sync Explicit (1): gtk-engine-murrine-0.98.2-4
Sync Explicit (1): gtk-engine-murrine-0.98.2-4
resolving dependencies...
resolving dependencies...
looking for conflicting packages...
looking for conflicting packages...

Package (2)               New Version  Net Change  Download Size

extra/gtk2                2.24.33-4     36.45 MiB       5.70 MiB
extra/gtk-engine-murrine  0.98.2-4       0.30 MiB       0.09 MiB

Total Download Size:    5.80 MiB
Total Installed Size:  36.76 MiB

:: Proceed with installation? [Y/n] 
Package (2)               New Version  Net Change  Download Size

extra/gtk2                2.24.33-4     36.45 MiB       5.70 MiB
extra/gtk-engine-murrine  0.98.2-4       0.30 MiB       0.09 MiB

Total Download Size:    5.80 MiB
Total Installed Size:  36.76 MiB

:: Proceed with installation? [Y/n] 
:: Retrieving packages...

:: Retrieving packages...
 gtk2-2.24.33-4-x86_64 downloading...
 gtk-engine-murrine-0.98.2-4-x86_64 downloading...
checking keyring...
 gtk2-2.24.33-4-x86_64 downloading...
 gtk-engine-murrine-0.98.2-4-x86_64 downloading...
checking keyring...
checking package integrity...
checking package integrity...
loading package files...
loading package files...
checking for file conflicts...
checking for file conflicts...
checking available disk space...
checking available disk space...
:: Processing package changes...
installing gtk2...
:: Processing package changes...
installing gtk2...
Optional dependencies for gtk2
    adwaita-icon-theme: Default icon theme [installed]
    gnome-themes-standard: Default widget theme [installed]
    python: gtk-builder-convert [installed]
installing gtk-engine-murrine...
Optional dependencies for gtk2
    adwaita-icon-theme: Default icon theme [installed]
    gnome-themes-standard: Default widget theme [installed]
    python: gtk-builder-convert [installed]
installing gtk-engine-murrine...
:: Running post-transaction hooks...
(1/2) Arming ConditionNeedsUpdate...
:: Running post-transaction hooks...
(1/2) Arming ConditionNeedsUpdate...
(2/2) Probing GTK2 input method modules...
(2/2) Probing GTK2 input method modules...
[1A[K[32m[OK](B[m gtk-engine-murrine was installed.
[33m[NOTE](B[m Cloning GTK themes and Icons repository...
[32m[OK](B[m Extracted GTK Themes & Icons to ~/.icons & ~/.themes folders
[32m[OK](B[m Extracted Bibata-Modern-Ice.tar.xz to ~/.icons folder.
