[32m[OK](B[m bluez is already installed. Skipping...
[32m[OK](B[m bluez-utils is already installed. Skipping...
[33m[NOTE](B[m Installing blueman ...
Sync Explicit (1): blueman-2.4.2-1
Sync Explicit (1): blueman-2.4.2-1
resolving dependencies...
resolving dependencies...
looking for conflicting packages...
looking for conflicting packages...

Package (1)    New Version  Net Change  Download Size

extra/blueman  2.4.2-1        5.03 MiB       1.32 MiB

Total Download Size:   1.32 MiB
Total Installed Size:  5.03 MiB

:: Proceed with installation? [Y/n] 
Package (1)    New Version  Net Change  Download Size

extra/blueman  2.4.2-1        5.03 MiB       1.32 MiB

Total Download Size:   1.32 MiB
Total Installed Size:  5.03 MiB

:: Proceed with installation? [Y/n] 
:: Retrieving packages...

:: Retrieving packages...
 blueman-2.4.2-1-x86_64 downloading...
checking keyring...
 blueman-2.4.2-1-x86_64 downloading...
checking keyring...
checking package integrity...
checking package integrity...
loading package files...
loading package files...
checking for file conflicts...
checking for file conflicts...
checking available disk space...
checking available disk space...
:: Processing package changes...
installing blueman...
:: Processing package changes...
installing blueman...
Optional dependencies for blueman
    dnsmasq: Network Access Point (NAP) support [installed]
    iproute2: Network Access Point (NAP) support [installed]
    networkmanager: Dial Up Networking (DUN) and Personal Area Networking (PAN) support [installed]
    pulseaudio-bluetooth: audio devices support [installed]
Optional dependencies for blueman
    dnsmasq: Network Access Point (NAP) support [installed]
    iproute2: Network Access Point (NAP) support [installed]
    networkmanager: Dial Up Networking (DUN) and Personal Area Networking (PAN) support [installed]
    pulseaudio-bluetooth: audio devices support [installed]
:: Running post-transaction hooks...
(1/7) Reloading system manager configuration...
:: Running post-transaction hooks...
(1/7) Reloading system manager configuration...
(2/7) Reloading user manager configuration...
(2/7) Reloading user manager configuration...
(3/7) Arming ConditionNeedsUpdate...
(3/7) Arming ConditionNeedsUpdate...
(4/7) Reloading system bus configuration...
(4/7) Reloading system bus configuration...
(5/7) Compiling GSettings XML schema files...
(5/7) Compiling GSettings XML schema files...
(6/7) Updating icon theme caches...
(6/7) Updating icon theme caches...
(7/7) Updating the desktop file MIME type cache...
(7/7) Updating the desktop file MIME type cache...
[1A[K[32m[OK](B[m blueman was installed.
Created symlink '/etc/systemd/system/dbus-org.bluez.service' → '/usr/lib/systemd/system/bluetooth.service'.
Created symlink '/etc/systemd/system/bluetooth.target.wants/bluetooth.service' → '/usr/lib/systemd/system/bluetooth.service'.
