    OpenRGB v0.9
    Commit:  from 
    Launched: 20240610_012829
====================================================================================================

0     |Info:    Found file: 1.orp attempting to validate header
0     |Info:    Valid v4 profile found for 1
1002  |Info:    ------------------------------------------------------
1002  |Info:    |               Start device detection               |
1002  |Info:    ------------------------------------------------------
1002  |Info:    Initializing HID interfaces: Success
1011  |Info:    ------------------------------------------------------
1011  |Info:    |             Detecting I2C interfaces               |
1011  |Info:    ------------------------------------------------------
1014  |Info:    Registering I2C interface: /dev/i2c-3 Device 10DE:2503 Subsystem: 1043:87F5
1014  |Info:    Registering I2C interface: /dev/i2c-1 Device 10DE:2503 Subsystem: 1043:87F5
1014  |Info:    Registering I2C interface: /dev/i2c-8 Device 1022:790B Subsystem: 1462:7C56
1014  |Info:    Registering I2C interface: /dev/i2c-6 Device 1022:790B Subsystem: 1462:7C56
1014  |Info:    Registering I2C interface: /dev/i2c-4 Device 10DE:2503 Subsystem: 1043:87F5
1014  |Info:    Registering I2C interface: /dev/i2c-2 Device 10DE:2503 Subsystem: 1043:87F5
1014  |Info:    Registering I2C interface: /dev/i2c-0 Device 10DE:2503 Subsystem: 1043:87F5
1014  |Info:    Registering I2C interface: /dev/i2c-7 Device 1022:790B Subsystem: 1462:7C56
1014  |Info:    Registering I2C interface: /dev/i2c-5 Device 10DE:2503 Subsystem: 1043:87F5
1014  |Info:    ------------------------------------------------------
1014  |Info:    |               Detecting I2C devices                |
1014  |Info:    ------------------------------------------------------
2000  |Info:    ------------------------------------------------------
2000  |Info:    |               Detecting I2C PCI devices            |
2000  |Info:    ------------------------------------------------------
2319  |Info:    [ASUS TUF 3060 O12G GAMING] Registering RGB controller
2664  |Info:    ------------------------------------------------------
2664  |Info:    |               Detecting HID devices                |
2664  |Info:    ------------------------------------------------------
2665  |Info:    [Keychron Gaming Keyboard 1] Registering RGB controller
2742  |Info:    [MSI MPG B550 GAMING PLUS (MS-7C56)] Registering RGB controller
3181  |Info:    [G502 HERO Gaming Mouse] Registering RGB controller
3181  |Info:    ------------------------------------------------------
3181  |Info:    |            Detecting libusb HID devices            |
3181  |Info:    ------------------------------------------------------
3310  |Info:    ------------------------------------------------------
3310  |Info:    |              Detecting other devices               |
3310  |Info:    ------------------------------------------------------
3322  |Info:    ------------------------------------------------------
3322  |Info:    |                Detection completed                 |
3322  |Info:    ------------------------------------------------------
23018 |Info:    Found file: 1.orp attempting to validate header
23018 |Info:    Valid v4 profile found for 1
