    OpenRGB v0.9
    Commit:  from 
    Launched: 20240609_191323
====================================================================================================

1001  |Info:    Saving detector settings
1001  |Info:    ------------------------------------------------------
1001  |Info:    |               Start device detection               |
1001  |Info:    ------------------------------------------------------
1002  |Info:    Initializing HID interfaces: Success
1010  |Info:    ------------------------------------------------------
1010  |Info:    |             Detecting I2C interfaces               |
1010  |Info:    ------------------------------------------------------
1012  |Info:    Registering I2C interface: /dev/i2c-3 Device 10DE:2503 Subsystem: 1043:87F5
1012  |Info:    Registering I2C interface: /dev/i2c-8 Device 1022:790B Subsystem: 1462:7C56
1012  |Info:    Registering I2C interface: /dev/i2c-4 Device 10DE:2503 Subsystem: 1043:87F5
1012  |Info:    Registering I2C interface: /dev/i2c-0 Device 10DE:2503 Subsystem: 1043:87F5
1012  |Info:    Registering I2C interface: /dev/i2c-5 Device 10DE:2503 Subsystem: 1043:87F5
1012  |Info:    ------------------------------------------------------
1012  |Info:    |               Detecting I2C devices                |
1012  |Info:    ------------------------------------------------------
1289  |Info:    ------------------------------------------------------
1289  |Info:    |               Detecting I2C PCI devices            |
1289  |Info:    ------------------------------------------------------
1290  |Info:    ------------------------------------------------------
1290  |Info:    |               Detecting HID devices                |
1290  |Info:    ------------------------------------------------------
1290  |Info:    [Keychron Gaming Keyboard 1] Registering RGB controller
1368  |Info:    [MSI MPG B550 GAMING PLUS (MS-7C56)] Registering RGB controller
1789  |Info:    [G502 HERO Gaming Mouse] Registering RGB controller
1789  |Info:    ------------------------------------------------------
1789  |Info:    |            Detecting libusb HID devices            |
1789  |Info:    ------------------------------------------------------
1918  |Info:    ------------------------------------------------------
1918  |Info:    |              Detecting other devices               |
1918  |Info:    ------------------------------------------------------
1928  |Info:    ------------------------------------------------------
1928  |Info:    |                Detection completed                 |
1928  |Info:    ------------------------------------------------------
1928  |Dialog:  <h2>WARNING:</h2><p>One or more I2C/SMBus interfaces failed to initialize.</p><p>RGB DRAM modules and some motherboards' onboard RGB lighting will not be available without I2C/SMBus.</p><p>On Linux, this is usually because the i2c-dev module is not loaded.  You must load the i2c-dev module along with the correct i2c driver for your motherboard.  This is usually i2c-piix4 for AMD systems and i2c-i801 for Intel systems.</p><p>See <a href='https://help.openrgb.org/'>help.openrgb.org</a> for additional troubleshooting steps if you keep seeing this message.<br></p>
81441 |Info:    ------------------------------------------------------
81441 |Info:    |               Start device detection               |
81441 |Info:    ------------------------------------------------------
81441 |Info:    Initializing HID interfaces: Success
81449 |Info:    ------------------------------------------------------
81449 |Info:    |             Detecting I2C interfaces               |
81449 |Info:    ------------------------------------------------------
81449 |Info:    Registering I2C interface: /dev/i2c-3 Device 10DE:2503 Subsystem: 1043:87F5
81449 |Info:    Registering I2C interface: /dev/i2c-8 Device 1022:790B Subsystem: 1462:7C56
81449 |Info:    Registering I2C interface: /dev/i2c-4 Device 10DE:2503 Subsystem: 1043:87F5
81449 |Info:    Registering I2C interface: /dev/i2c-0 Device 10DE:2503 Subsystem: 1043:87F5
81450 |Info:    Registering I2C interface: /dev/i2c-5 Device 10DE:2503 Subsystem: 1043:87F5
81450 |Info:    ------------------------------------------------------
81450 |Info:    |               Detecting I2C devices                |
81450 |Info:    ------------------------------------------------------
81726 |Info:    ------------------------------------------------------
81726 |Info:    |               Detecting I2C PCI devices            |
81726 |Info:    ------------------------------------------------------
81727 |Info:    ------------------------------------------------------
81727 |Info:    |               Detecting HID devices                |
81727 |Info:    ------------------------------------------------------
81727 |Info:    [Keychron Gaming Keyboard 1] Registering RGB controller
81804 |Info:    [MSI MPG B550 GAMING PLUS (MS-7C56)] Registering RGB controller
82227 |Info:    [G502 HERO Gaming Mouse] Registering RGB controller
82227 |Info:    ------------------------------------------------------
82227 |Info:    |            Detecting libusb HID devices            |
82227 |Info:    ------------------------------------------------------
82348 |Info:    ------------------------------------------------------
82348 |Info:    |              Detecting other devices               |
82348 |Info:    ------------------------------------------------------
82349 |Info:    ------------------------------------------------------
82349 |Info:    |                Detection completed                 |
82349 |Info:    ------------------------------------------------------
82349 |Dialog:  <h2>WARNING:</h2><p>One or more I2C/SMBus interfaces failed to initialize.</p><p>RGB DRAM modules and some motherboards' onboard RGB lighting will not be available without I2C/SMBus.</p><p>On Linux, this is usually because the i2c-dev module is not loaded.  You must load the i2c-dev module along with the correct i2c driver for your motherboard.  This is usually i2c-piix4 for AMD systems and i2c-i801 for Intel systems.</p><p>See <a href='https://help.openrgb.org/'>help.openrgb.org</a> for additional troubleshooting steps if you keep seeing this message.<br></p>
135323|Info:    Found file: 1.orp attempting to validate header
135323|Info:    Valid v4 profile found for 1
