    OpenRGB v0.9
    Commit: b5f46e3f1de03595656c682fc2f068b66e735e63 from 2023-07-09 22:51:47 -0500
    Launched: 20240610_014034
====================================================================================================

0     |Info:    Found file: 1.orp attempting to validate header
0     |Info:    Valid v4 profile found for 1
1015  |Info:    ------------------------------------------------------
1015  |Info:    |               Start device detection               |
1015  |Info:    ------------------------------------------------------
1015  |Info:    Initializing HID interfaces: Success
1025  |Info:    ------------------------------------------------------
1025  |Info:    |             Detecting I2C interfaces               |
1025  |Info:    ------------------------------------------------------
1025  |Info:    Registering I2C interface: /dev/i2c-3 Device 10DE:2503 Subsystem: 1043:87F5
1025  |Info:    Registering I2C interface: /dev/i2c-1 Device 10DE:2503 Subsystem: 1043:87F5
1025  |Info:    Registering I2C interface: /dev/i2c-8 Device 1022:790B Subsystem: 1462:7C56
1025  |Info:    Registering I2C interface: /dev/i2c-6 Device 1022:790B Subsystem: 1462:7C56
1025  |Info:    Registering I2C interface: /dev/i2c-4 Device 10DE:2503 Subsystem: 1043:87F5
1025  |Info:    Registering I2C interface: /dev/i2c-2 Device 10DE:2503 Subsystem: 1043:87F5
1025  |Info:    Registering I2C interface: /dev/i2c-0 Device 10DE:2503 Subsystem: 1043:87F5
1025  |Info:    Registering I2C interface: /dev/i2c-7 Device 1022:790B Subsystem: 1462:7C56
1025  |Info:    Registering I2C interface: /dev/i2c-5 Device 10DE:2503 Subsystem: 1043:87F5
1025  |Info:    ------------------------------------------------------
1025  |Info:    |               Detecting I2C devices                |
1025  |Info:    ------------------------------------------------------
2014  |Info:    ------------------------------------------------------
2014  |Info:    |               Detecting I2C PCI devices            |
2014  |Info:    ------------------------------------------------------
2343  |Info:    [ASUS TUF 3060 O12G GAMING] Registering RGB controller
2689  |Info:    ------------------------------------------------------
2689  |Info:    |               Detecting HID devices                |
2689  |Info:    ------------------------------------------------------
2689  |Info:    [Keychron Gaming Keyboard 1] Registering RGB controller
2715  |Info:    [MSI MPG B550 GAMING PLUS (MS-7C56)] Registering RGB controller
3154  |Info:    [G502 HERO Gaming Mouse] Registering RGB controller
3154  |Info:    ------------------------------------------------------
3154  |Info:    |            Detecting libusb HID devices            |
3154  |Info:    ------------------------------------------------------
3283  |Info:    ------------------------------------------------------
3283  |Info:    |              Detecting other devices               |
3283  |Info:    ------------------------------------------------------
3295  |Info:    ------------------------------------------------------
3295  |Info:    |                Detection completed                 |
3295  |Info:    ------------------------------------------------------
55202 |Info:    ------------------------------------------------------
55202 |Info:    |               Start device detection               |
55202 |Info:    ------------------------------------------------------
55202 |Info:    Initializing HID interfaces: Success
55210 |Info:    ------------------------------------------------------
55210 |Info:    |             Detecting I2C interfaces               |
55210 |Info:    ------------------------------------------------------
55210 |Info:    Registering I2C interface: /dev/i2c-3 Device 10DE:2503 Subsystem: 1043:87F5
55210 |Info:    Registering I2C interface: /dev/i2c-1 Device 10DE:2503 Subsystem: 1043:87F5
55210 |Info:    Registering I2C interface: /dev/i2c-8 Device 1022:790B Subsystem: 1462:7C56
55210 |Info:    Registering I2C interface: /dev/i2c-6 Device 1022:790B Subsystem: 1462:7C56
55211 |Info:    Registering I2C interface: /dev/i2c-4 Device 10DE:2503 Subsystem: 1043:87F5
55211 |Info:    Registering I2C interface: /dev/i2c-2 Device 10DE:2503 Subsystem: 1043:87F5
55211 |Info:    Registering I2C interface: /dev/i2c-0 Device 10DE:2503 Subsystem: 1043:87F5
55211 |Info:    Registering I2C interface: /dev/i2c-7 Device 1022:790B Subsystem: 1462:7C56
55211 |Info:    Registering I2C interface: /dev/i2c-5 Device 10DE:2503 Subsystem: 1043:87F5
55211 |Info:    ------------------------------------------------------
55211 |Info:    |               Detecting I2C devices                |
55211 |Info:    ------------------------------------------------------
56208 |Info:    ------------------------------------------------------
56208 |Info:    |               Detecting I2C PCI devices            |
56208 |Info:    ------------------------------------------------------
56540 |Info:    [ASUS TUF 3060 O12G GAMING] Registering RGB controller
56886 |Info:    ------------------------------------------------------
56886 |Info:    |               Detecting HID devices                |
56886 |Info:    ------------------------------------------------------
56886 |Info:    [Keychron Gaming Keyboard 1] Registering RGB controller
56910 |Info:    [MSI MPG B550 GAMING PLUS (MS-7C56)] Registering RGB controller
57349 |Info:    [G502 HERO Gaming Mouse] Registering RGB controller
57349 |Info:    ------------------------------------------------------
57349 |Info:    |            Detecting libusb HID devices            |
57349 |Info:    ------------------------------------------------------
57469 |Info:    ------------------------------------------------------
57469 |Info:    |              Detecting other devices               |
57469 |Info:    ------------------------------------------------------
57470 |Info:    ------------------------------------------------------
57470 |Info:    |                Detection completed                 |
57470 |Info:    ------------------------------------------------------
