    OpenRGB v0.9
    Commit: b5f46e3f1de03595656c682fc2f068b66e735e63 from 2023-07-09 22:51:47 -0500
    Launched: 20240610_013927
====================================================================================================

0     |Info:    Found file: 1.orp attempting to validate header
0     |Info:    Valid v4 profile found for 1
1015  |Info:    ------------------------------------------------------
1015  |Info:    |               Start device detection               |
1015  |Info:    ------------------------------------------------------
1015  |Info:    Initializing HID interfaces: Success
1025  |Info:    ------------------------------------------------------
1025  |Info:    |             Detecting I2C interfaces               |
1025  |Info:    ------------------------------------------------------
1025  |Info:    Registering I2C interface: /dev/i2c-3 Device 10DE:2503 Subsystem: 1043:87F5
1025  |Info:    Registering I2C interface: /dev/i2c-1 Device 10DE:2503 Subsystem: 1043:87F5
1025  |Info:    Registering I2C interface: /dev/i2c-8 Device 1022:790B Subsystem: 1462:7C56
1025  |Info:    Registering I2C interface: /dev/i2c-6 Device 1022:790B Subsystem: 1462:7C56
1025  |Info:    Registering I2C interface: /dev/i2c-4 Device 10DE:2503 Subsystem: 1043:87F5
1025  |Info:    Registering I2C interface: /dev/i2c-2 Device 10DE:2503 Subsystem: 1043:87F5
1025  |Info:    Registering I2C interface: /dev/i2c-0 Device 10DE:2503 Subsystem: 1043:87F5
1025  |Info:    Registering I2C interface: /dev/i2c-7 Device 1022:790B Subsystem: 1462:7C56
1025  |Info:    Registering I2C interface: /dev/i2c-5 Device 10DE:2503 Subsystem: 1043:87F5
1025  |Info:    ------------------------------------------------------
1025  |Info:    |               Detecting I2C devices                |
1025  |Info:    ------------------------------------------------------
2016  |Info:    ------------------------------------------------------
2016  |Info:    |               Detecting I2C PCI devices            |
2016  |Info:    ------------------------------------------------------
2331  |Info:    [ASUS TUF 3060 O12G GAMING] Registering RGB controller
2678  |Info:    ------------------------------------------------------
2678  |Info:    |               Detecting HID devices                |
2678  |Info:    ------------------------------------------------------
2678  |Info:    [Keychron Gaming Keyboard 1] Registering RGB controller
2756  |Info:    [MSI MPG B550 GAMING PLUS (MS-7C56)] Registering RGB controller
3196  |Info:    [G502 HERO Gaming Mouse] Registering RGB controller
3196  |Info:    ------------------------------------------------------
3196  |Info:    |            Detecting libusb HID devices            |
3196  |Info:    ------------------------------------------------------
3325  |Info:    ------------------------------------------------------
3325  |Info:    |              Detecting other devices               |
3325  |Info:    ------------------------------------------------------
3340  |Info:    ------------------------------------------------------
3340  |Info:    |                Detection completed                 |
3340  |Info:    ------------------------------------------------------
3340  |Dialog:  <h2>WARNING:</h2><p>The OpenRGB udev rules are not installed.</p><p>Most devices will not be available unless running OpenRGB as root.</p><p>If using AppImage, Flatpak, or self-compiled versions of OpenRGB you must install the udev rules manually</p><p>See <a href='https://openrgb.org/udev'>https://openrgb.org/udev</a> to install the udev rules manually</p>
