{"logTime": "0604/233108", "correlationVector":"2YR4Y3TusYtTAahv6iiRTe.54","action":"GetUpdates", "result":"DeleteReceived", "context":{"id":"06ecc6b3-7bfc-4321-abc3-ce40a792074d", "isDeleted:":"true", "version":"1716895979480"}}
{"logTime": "0604/233108", "correlationVector":"2YR4Y3TusYtTAahv6iiRTe.55","action":"GetUpdates", "result":"DeleteReceived", "context":{"id":"216852c3-c9a9-4446-aa40-8e97a27db7a9", "isDeleted:":"true", "version":"1716895979481"}}
{"logTime": "0604/233108", "correlationVector":"2YR4Y3TusYtTAahv6iiRTe.56","action":"GetUpdates", "result":"DeleteReceived", "context":{"id":"9bddf164-3a88-4491-b2a8-bb31cb4e39a8", "isDeleted:":"true", "version":"1716895979482"}}
{"logTime": "0604/233108", "correlationVector":"2YR4Y3TusYtTAahv6iiRTe.57","action":"GetUpdates", "result":"DeleteReceived", "context":{"id":"33a1d5f9-48ce-4b8b-8d73-03c59d70a277", "isDeleted:":"true", "version":"1716895979486"}}
{"logTime": "0604/233108", "correlationVector":"2YR4Y3TusYtTAahv6iiRTe.58","action":"GetUpdates", "result":"DeleteReceived", "context":{"id":"10322e08-441b-4028-bf91-7b6556921ca5", "isDeleted:":"true", "version":"1716895980688"}}
{"logTime": "0604/233108", "correlationVector":"2YR4Y3TusYtTAahv6iiRTe.59","action":"GetUpdates", "result":"DeleteReceived", "context":{"id":"ee6a8b5f-f191-4591-bda4-18bcda70da2b", "isDeleted:":"true", "version":"1716895980689"}}
{"logTime": "0604/233108", "correlationVector":"2YR4Y3TusYtTAahv6iiRTe.60","action":"GetUpdates", "result":"DeleteReceived", "context":{"id":"3c477133-6a5a-44ca-8374-2c76134f3a78", "isDeleted:":"true", "version":"1716895980690"}}
{"logTime": "0604/233108", "correlationVector":"2YR4Y3TusYtTAahv6iiRTe.61","action":"GetUpdates", "result":"DeleteReceived", "context":{"id":"06e4fa48-df9c-4f38-9cc3-dc3f5d4d9f90", "isDeleted:":"true", "version":"1716895980692"}}
{"logTime": "0604/233108", "correlationVector":"2YR4Y3TusYtTAahv6iiRTe.62","action":"GetUpdates", "result":"DeleteReceived", "context":{"id":"1e8da728-8845-4d7f-bb36-1c520ad779f7", "isDeleted:":"true", "version":"1716895980694"}}
{"logTime": "0604/233108", "correlationVector":"2YR4Y3TusYtTAahv6iiRTe.63","action":"GetUpdates", "result":"DeleteReceived", "context":{"id":"51108b38-4bd3-4171-81ee-48d3fc9c3cd3", "isDeleted:":"true", "version":"1716895980695"}}
{"logTime": "0604/233108", "correlationVector":"2YR4Y3TusYtTAahv6iiRTe.64","action":"GetUpdates", "result":"DeleteReceived", "context":{"id":"1ac8c2d8-6d7c-4544-9d40-403d45e37fcc", "isDeleted:":"true", "version":"1716895980697"}}
{"logTime": "0604/233108", "correlationVector":"2YR4Y3TusYtTAahv6iiRTe.65","action":"GetUpdates", "result":"DeleteReceived", "context":{"id":"0ab43cc0-435c-4876-a002-60115f13fcc9", "isDeleted:":"true", "version":"1716895980698"}}
{"logTime": "0604/233108", "correlationVector":"2YR4Y3TusYtTAahv6iiRTe.66","action":"GetUpdates", "result":"DeleteReceived", "context":{"id":"4aedd988-720b-4084-8352-049a9a683f6e", "isDeleted:":"true", "version":"1716895980699"}}
{"logTime": "0604/233108", "correlationVector":"2YR4Y3TusYtTAahv6iiRTe.67","action":"GetUpdates", "result":"DeleteReceived", "context":{"id":"5c3351f8-2fd9-4e09-9701-add6cb0be9d8", "isDeleted:":"true", "version":"1716895980702"}}
{"logTime": "0604/233108", "correlationVector":"2YR4Y3TusYtTAahv6iiRTe.68","action":"GetUpdates", "result":"DeleteReceived", "context":{"id":"0e0ab59d-d89a-43ab-973b-b04ca3ad8092", "isDeleted:":"true", "version":"1716895980704"}}
{"logTime": "0604/233108", "correlationVector":"2YR4Y3TusYtTAahv6iiRTe.69","action":"GetUpdates", "result":"DeleteReceived", "context":{"id":"11dfde84-5235-4459-92e4-ed0fd3f57485", "isDeleted:":"true", "version":"1716895980706"}}
{"logTime": "0604/233108", "correlationVector":"2YR4Y3TusYtTAahv6iiRTe.70","action":"GetUpdates", "result":"DeleteReceived", "context":{"id":"778bd957-1351-40b9-925f-59e0bdeaaee0", "isDeleted:":"true", "version":"1716895980712"}}
{"logTime": "0604/233108", "correlationVector":"2YR4Y3TusYtTAahv6iiRTe.71","action":"GetUpdates", "result":"DeleteReceived", "context":{"id":"6d671875-e429-4cf2-b979-12808ad6dd1b", "isDeleted:":"true", "version":"1716895980714"}}
{"logTime": "0604/233108", "correlationVector":"2YR4Y3TusYtTAahv6iiRTe.72","action":"GetUpdates", "result":"DeleteReceived", "context":{"id":"4cfbcad4-730b-40c1-b9e7-7ecc340d8947", "isDeleted:":"true", "version":"1716895980719"}}
{"logTime": "0604/233108", "correlationVector":"2YR4Y3TusYtTAahv6iiRTe.73","action":"GetUpdates", "result":"DeleteReceived", "context":{"id":"4843f65b-7f4f-42b1-9123-d1106507237a", "isDeleted:":"true", "version":"1716895980720"}}
{"logTime": "0604/233108", "correlationVector":"2YR4Y3TusYtTAahv6iiRTe.74","action":"GetUpdates", "result":"DeleteReceived", "context":{"id":"024c5cb2-1342-404e-8306-e88893c03b24", "isDeleted:":"true", "version":"1716895980723"}}
{"logTime": "0604/233108", "correlationVector":"2YR4Y3TusYtTAahv6iiRTe.75","action":"GetUpdates", "result":"DeleteReceived", "context":{"id":"28eea393-7949-4f9d-abb6-0b23df531339", "isDeleted:":"true", "version":"1716895981927"}}
{"logTime": "0604/233108", "correlationVector":"2YR4Y3TusYtTAahv6iiRTe.76","action":"GetUpdates", "result":"DeleteReceived", "context":{"id":"4e251cf2-04d7-4a88-bd33-f4aaaaf8bfff", "isDeleted:":"true", "version":"1716895981928"}}
{"logTime": "0604/233108", "correlationVector":"2YR4Y3TusYtTAahv6iiRTe.77","action":"GetUpdates", "result":"DeleteReceived", "context":{"id":"4c848594-f216-4d27-99a6-193d4b699ef5", "isDeleted:":"true", "version":"1716895981929"}}
{"logTime": "0604/233108", "correlationVector":"2YR4Y3TusYtTAahv6iiRTe.78","action":"GetUpdates", "result":"DeleteReceived", "context":{"id":"baf8a55a-ab99-46b2-bac9-1a5bbfd4b3b0", "isDeleted:":"true", "version":"1716895981934"}}
{"logTime": "0604/233108", "correlationVector":"2YR4Y3TusYtTAahv6iiRTe.79","action":"GetUpdates", "result":"DeleteReceived", "context":{"id":"74b4a4c9-0089-466c-8325-731eb483f9ff", "isDeleted:":"true", "version":"1716895981938"}}
{"logTime": "0604/233108", "correlationVector":"2YR4Y3TusYtTAahv6iiRTe.80","action":"GetUpdates", "result":"DeleteReceived", "context":{"id":"1585498f-52ab-4ad8-afc9-bd580a43fb7f", "isDeleted:":"true", "version":"1716895981950"}}
{"logTime": "0604/233108", "correlationVector":"2YR4Y3TusYtTAahv6iiRTe.81","action":"GetUpdates", "result":"DeleteReceived", "context":{"id":"9144e6fc-fa78-41b0-9fff-1e77fd267479", "isDeleted:":"true", "version":"1716895981952"}}
{"logTime": "0604/233108", "correlationVector":"2YR4Y3TusYtTAahv6iiRTe.82","action":"GetUpdates", "result":"DeleteReceived", "context":{"id":"3d6ea857-db99-4877-ab15-62ecaeab9c7e", "isDeleted:":"true", "version":"1716895981953"}}
{"logTime": "0604/233108", "correlationVector":"2YR4Y3TusYtTAahv6iiRTe.83","action":"GetUpdates", "result":"DeleteReceived", "context":{"id":"36e5b21d-4e01-426a-a1e7-f2e797ff4256", "isDeleted:":"true", "version":"1716895981954"}}
{"logTime": "0604/233108", "correlationVector":"2YR4Y3TusYtTAahv6iiRTe.84","action":"GetUpdates", "result":"DeleteReceived", "context":{"id":"28cd7c45-f0d7-4be1-9d59-d67f785c6faf", "isDeleted:":"true", "version":"1716895981957"}}
{"logTime": "0604/233108", "correlationVector":"2YR4Y3TusYtTAahv6iiRTe.85","action":"GetUpdates", "result":"DeleteReceived", "context":{"id":"288a99b0-47c1-4360-9211-bc910d70b487", "isDeleted:":"true", "version":"1716895981958"}}
{"logTime": "0604/233108", "correlationVector":"2YR4Y3TusYtTAahv6iiRTe.86","action":"GetUpdates", "result":"DeleteReceived", "context":{"id":"5dddae30-be88-4119-ac3e-c62706390e3f", "isDeleted:":"true", "version":"1716895981960"}}
{"logTime": "0604/233108", "correlationVector":"2YR4Y3TusYtTAahv6iiRTe.87","action":"GetUpdates", "result":"DeleteReceived", "context":{"id":"3bfbab45-faeb-46eb-9ec2-57c9b31f335f", "isDeleted:":"true", "version":"1716895981962"}}
{"logTime": "0604/233108", "correlationVector":"2YR4Y3TusYtTAahv6iiRTe.88","action":"GetUpdates", "result":"DeleteReceived", "context":{"id":"141ecae8-0268-4565-a258-f3977f94615d", "isDeleted:":"true", "version":"1716895983122"}}
{"logTime": "0604/233108", "correlationVector":"2YR4Y3TusYtTAahv6iiRTe.89","action":"GetUpdates", "result":"DeleteReceived", "context":{"id":"2817c464-f301-43c4-b217-06385ce660b8", "isDeleted:":"true", "version":"1716895983123"}}
{"logTime": "0604/233108", "correlationVector":"2YR4Y3TusYtTAahv6iiRTe.90","action":"GetUpdates", "result":"DeleteReceived", "context":{"id":"c88d2ce7-c1fe-4a61-8279-d37524f9a003", "isDeleted:":"true", "version":"1716895983126"}}
{"logTime": "0604/233108", "correlationVector":"2YR4Y3TusYtTAahv6iiRTe.91","action":"GetUpdates", "result":"DeleteReceived", "context":{"id":"44985384-f402-450e-9bf8-472577156399", "isDeleted:":"true", "version":"1716895983128"}}
{"logTime": "0604/233108", "correlationVector":"2YR4Y3TusYtTAahv6iiRTe.92","action":"GetUpdates", "result":"DeleteReceived", "context":{"id":"04223b26-a6b9-4a40-b028-b39ebceaeac8", "isDeleted:":"true", "version":"1716895983131"}}
{"logTime": "0604/233108", "correlationVector":"2YR4Y3TusYtTAahv6iiRTe.93","action":"GetUpdates", "result":"DeleteReceived", "context":{"id":"09860f47-dec0-4a52-bd85-375c4a66e725", "isDeleted:":"true", "version":"1716895983133"}}
{"logTime": "0604/233108", "correlationVector":"2YR4Y3TusYtTAahv6iiRTe.94","action":"GetUpdates", "result":"DeleteReceived", "context":{"id":"12b544cb-2181-4465-9f97-6c7c9f4b9e9b", "isDeleted:":"true", "version":"1716895983138"}}
{"logTime": "0604/233108", "correlationVector":"2YR4Y3TusYtTAahv6iiRTe.95","action":"GetUpdates", "result":"DeleteReceived", "context":{"id":"6c60c508-41a8-4190-af5b-efeedc7a499c", "isDeleted:":"true", "version":"1716895983139"}}
{"logTime": "0604/233108", "correlationVector":"2YR4Y3TusYtTAahv6iiRTe.96","action":"GetUpdates", "result":"DeleteReceived", "context":{"id":"b1aadd6f-d6c1-4858-b982-bb6a4d12c503", "isDeleted:":"true", "version":"1716895983140"}}
{"logTime": "0604/233108", "correlationVector":"2YR4Y3TusYtTAahv6iiRTe.97","action":"GetUpdates", "result":"DeleteReceived", "context":{"id":"4abd2078-07be-4e5a-89e3-2f7da7a2dec3", "isDeleted:":"true", "version":"1716895983142"}}
{"logTime": "0604/233108", "correlationVector":"2YR4Y3TusYtTAahv6iiRTe.98","action":"GetUpdates", "result":"DeleteReceived", "context":{"id":"c6207111-41ec-4fee-8dd5-d04490f2f2bf", "isDeleted:":"true", "version":"1716895983144"}}
{"logTime": "0604/233108", "correlationVector":"2YR4Y3TusYtTAahv6iiRTe.99","action":"GetUpdates", "result":"DeleteReceived", "context":{"id":"06cecc34-0623-4c27-99f8-8e4175418f4f", "isDeleted:":"true", "version":"1716895983146"}}
{"logTime": "0604/233108", "correlationVector":"2YR4Y3TusYtTAahv6iiRTe.100","action":"GetUpdates", "result":"DeleteReceived", "context":{"id":"6fd45656-93a1-47bc-9375-d21a809bf39c", "isDeleted:":"true", "version":"1716895983148"}}
{"logTime": "0604/233108", "correlationVector":"2YR4Y3TusYtTAahv6iiRTe.101","action":"GetUpdates Response", "result":"Success", "context":Received 250 update(s). cV=2YR4Y3TusYtTAahv6iiRTe.0;server=GENERAL1100002D;cloudType=Consumer;environment=Prod_EastUS_000w;migrationStage=NotStarted Some updates remain.}
{"logTime": "0604/233108", "correlationVector":"Yckooh69OuSdgOECCb3KXI","action":"Initial GetUpdates", "result":"", "context":Reason: NEWLY_SUPPORTED_DATATYPE. cV=Yckooh69OuSdgOECCb3KXI}
{"logTime": "0604/233108", "correlationVector":"Yckooh69OuSdgOECCb3KXI.1","action":"SyncServerConnectionManagerRequest", "result":"SYNC_SERVER_OK", "context":{"environment":"Prod_EastUS_000w", "migrationStage":"NotStarted", "server":"GENERAL1100000F"}}
{"logTime": "0604/233108", "correlationVector":"Yckooh69OuSdgOECCb3KXI.2","action":"GetUpdates", "result":"DeleteReceived", "context":{"id":"56f6551c-cd7e-4525-a626-abde994a1db4", "isDeleted:":"true", "version":"1716895983149"}}
{"logTime": "0604/233108", "correlationVector":"Yckooh69OuSdgOECCb3KXI.3","action":"GetUpdates", "result":"DeleteReceived", "context":{"id":"69753797-ea05-4a2b-99e5-b62d40618308", "isDeleted:":"true", "version":"1716895983150"}}
{"logTime": "0604/233108", "correlationVector":"Yckooh69OuSdgOECCb3KXI.4","action":"GetUpdates", "result":"DeleteReceived", "context":{"id":"2019f273-eb7b-4c5c-bf6d-dfaa7c8a8fe2", "isDeleted:":"true", "version":"1716895983153"}}
{"logTime": "0604/233108", "correlationVector":"Yckooh69OuSdgOECCb3KXI.5","action":"GetUpdates", "result":"DeleteReceived", "context":{"id":"66b02dc1-28a9-459e-b435-f98c3a97e11a", "isDeleted:":"true", "version":"1716895983155"}}
{"logTime": "0604/233108", "correlationVector":"Yckooh69OuSdgOECCb3KXI.6","action":"GetUpdates", "result":"DeleteReceived", "context":{"id":"00ad5ec1-21a9-4bb9-8b01-1afdf460bf23", "isDeleted:":"true", "version":"1716895984311"}}
{"logTime": "0604/233108", "correlationVector":"Yckooh69OuSdgOECCb3KXI.7","action":"GetUpdates", "result":"DeleteReceived", "context":{"id":"438d9cb2-a826-42c0-83e6-0e8666487329", "isDeleted:":"true", "version":"1716895984314"}}
{"logTime": "0604/233108", "correlationVector":"Yckooh69OuSdgOECCb3KXI.8","action":"GetUpdates", "result":"DeleteReceived", "context":{"id":"31f44689-7a16-4905-9f97-5325ad76b85a", "isDeleted:":"true", "version":"1716895984315"}}
{"logTime": "0604/233108", "correlationVector":"Yckooh69OuSdgOECCb3KXI.9","action":"GetUpdates", "result":"DeleteReceived", "context":{"id":"8d6f5902-334b-4ae0-bbc7-8ce46b9b52af", "isDeleted:":"true", "version":"1716895984317"}}
{"logTime": "0604/233108", "correlationVector":"Yckooh69OuSdgOECCb3KXI.10","action":"GetUpdates", "result":"DeleteReceived", "context":{"id":"393717f7-bfff-4a30-af71-15b80099d500", "isDeleted:":"true", "version":"1716895984319"}}
{"logTime": "0604/233108", "correlationVector":"Yckooh69OuSdgOECCb3KXI.11","action":"GetUpdates", "result":"DeleteReceived", "context":{"id":"8cf7cedf-e046-4ac9-89d5-dccc854be451", "isDeleted:":"true", "version":"1716895984324"}}
{"logTime": "0604/233108", "correlationVector":"Yckooh69OuSdgOECCb3KXI.12","action":"GetUpdates", "result":"DeleteReceived", "context":{"id":"0b338a02-1564-4e66-9327-1e6e8dd4ceb2", "isDeleted:":"true", "version":"1716895984326"}}
{"logTime": "0604/233108", "correlationVector":"Yckooh69OuSdgOECCb3KXI.13","action":"GetUpdates", "result":"DeleteReceived", "context":{"id":"14ab3c02-9a05-480f-a484-d30c6c26b421", "isDeleted:":"true", "version":"1716895984328"}}
{"logTime": "0604/233108", "correlationVector":"Yckooh69OuSdgOECCb3KXI.14","action":"GetUpdates", "result":"DeleteReceived", "context":{"id":"94b86563-f273-49c6-953d-011981c6932d", "isDeleted:":"true", "version":"1716895984329"}}
{"logTime": "0604/233108", "correlationVector":"Yckooh69OuSdgOECCb3KXI.15","action":"GetUpdates", "result":"DeleteReceived", "context":{"id":"2fd74feb-7c1e-45c9-b81f-f80140e5aed9", "isDeleted:":"true", "version":"1716895984331"}}
{"logTime": "0604/233108", "correlationVector":"Yckooh69OuSdgOECCb3KXI.16","action":"GetUpdates", "result":"DeleteReceived", "context":{"id":"5e81b85f-9e6e-4acc-a38c-b4c6911c78c2", "isDeleted:":"true", "version":"1716895984333"}}
{"logTime": "0604/233108", "correlationVector":"Yckooh69OuSdgOECCb3KXI.17","action":"GetUpdates", "result":"DeleteReceived", "context":{"id":"5e31de07-0138-41e3-b3f9-0da6f085131d", "isDeleted:":"true", "version":"1716895984338"}}
{"logTime": "0604/233108", "correlationVector":"Yckooh69OuSdgOECCb3KXI.18","action":"GetUpdates", "result":"DeleteReceived", "context":{"id":"1088b05a-1a54-46f2-826c-bf926225f51f", "isDeleted:":"true", "version":"1716895984339"}}
{"logTime": "0604/233108", "correlationVector":"Yckooh69OuSdgOECCb3KXI.19","action":"GetUpdates", "result":"DeleteReceived", "context":{"id":"9afdc727-b5a0-42b1-a260-3a4ae7f79177", "isDeleted:":"true", "version":"1716895984340"}}
{"logTime": "0604/233108", "correlationVector":"Yckooh69OuSdgOECCb3KXI.20","action":"GetUpdates", "result":"DeleteReceived", "context":{"id":"1c335f35-6f89-4660-a814-c41e90d3199a", "isDeleted:":"true", "version":"1716895984342"}}
{"logTime": "0604/233108", "correlationVector":"Yckooh69OuSdgOECCb3KXI.21","action":"GetUpdates", "result":"DeleteReceived", "context":{"id":"40c67051-44e6-443b-a3f0-fb0e629e7150", "isDeleted:":"true", "version":"1716895984347"}}
{"logTime": "0604/233108", "correlationVector":"Yckooh69OuSdgOECCb3KXI.22","action":"GetUpdates", "result":"DeleteReceived", "context":{"id":"0e59832b-0e29-4a79-9344-132ade97f7ba", "isDeleted:":"true", "version":"1716895984348"}}
{"logTime": "0604/233108", "correlationVector":"Yckooh69OuSdgOECCb3KXI.23","action":"GetUpdates", "result":"DeleteReceived", "context":{"id":"ca8c864e-55ed-404b-99ef-bc08589b6131", "isDeleted:":"true", "version":"1716895984350"}}
{"logTime": "0604/233108", "correlationVector":"Yckooh69OuSdgOECCb3KXI.24","action":"GetUpdates", "result":"DeleteReceived", "context":{"id":"d91d176f-136b-44b2-96bf-9470b45ab01b", "isDeleted:":"true", "version":"1716895985531"}}
{"logTime": "0604/233108", "correlationVector":"Yckooh69OuSdgOECCb3KXI.25","action":"GetUpdates", "result":"DeleteReceived", "context":{"id":"3e5c2f76-99ff-4256-99ad-c6d3bb9f5627", "isDeleted:":"true", "version":"1716895985532"}}
{"logTime": "0604/233108", "correlationVector":"Yckooh69OuSdgOECCb3KXI.26","action":"GetUpdates", "result":"DeleteReceived", "context":{"id":"cdcee12a-4109-45f4-b8f1-511885bcd457", "isDeleted:":"true", "version":"1716895985534"}}
{"logTime": "0604/233108", "correlationVector":"Yckooh69OuSdgOECCb3KXI.27","action":"GetUpdates", "result":"DeleteReceived", "context":{"id":"6cffdefe-0c4c-49c3-bc9d-4e589adbf9ff", "isDeleted:":"true", "version":"1716895985537"}}
{"logTime": "0604/233108", "correlationVector":"Yckooh69OuSdgOECCb3KXI.28","action":"GetUpdates", "result":"DeleteReceived", "context":{"id":"a17d42ad-d8e6-4269-93be-2beec10aa5fe", "isDeleted:":"true", "version":"1716895985541"}}
{"logTime": "0604/233108", "correlationVector":"Yckooh69OuSdgOECCb3KXI.29","action":"GetUpdates", "result":"DeleteReceived", "context":{"id":"1fe2cd7b-9bc7-497f-9eef-42524bdd72e7", "isDeleted:":"true", "version":"1716895985548"}}
{"logTime": "0604/233108", "correlationVector":"Yckooh69OuSdgOECCb3KXI.30","action":"GetUpdates", "result":"DeleteReceived", "context":{"id":"4cf5d84b-6902-4cdb-8ef2-9fe0d163f0a0", "isDeleted:":"true", "version":"1716895985550"}}
{"logTime": "0604/233108", "correlationVector":"Yckooh69OuSdgOECCb3KXI.31","action":"GetUpdates", "result":"DeleteReceived", "context":{"id":"0ea7ebea-57c8-4120-beb2-e8f1c05ad4d4", "isDeleted:":"true", "version":"1716895985551"}}
{"logTime": "0604/233108", "correlationVector":"Yckooh69OuSdgOECCb3KXI.32","action":"GetUpdates", "result":"DeleteReceived", "context":{"id":"4cc63cc5-459c-4739-9cf6-862d373bfead", "isDeleted:":"true", "version":"1716895985552"}}
{"logTime": "0604/233108", "correlationVector":"Yckooh69OuSdgOECCb3KXI.33","action":"GetUpdates", "result":"DeleteReceived", "context":{"id":"2bbc0734-5d14-4047-9f1d-cbb23720e9b7", "isDeleted:":"true", "version":"1716895985560"}}
{"logTime": "0604/233108", "correlationVector":"Yckooh69OuSdgOECCb3KXI.34","action":"GetUpdates", "result":"DeleteReceived", "context":{"id":"27aacb8b-8144-4029-aadc-7e3ee2ff0b83", "isDeleted:":"true", "version":"1716895985568"}}
{"logTime": "0604/233108", "correlationVector":"Yckooh69OuSdgOECCb3KXI.35","action":"GetUpdates", "result":"DeleteReceived", "context":{"id":"1b276fb5-5081-432f-b75f-5228fe8f24c0", "isDeleted:":"true", "version":"1716895985569"}}
{"logTime": "0604/233108", "correlationVector":"Yckooh69OuSdgOECCb3KXI.36","action":"GetUpdates", "result":"DeleteReceived", "context":{"id":"6903081b-fd1c-4f70-943e-86ca1409421b", "isDeleted:":"true", "version":"1716895986929"}}
{"logTime": "0604/233108", "correlationVector":"Yckooh69OuSdgOECCb3KXI.37","action":"GetUpdates", "result":"DeleteReceived", "context":{"id":"3e8ee716-49e6-4d42-b6dd-7579c5ab7b30", "isDeleted:":"true", "version":"1716895986934"}}
{"logTime": "0604/233108", "correlationVector":"Yckooh69OuSdgOECCb3KXI.38","action":"GetUpdates", "result":"DeleteReceived", "context":{"id":"1da4b5dd-753e-4d20-b42a-7b649a191e1b", "isDeleted:":"true", "version":"1716895986935"}}
{"logTime": "0604/233108", "correlationVector":"Yckooh69OuSdgOECCb3KXI.39","action":"GetUpdates", "result":"DeleteReceived", "context":{"id":"6689e780-36ac-44f9-97b5-a061fa6423a5", "isDeleted:":"true", "version":"1716895986936"}}
{"logTime": "0604/233108", "correlationVector":"Yckooh69OuSdgOECCb3KXI.40","action":"GetUpdates", "result":"DeleteReceived", "context":{"id":"2eb86c84-c63f-44b7-b7f6-973e0889844d", "isDeleted:":"true", "version":"1716895986938"}}
{"logTime": "0604/233108", "correlationVector":"Yckooh69OuSdgOECCb3KXI.41","action":"GetUpdates", "result":"DeleteReceived", "context":{"id":"3a75a04e-bad3-4365-9835-640da620dd3e", "isDeleted:":"true", "version":"1716895986939"}}
{"logTime": "0604/233108", "correlationVector":"Yckooh69OuSdgOECCb3KXI.42","action":"GetUpdates", "result":"DeleteReceived", "context":{"id":"abffc1c9-cfc5-4380-8191-2d9c7ec4244f", "isDeleted:":"true", "version":"1716895986944"}}
{"logTime": "0604/233108", "correlationVector":"Yckooh69OuSdgOECCb3KXI.43","action":"GetUpdates", "result":"DeleteReceived", "context":{"id":"15add69e-d908-43cb-b860-30229e2f923e", "isDeleted:":"true", "version":"1716895986947"}}
{"logTime": "0604/233108", "correlationVector":"Yckooh69OuSdgOECCb3KXI.44","action":"GetUpdates", "result":"DeleteReceived", "context":{"id":"0194d80d-e8d6-4678-8f79-ca5f7dbc54a1", "isDeleted:":"true", "version":"1716895986950"}}
{"logTime": "0604/233108", "correlationVector":"Yckooh69OuSdgOECCb3KXI.45","action":"GetUpdates", "result":"DeleteReceived", "context":{"id":"3bab025b-08a1-46c1-b012-40eac73b057c", "isDeleted:":"true", "version":"1716895986953"}}
{"logTime": "0604/233108", "correlationVector":"Yckooh69OuSdgOECCb3KXI.46","action":"GetUpdates", "result":"DeleteReceived", "context":{"id":"42353215-515b-49c4-865a-b2cf873ba281", "isDeleted:":"true", "version":"1716895986954"}}
{"logTime": "0604/233108", "correlationVector":"Yckooh69OuSdgOECCb3KXI.47","action":"GetUpdates", "result":"DeleteReceived", "context":{"id":"3294297d-012c-47dc-82ce-836139c9ba05", "isDeleted:":"true", "version":"1716895986956"}}
{"logTime": "0604/233108", "correlationVector":"Yckooh69OuSdgOECCb3KXI.48","action":"GetUpdates", "result":"DeleteReceived", "context":{"id":"3394f504-861d-4ef7-9edd-ecfc8bfa7893", "isDeleted:":"true", "version":"1716895986958"}}
{"logTime": "0604/233108", "correlationVector":"Yckooh69OuSdgOECCb3KXI.49","action":"GetUpdates", "result":"DeleteReceived", "context":{"id":"715c71f7-becc-45b8-8e92-dce291b1216f", "isDeleted:":"true", "version":"1716895986964"}}
{"logTime": "0604/233108", "correlationVector":"Yckooh69OuSdgOECCb3KXI.50","action":"GetUpdates", "result":"DeleteReceived", "context":{"id":"51e37b68-7b3e-47ff-85e5-8b7d179ffa4a", "isDeleted:":"true", "version":"1716895986968"}}
{"logTime": "0604/233108", "correlationVector":"Yckooh69OuSdgOECCb3KXI.51","action":"GetUpdates", "result":"DeleteReceived", "context":{"id":"631312a5-950d-42b8-a508-569dc3491353", "isDeleted:":"true", "version":"1716895988265"}}
{"logTime": "0604/233108", "correlationVector":"Yckooh69OuSdgOECCb3KXI.52","action":"GetUpdates", "result":"DeleteReceived", "context":{"id":"1028a7df-07c5-417e-b7f0-6b85a862495a", "isDeleted:":"true", "version":"1716895988272"}}
{"logTime": "0604/233108", "correlationVector":"Yckooh69OuSdgOECCb3KXI.53","action":"GetUpdates", "result":"DeleteReceived", "context":{"id":"20f9b6c0-7b9e-4b33-9fec-ff5fc69fde32", "isDeleted:":"true", "version":"1716895988273"}}
{"logTime": "0604/233108", "correlationVector":"Yckooh69OuSdgOECCb3KXI.54","action":"GetUpdates", "result":"DeleteReceived", "context":{"id":"2eb668cf-9f9a-49ec-b7d9-821ef2bc7a82", "isDeleted:":"true", "version":"1716895988274"}}
{"logTime": "0604/233108", "correlationVector":"Yckooh69OuSdgOECCb3KXI.55","action":"GetUpdates", "result":"DeleteReceived", "context":{"id":"473ac06b-44fe-4648-b6ba-c570aa61c7ea", "isDeleted:":"true", "version":"1716895988281"}}
{"logTime": "0604/233108", "correlationVector":"Yckooh69OuSdgOECCb3KXI.56","action":"GetUpdates", "result":"DeleteReceived", "context":{"id":"5547a225-649a-4843-a1ad-e1acb9d672dd", "isDeleted:":"true", "version":"1716895988282"}}
{"logTime": "0604/233108", "correlationVector":"Yckooh69OuSdgOECCb3KXI.57","action":"GetUpdates", "result":"DeleteReceived", "context":{"id":"41fdba9a-4786-4fa3-8d1e-b9fca3c017b3", "isDeleted:":"true", "version":"1716895988286"}}
{"logTime": "0604/233108", "correlationVector":"Yckooh69OuSdgOECCb3KXI.58","action":"GetUpdates", "result":"DeleteReceived", "context":{"id":"14e458ee-6408-4c8c-89a1-10d8c1abd6ab", "isDeleted:":"true", "version":"1716895988293"}}
{"logTime": "0604/233108", "correlationVector":"Yckooh69OuSdgOECCb3KXI.59","action":"GetUpdates", "result":"DeleteReceived", "context":{"id":"4d13c7a7-25c5-412e-b4ab-faa2af28c28f", "isDeleted:":"true", "version":"1716895988295"}}
{"logTime": "0604/233108", "correlationVector":"Yckooh69OuSdgOECCb3KXI.60","action":"GetUpdates", "result":"DeleteReceived", "context":{"id":"79c0dae6-8f15-41ca-9b4b-eae0b2b15d4a", "isDeleted:":"true", "version":"1716895988297"}}
{"logTime": "0604/233108", "correlationVector":"Yckooh69OuSdgOECCb3KXI.61","action":"GetUpdates", "result":"DeleteReceived", "context":{"id":"484bdcbf-35a9-4644-b3b8-d689b791f212", "isDeleted:":"true", "version":"1716895988299"}}
{"logTime": "0604/233108", "correlationVector":"Yckooh69OuSdgOECCb3KXI.62","action":"GetUpdates", "result":"DeleteReceived", "context":{"id":"4aa9e0d4-05ee-4e56-bee7-e627fcd982a6", "isDeleted:":"true", "version":"1716895988300"}}
{"logTime": "0604/233108", "correlationVector":"Yckooh69OuSdgOECCb3KXI.63","action":"GetUpdates", "result":"DeleteReceived", "context":{"id":"84553b4e-918d-4de1-aa2f-4d3786bdef93", "isDeleted:":"true", "version":"1716895989572"}}
{"logTime": "0604/233108", "correlationVector":"Yckooh69OuSdgOECCb3KXI.64","action":"GetUpdates", "result":"DeleteReceived", "context":{"id":"02e4ed82-81f6-45ed-89e3-666f1d104108", "isDeleted:":"true", "version":"1716895989573"}}
{"logTime": "0604/233108", "correlationVector":"Yckooh69OuSdgOECCb3KXI.65","action":"GetUpdates", "result":"DeleteReceived", "context":{"id":"1c1c037a-209a-4596-b481-a495fcb7dfac", "isDeleted:":"true", "version":"1716895989577"}}
{"logTime": "0604/233108", "correlationVector":"Yckooh69OuSdgOECCb3KXI.66","action":"GetUpdates", "result":"DeleteReceived", "context":{"id":"19e7069c-e0f1-421b-824d-369de00382c3", "isDeleted:":"true", "version":"1716895989579"}}
{"logTime": "0604/233108", "correlationVector":"Yckooh69OuSdgOECCb3KXI.67","action":"GetUpdates", "result":"DeleteReceived", "context":{"id":"239e55dc-2362-43d0-b774-2e76ec800f9b", "isDeleted:":"true", "version":"1716895989580"}}
{"logTime": "0604/233108", "correlationVector":"Yckooh69OuSdgOECCb3KXI.68","action":"GetUpdates", "result":"DeleteReceived", "context":{"id":"07ef659b-25c3-4d8d-a507-15dd0a6982d4", "isDeleted:":"true", "version":"1716895989581"}}
{"logTime": "0604/233108", "correlationVector":"Yckooh69OuSdgOECCb3KXI.69","action":"GetUpdates", "result":"DeleteReceived", "context":{"id":"088c86af-8131-44c9-bc58-110e1541a82e", "isDeleted:":"true", "version":"1716895989582"}}
{"logTime": "0604/233108", "correlationVector":"Yckooh69OuSdgOECCb3KXI.70","action":"GetUpdates", "result":"DeleteReceived", "context":{"id":"290ba90e-70f1-41fb-95e3-dee3cfa0b682", "isDeleted:":"true", "version":"1716895989586"}}
{"logTime": "0604/233108", "correlationVector":"Yckooh69OuSdgOECCb3KXI.71","action":"GetUpdates", "result":"DeleteReceived", "context":{"id":"9f0f2f83-1b1b-44da-88b2-12600fd4c4e2", "isDeleted:":"true", "version":"1716895989587"}}
{"logTime": "0604/233108", "correlationVector":"Yckooh69OuSdgOECCb3KXI.72","action":"GetUpdates", "result":"DeleteReceived", "context":{"id":"0ac99984-9c94-4e97-b0bf-179315a4efcd", "isDeleted:":"true", "version":"1716895989589"}}
{"logTime": "0604/233108", "correlationVector":"Yckooh69OuSdgOECCb3KXI.73","action":"GetUpdates", "result":"DeleteReceived", "context":{"id":"76e0f302-c847-4a58-9971-4adcd6ffb0e8", "isDeleted:":"true", "version":"1716895989591"}}
{"logTime": "0604/233108", "correlationVector":"Yckooh69OuSdgOECCb3KXI.74","action":"GetUpdates", "result":"DeleteReceived", "context":{"id":"3b61c1ac-5e39-4ff8-b124-990f16ae309a", "isDeleted:":"true", "version":"1716895989596"}}
{"logTime": "0604/233108", "correlationVector":"Yckooh69OuSdgOECCb3KXI.75","action":"GetUpdates", "result":"DeleteReceived", "context":{"id":"022a7c80-7b0a-49c9-a9ae-7694b3020ca5", "isDeleted:":"true", "version":"1716895989598"}}
{"logTime": "0604/233108", "correlationVector":"Yckooh69OuSdgOECCb3KXI.76","action":"GetUpdates", "result":"DeleteReceived", "context":{"id":"37ae5501-8cd9-4d8f-a48e-7c5ab6d6c87b", "isDeleted:":"true", "version":"1716895989601"}}
{"logTime": "0604/233108", "correlationVector":"Yckooh69OuSdgOECCb3KXI.77","action":"GetUpdates", "result":"DeleteReceived", "context":{"id":"3852f26f-62e2-41e9-9c46-3e74411b9db3", "isDeleted:":"true", "version":"1716895989604"}}
{"logTime": "0604/233108", "correlationVector":"Yckooh69OuSdgOECCb3KXI.78","action":"GetUpdates", "result":"DeleteReceived", "context":{"id":"2b466dd7-6295-4cf7-bb19-cf2c14134d3a", "isDeleted:":"true", "version":"1716895989606"}}
{"logTime": "0604/233108", "correlationVector":"Yckooh69OuSdgOECCb3KXI.79","action":"GetUpdates", "result":"DeleteReceived", "context":{"id":"0b29c11b-f560-4988-8dfb-79d2b45123b0", "isDeleted:":"true", "version":"1716895989608"}}
{"logTime": "0604/233108", "correlationVector":"Yckooh69OuSdgOECCb3KXI.80","action":"GetUpdates", "result":"DeleteReceived", "context":{"id":"44b2b2e6-c723-4806-9bb3-162c5fc1e3f6", "isDeleted:":"true", "version":"1716895990902"}}
{"logTime": "0604/233108", "correlationVector":"Yckooh69OuSdgOECCb3KXI.81","action":"GetUpdates", "result":"DeleteReceived", "context":{"id":"503f0361-1889-413d-80b0-877f564c83fe", "isDeleted:":"true", "version":"1716895990905"}}
{"logTime": "0604/233108", "correlationVector":"Yckooh69OuSdgOECCb3KXI.82","action":"GetUpdates", "result":"DeleteReceived", "context":{"id":"0b1fad12-7cda-4508-9b6c-456f335d25c7", "isDeleted:":"true", "version":"1716895990906"}}
{"logTime": "0604/233108", "correlationVector":"Yckooh69OuSdgOECCb3KXI.83","action":"GetUpdates", "result":"DeleteReceived", "context":{"id":"370fe35e-13e0-4ad2-a09d-592548145084", "isDeleted:":"true", "version":"1716895990910"}}
{"logTime": "0604/233108", "correlationVector":"Yckooh69OuSdgOECCb3KXI.84","action":"GetUpdates", "result":"DeleteReceived", "context":{"id":"9e0a03af-d477-4865-9610-a17a1fa7d362", "isDeleted:":"true", "version":"1716895990914"}}
{"logTime": "0604/233108", "correlationVector":"Yckooh69OuSdgOECCb3KXI.85","action":"GetUpdates", "result":"DeleteReceived", "context":{"id":"7e71f757-2fb2-4d0c-93fd-3f603f6746e7", "isDeleted:":"true", "version":"1716895990916"}}
{"logTime": "0604/233108", "correlationVector":"Yckooh69OuSdgOECCb3KXI.86","action":"GetUpdates", "result":"DeleteReceived", "context":{"id":"21db4a3c-e1de-4929-b8cd-9a853c468d88", "isDeleted:":"true", "version":"1716895990917"}}
{"logTime": "0604/233108", "correlationVector":"Yckooh69OuSdgOECCb3KXI.87","action":"GetUpdates", "result":"DeleteReceived", "context":{"id":"2985c361-3f21-4cbc-bb36-7f94d491202e", "isDeleted:":"true", "version":"1716895990918"}}
{"logTime": "0604/233108", "correlationVector":"Yckooh69OuSdgOECCb3KXI.88","action":"GetUpdates", "result":"DeleteReceived", "context":{"id":"a39f57e8-c045-49af-b5c2-057227899f2b", "isDeleted:":"true", "version":"1716895990920"}}
{"logTime": "0604/233108", "correlationVector":"Yckooh69OuSdgOECCb3KXI.89","action":"GetUpdates", "result":"DeleteReceived", "context":{"id":"01447d07-ed67-4dc3-822f-e47a8920aa7a", "isDeleted:":"true", "version":"1716895990921"}}
{"logTime": "0604/233108", "correlationVector":"Yckooh69OuSdgOECCb3KXI.90","action":"GetUpdates", "result":"DeleteReceived", "context":{"id":"8bfb77b4-f47e-4491-80f5-42faa8ffb31b", "isDeleted:":"true", "version":"1716895990922"}}
{"logTime": "0604/233108", "correlationVector":"Yckooh69OuSdgOECCb3KXI.91","action":"GetUpdates", "result":"DeleteReceived", "context":{"id":"291adadf-f536-4dfe-954a-438d201d609c", "isDeleted:":"true", "version":"1716895990925"}}
{"logTime": "0604/233108", "correlationVector":"Yckooh69OuSdgOECCb3KXI.92","action":"GetUpdates", "result":"DeleteReceived", "context":{"id":"21a62383-db5c-4331-b680-666f1948d478", "isDeleted:":"true", "version":"1716895990927"}}
{"logTime": "0604/233108", "correlationVector":"Yckooh69OuSdgOECCb3KXI.93","action":"GetUpdates", "result":"DeleteReceived", "context":{"id":"493c95ca-4488-42d6-88ae-0543f5175196", "isDeleted:":"true", "version":"1716895990929"}}
{"logTime": "0604/233108", "correlationVector":"Yckooh69OuSdgOECCb3KXI.94","action":"GetUpdates", "result":"DeleteReceived", "context":{"id":"415c9afc-9766-433b-9028-1f99c7724684", "isDeleted:":"true", "version":"1716895990932"}}
{"logTime": "0604/233108", "correlationVector":"Yckooh69OuSdgOECCb3KXI.95","action":"GetUpdates", "result":"DeleteReceived", "context":{"id":"23c8d0de-b6a7-40e1-92c5-701c076769ff", "isDeleted:":"true", "version":"1716895990933"}}
{"logTime": "0604/233108", "correlationVector":"Yckooh69OuSdgOECCb3KXI.96","action":"GetUpdates", "result":"DeleteReceived", "context":{"id":"5d3e41f5-ba7f-49a5-828a-34d5a9b1fedf", "isDeleted:":"true", "version":"1716895990935"}}
{"logTime": "0604/233108", "correlationVector":"Yckooh69OuSdgOECCb3KXI.97","action":"GetUpdates", "result":"DeleteReceived", "context":{"id":"0307af00-2a2a-4e3d-8b6c-135715db78e3", "isDeleted:":"true", "version":"1716895990938"}}
{"logTime": "0604/233108", "correlationVector":"Yckooh69OuSdgOECCb3KXI.98","action":"GetUpdates", "result":"DeleteReceived", "context":{"id":"41259c1f-ffa4-41af-8376-3b7fffa39a77", "isDeleted:":"true", "version":"1716895992179"}}
{"logTime": "0604/233108", "correlationVector":"Yckooh69OuSdgOECCb3KXI.99","action":"GetUpdates", "result":"DeleteReceived", "context":{"id":"1775a13b-9568-4f47-a135-9b605bbcee97", "isDeleted:":"true", "version":"1716895992182"}}
{"logTime": "0604/233108", "correlationVector":"Yckooh69OuSdgOECCb3KXI.100","action":"GetUpdates Response", "result":"Success", "context":Received 250 update(s). cV=Yckooh69OuSdgOECCb3KXI.0;server=GENERAL1100000F;cloudType=Consumer;environment=Prod_EastUS_000w;migrationStage=NotStarted Some updates remain.}
{"logTime": "0604/233108", "correlationVector":"BQ7VWvDPqI9uMwAsE1HZC+","action":"Initial GetUpdates", "result":"", "context":Reason: NEWLY_SUPPORTED_DATATYPE. cV=BQ7VWvDPqI9uMwAsE1HZC+}
{"logTime": "0604/233109", "correlationVector":"BQ7VWvDPqI9uMwAsE1HZC+.1","action":"SyncServerConnectionManagerRequest", "result":"SYNC_SERVER_OK", "context":{"environment":"Prod_EastUS_000w", "migrationStage":"NotStarted", "server":"GENERAL1100002N"}}
{"logTime": "0604/233109", "correlationVector":"BQ7VWvDPqI9uMwAsE1HZC+.2","action":"GetUpdates", "result":"DeleteReceived", "context":{"id":"31a93c82-a62b-4d86-8aa7-26316f736b4d", "isDeleted:":"true", "version":"1716895992183"}}
{"logTime": "0604/233109", "correlationVector":"BQ7VWvDPqI9uMwAsE1HZC+.3","action":"GetUpdates", "result":"DeleteReceived", "context":{"id":"18a7b30c-3d69-44c2-919d-24f56c98b908", "isDeleted:":"true", "version":"1716895992184"}}
{"logTime": "0604/233109", "correlationVector":"BQ7VWvDPqI9uMwAsE1HZC+.4","action":"GetUpdates", "result":"DeleteReceived", "context":{"id":"22fe0d8f-b2ed-4da4-9e5f-b73ffa0ab453", "isDeleted:":"true", "version":"1716895992185"}}
{"logTime": "0604/233109", "correlationVector":"BQ7VWvDPqI9uMwAsE1HZC+.5","action":"GetUpdates", "result":"DeleteReceived", "context":{"id":"14b695df-b07d-4a85-841f-336e150ffbb3", "isDeleted:":"true", "version":"1716895992187"}}
{"logTime": "0604/233109", "correlationVector":"BQ7VWvDPqI9uMwAsE1HZC+.6","action":"GetUpdates", "result":"DeleteReceived", "context":{"id":"01fcb259-60cf-404d-9a91-8490e79c99e0", "isDeleted:":"true", "version":"1716895992189"}}
{"logTime": "0604/233109", "correlationVector":"BQ7VWvDPqI9uMwAsE1HZC+.7","action":"GetUpdates", "result":"DeleteReceived", "context":{"id":"68b20196-ef72-455f-a08d-321622556641", "isDeleted:":"true", "version":"1716895992199"}}
{"logTime": "0604/233109", "correlationVector":"BQ7VWvDPqI9uMwAsE1HZC+.8","action":"GetUpdates", "result":"DeleteReceived", "context":{"id":"41fb73f4-85c5-430b-8ecc-41d6e70cd600", "isDeleted:":"true", "version":"1716895992202"}}
{"logTime": "0604/233109", "correlationVector":"BQ7VWvDPqI9uMwAsE1HZC+.9","action":"GetUpdates", "result":"DeleteReceived", "context":{"id":"b6583fc0-9192-4719-88be-a24fced9fc7e", "isDeleted:":"true", "version":"1716895992208"}}
{"logTime": "0604/233109", "correlationVector":"BQ7VWvDPqI9uMwAsE1HZC+.10","action":"GetUpdates", "result":"DeleteReceived", "context":{"id":"5ef90aa1-4a37-4c4c-a3a2-d8ca1c7858d2", "isDeleted:":"true", "version":"1716895992211"}}
{"logTime": "0604/233109", "correlationVector":"BQ7VWvDPqI9uMwAsE1HZC+.11","action":"GetUpdates", "result":"DeleteReceived", "context":{"id":"77a3ecc8-069d-48de-9a27-19356c19a4ba", "isDeleted:":"true", "version":"1716895992212"}}
{"logTime": "0604/233109", "correlationVector":"BQ7VWvDPqI9uMwAsE1HZC+.12","action":"GetUpdates", "result":"DeleteReceived", "context":{"id":"0337dbb8-153f-4dde-8b6b-59dc022bf1c9", "isDeleted:":"true", "version":"1716895992214"}}
{"logTime": "0604/233109", "correlationVector":"BQ7VWvDPqI9uMwAsE1HZC+.13","action":"GetUpdates", "result":"DeleteReceived", "context":{"id":"362d9e0e-2db6-4cd6-b0a5-6ee25f3c562e", "isDeleted:":"true", "version":"1716895993585"}}
{"logTime": "0604/233109", "correlationVector":"BQ7VWvDPqI9uMwAsE1HZC+.14","action":"GetUpdates", "result":"DeleteReceived", "context":{"id":"1ed3cef5-b904-45bf-9c8c-939e8c627e92", "isDeleted:":"true", "version":"1716895993587"}}
{"logTime": "0604/233109", "correlationVector":"BQ7VWvDPqI9uMwAsE1HZC+.15","action":"GetUpdates", "result":"DeleteReceived", "context":{"id":"037f301d-7a8e-47f3-b5d1-4ea1925707be", "isDeleted:":"true", "version":"1716895993589"}}
{"logTime": "0604/233109", "correlationVector":"BQ7VWvDPqI9uMwAsE1HZC+.16","action":"GetUpdates", "result":"DeleteReceived", "context":{"id":"12a759b0-05e1-4294-84c0-6639f3cf60f9", "isDeleted:":"true", "version":"1716895993597"}}
{"logTime": "0604/233109", "correlationVector":"BQ7VWvDPqI9uMwAsE1HZC+.17","action":"GetUpdates", "result":"DeleteReceived", "context":{"id":"7cc407f4-b5cd-4401-b3c2-68409167a1e9", "isDeleted:":"true", "version":"1716895993600"}}
{"logTime": "0604/233109", "correlationVector":"BQ7VWvDPqI9uMwAsE1HZC+.18","action":"GetUpdates", "result":"DeleteReceived", "context":{"id":"1c8c4032-9b54-4d17-9d58-9653f7a5b488", "isDeleted:":"true", "version":"1716895993602"}}
{"logTime": "0604/233109", "correlationVector":"BQ7VWvDPqI9uMwAsE1HZC+.19","action":"GetUpdates", "result":"DeleteReceived", "context":{"id":"3e652d1f-4030-484b-b852-438d7cece62c", "isDeleted:":"true", "version":"1716895993604"}}
{"logTime": "0604/233109", "correlationVector":"BQ7VWvDPqI9uMwAsE1HZC+.20","action":"GetUpdates", "result":"DeleteReceived", "context":{"id":"0771bf2c-249e-4c99-b0e1-ab92c5836e12", "isDeleted:":"true", "version":"1716895993608"}}
{"logTime": "0604/233109", "correlationVector":"BQ7VWvDPqI9uMwAsE1HZC+.21","action":"GetUpdates", "result":"DeleteReceived", "context":{"id":"4662975b-6a45-4171-abc7-2dae5c4ed051", "isDeleted:":"true", "version":"1716895993609"}}
{"logTime": "0604/233109", "correlationVector":"BQ7VWvDPqI9uMwAsE1HZC+.22","action":"GetUpdates", "result":"DeleteReceived", "context":{"id":"1fe8e262-411c-44b6-817a-c842e6c5869d", "isDeleted:":"true", "version":"1716895993610"}}
{"logTime": "0604/233109", "correlationVector":"BQ7VWvDPqI9uMwAsE1HZC+.23","action":"GetUpdates", "result":"DeleteReceived", "context":{"id":"23a8c31d-8bc7-4f3b-b11f-775dbb119f46", "isDeleted:":"true", "version":"1716895993611"}}
{"logTime": "0604/233109", "correlationVector":"BQ7VWvDPqI9uMwAsE1HZC+.24","action":"GetUpdates", "result":"DeleteReceived", "context":{"id":"56ad9daf-55d9-4a8c-88c0-2ea44d2285ec", "isDeleted:":"true", "version":"1716895993612"}}
{"logTime": "0604/233109", "correlationVector":"BQ7VWvDPqI9uMwAsE1HZC+.25","action":"GetUpdates", "result":"DeleteReceived", "context":{"id":"ecd521a2-cdb3-44c8-9068-955757988f0b", "isDeleted:":"true", "version":"1716895993613"}}
{"logTime": "0604/233109", "correlationVector":"BQ7VWvDPqI9uMwAsE1HZC+.26","action":"GetUpdates", "result":"DeleteReceived", "context":{"id":"0d2fc3af-2e28-4a6b-a19d-996b5a35e9d3", "isDeleted:":"true", "version":"1716895993614"}}
{"logTime": "0604/233109", "correlationVector":"BQ7VWvDPqI9uMwAsE1HZC+.27","action":"GetUpdates", "result":"DeleteReceived", "context":{"id":"cbe76aaf-ca62-40fd-bdab-f436536234f4", "isDeleted:":"true", "version":"1716895993620"}}
{"logTime": "0604/233109", "correlationVector":"BQ7VWvDPqI9uMwAsE1HZC+.28","action":"GetUpdates", "result":"DeleteReceived", "context":{"id":"40d0224f-8cb7-4e9e-a041-fa0741be9c4a", "isDeleted:":"true", "version":"1716895993621"}}
{"logTime": "0604/233109", "correlationVector":"BQ7VWvDPqI9uMwAsE1HZC+.29","action":"GetUpdates", "result":"DeleteReceived", "context":{"id":"81a68bef-2591-4220-add7-2a55c8b25c83", "isDeleted:":"true", "version":"1716895993622"}}
{"logTime": "0604/233109", "correlationVector":"BQ7VWvDPqI9uMwAsE1HZC+.30","action":"GetUpdates", "result":"DeleteReceived", "context":{"id":"7d6fa12b-cdef-4041-beaa-574dc06bb1b6", "isDeleted:":"true", "version":"1716895994846"}}
{"logTime": "0604/233109", "correlationVector":"BQ7VWvDPqI9uMwAsE1HZC+.31","action":"GetUpdates", "result":"DeleteReceived", "context":{"id":"354225de-68c4-437c-98f9-d2ba97347cd3", "isDeleted:":"true", "version":"1716895994847"}}
{"logTime": "0604/233109", "correlationVector":"BQ7VWvDPqI9uMwAsE1HZC+.32","action":"GetUpdates", "result":"DeleteReceived", "context":{"id":"023e06cf-012d-4236-8a7a-57f4d84652a3", "isDeleted:":"true", "version":"1716895994848"}}
{"logTime": "0604/233109", "correlationVector":"BQ7VWvDPqI9uMwAsE1HZC+.33","action":"GetUpdates", "result":"DeleteReceived", "context":{"id":"07b91154-ae32-46fa-842e-982ffae4ef97", "isDeleted:":"true", "version":"1716895994849"}}
{"logTime": "0604/233109", "correlationVector":"BQ7VWvDPqI9uMwAsE1HZC+.34","action":"GetUpdates", "result":"DeleteReceived", "context":{"id":"42024d9b-f83f-4514-9708-2c385dfed24d", "isDeleted:":"true", "version":"1716895994850"}}
{"logTime": "0604/233109", "correlationVector":"BQ7VWvDPqI9uMwAsE1HZC+.35","action":"GetUpdates", "result":"DeleteReceived", "context":{"id":"89a71dff-8ea3-4d2e-8e91-29d9d5402b86", "isDeleted:":"true", "version":"1716895994855"}}
{"logTime": "0604/233109", "correlationVector":"BQ7VWvDPqI9uMwAsE1HZC+.36","action":"GetUpdates", "result":"DeleteReceived", "context":{"id":"14291d8c-1058-4b2e-ba1e-0617b539839a", "isDeleted:":"true", "version":"1716895994856"}}
{"logTime": "0604/233109", "correlationVector":"BQ7VWvDPqI9uMwAsE1HZC+.37","action":"GetUpdates", "result":"DeleteReceived", "context":{"id":"53867bc8-8239-46a1-ba50-adaf13b30019", "isDeleted:":"true", "version":"1716895994862"}}
{"logTime": "0604/233109", "correlationVector":"BQ7VWvDPqI9uMwAsE1HZC+.38","action":"GetUpdates", "result":"DeleteReceived", "context":{"id":"10887e12-aea2-48ff-b4a5-8506a01e604c", "isDeleted:":"true", "version":"1716895994863"}}
{"logTime": "0604/233109", "correlationVector":"BQ7VWvDPqI9uMwAsE1HZC+.39","action":"GetUpdates", "result":"DeleteReceived", "context":{"id":"a81059cf-a062-44a6-983d-ce61a5b63e5b", "isDeleted:":"true", "version":"1716895994872"}}
{"logTime": "0604/233109", "correlationVector":"BQ7VWvDPqI9uMwAsE1HZC+.40","action":"GetUpdates", "result":"DeleteReceived", "context":{"id":"8713523d-6d6f-4106-ac43-d69a69cc7765", "isDeleted:":"true", "version":"1716895994873"}}
{"logTime": "0604/233109", "correlationVector":"BQ7VWvDPqI9uMwAsE1HZC+.41","action":"GetUpdates", "result":"DeleteReceived", "context":{"id":"32a931d1-2752-4128-a234-89687e42314c", "isDeleted:":"true", "version":"1716895994876"}}
{"logTime": "0604/233109", "correlationVector":"BQ7VWvDPqI9uMwAsE1HZC+.42","action":"GetUpdates", "result":"DeleteReceived", "context":{"id":"0bc61107-4453-4264-b323-cfc3b309ff70", "isDeleted:":"true", "version":"1716895994880"}}
{"logTime": "0604/233109", "correlationVector":"BQ7VWvDPqI9uMwAsE1HZC+.43","action":"GetUpdates", "result":"DeleteReceived", "context":{"id":"0bfcf72d-3d94-46ce-93e8-d5e381b63ccc", "isDeleted:":"true", "version":"1716895994881"}}
{"logTime": "0604/233109", "correlationVector":"BQ7VWvDPqI9uMwAsE1HZC+.44","action":"GetUpdates", "result":"DeleteReceived", "context":{"id":"16cb6d4a-f1cc-4e73-aa34-59182b96cfdf", "isDeleted:":"true", "version":"1716895994882"}}
{"logTime": "0604/233109", "correlationVector":"BQ7VWvDPqI9uMwAsE1HZC+.45","action":"GetUpdates", "result":"DeleteReceived", "context":{"id":"539c5751-6b5a-4c00-9a46-13a2185ef569", "isDeleted:":"true", "version":"1716895994884"}}
{"logTime": "0604/233109", "correlationVector":"BQ7VWvDPqI9uMwAsE1HZC+.46","action":"GetUpdates", "result":"DeleteReceived", "context":{"id":"7e511675-bff2-4bcc-9700-9959c51418b0", "isDeleted:":"true", "version":"1716895996087"}}
{"logTime": "0604/233109", "correlationVector":"BQ7VWvDPqI9uMwAsE1HZC+.47","action":"GetUpdates", "result":"DeleteReceived", "context":{"id":"1ddc93d2-b16e-4727-94e0-0625be407929", "isDeleted:":"true", "version":"1716895996089"}}
{"logTime": "0604/233109", "correlationVector":"BQ7VWvDPqI9uMwAsE1HZC+.48","action":"GetUpdates", "result":"DeleteReceived", "context":{"id":"050085a0-707c-4cd0-abf5-c9a73e547be2", "isDeleted:":"true", "version":"1716895996091"}}
{"logTime": "0604/233109", "correlationVector":"BQ7VWvDPqI9uMwAsE1HZC+.49","action":"GetUpdates", "result":"DeleteReceived", "context":{"id":"376b3e4b-8c70-4ad1-9001-76fc5b6ed8ca", "isDeleted:":"true", "version":"1716895996094"}}
{"logTime": "0604/233109", "correlationVector":"BQ7VWvDPqI9uMwAsE1HZC+.50","action":"GetUpdates", "result":"DeleteReceived", "context":{"id":"0c276531-0a4d-4f3d-9a08-c3a4a8a7929a", "isDeleted:":"true", "version":"1716895996099"}}
{"logTime": "0604/233109", "correlationVector":"BQ7VWvDPqI9uMwAsE1HZC+.51","action":"GetUpdates", "result":"DeleteReceived", "context":{"id":"7836ab46-3101-49aa-ac22-a5ea8ec9bb90", "isDeleted:":"true", "version":"1716895996101"}}
{"logTime": "0604/233109", "correlationVector":"BQ7VWvDPqI9uMwAsE1HZC+.52","action":"GetUpdates", "result":"DeleteReceived", "context":{"id":"2066114b-8a56-4f30-8ed9-195175088f26", "isDeleted:":"true", "version":"1716895996102"}}
{"logTime": "0604/233109", "correlationVector":"BQ7VWvDPqI9uMwAsE1HZC+.53","action":"GetUpdates", "result":"DeleteReceived", "context":{"id":"1ba8b8d9-a5ac-4d60-9fc6-35949eeae182", "isDeleted:":"true", "version":"1716895996107"}}
{"logTime": "0604/233109", "correlationVector":"BQ7VWvDPqI9uMwAsE1HZC+.54","action":"GetUpdates", "result":"DeleteReceived", "context":{"id":"0297f381-f6b8-4605-811c-b9f2310f7b2a", "isDeleted:":"true", "version":"1716895996109"}}
{"logTime": "0604/233109", "correlationVector":"BQ7VWvDPqI9uMwAsE1HZC+.55","action":"GetUpdates", "result":"DeleteReceived", "context":{"id":"1d253301-c27f-4767-91f4-314eaab5352d", "isDeleted:":"true", "version":"1716895996112"}}
{"logTime": "0604/233109", "correlationVector":"BQ7VWvDPqI9uMwAsE1HZC+.56","action":"GetUpdates", "result":"DeleteReceived", "context":{"id":"0e356d54-1364-48cf-978c-86f3554da9ac", "isDeleted:":"true", "version":"1716895996113"}}
{"logTime": "0604/233109", "correlationVector":"BQ7VWvDPqI9uMwAsE1HZC+.57","action":"GetUpdates", "result":"DeleteReceived", "context":{"id":"a16204ca-a9a7-4ce4-bd06-327be4c69192", "isDeleted:":"true", "version":"1716895996115"}}
{"logTime": "0604/233109", "correlationVector":"BQ7VWvDPqI9uMwAsE1HZC+.58","action":"GetUpdates", "result":"DeleteReceived", "context":{"id":"2fd7ec88-b934-4a70-8121-9d538969788b", "isDeleted:":"true", "version":"1716895996117"}}
{"logTime": "0604/233109", "correlationVector":"BQ7VWvDPqI9uMwAsE1HZC+.59","action":"GetUpdates", "result":"DeleteReceived", "context":{"id":"508f869b-d504-4bdc-93e6-779a687f9f59", "isDeleted:":"true", "version":"1716895996119"}}
{"logTime": "0604/233109", "correlationVector":"BQ7VWvDPqI9uMwAsE1HZC+.60","action":"GetUpdates", "result":"DeleteReceived", "context":{"id":"09fcc5d0-527e-443d-8418-8b94c1f931a7", "isDeleted:":"true", "version":"1716895996120"}}
{"logTime": "0604/233109", "correlationVector":"BQ7VWvDPqI9uMwAsE1HZC+.61","action":"GetUpdates", "result":"DeleteReceived", "context":{"id":"8f00c6ff-57e5-488d-b5d8-c7ce61ded2ce", "isDeleted:":"true", "version":"1716895997419"}}
{"logTime": "0604/233109", "correlationVector":"BQ7VWvDPqI9uMwAsE1HZC+.62","action":"GetUpdates", "result":"DeleteReceived", "context":{"id":"233a4ac0-95bf-4399-9846-421525ae4fda", "isDeleted:":"true", "version":"1716895997420"}}
{"logTime": "0604/233109", "correlationVector":"BQ7VWvDPqI9uMwAsE1HZC+.63","action":"GetUpdates", "result":"DeleteReceived", "context":{"id":"5c8dc23a-7f18-4dd2-b6c5-36a96345a7d8", "isDeleted:":"true", "version":"1716895997421"}}
{"logTime": "0604/233109", "correlationVector":"BQ7VWvDPqI9uMwAsE1HZC+.64","action":"GetUpdates", "result":"DeleteReceived", "context":{"id":"14316421-7e65-4672-9980-26ed3b415ad6", "isDeleted:":"true", "version":"1716895997423"}}
{"logTime": "0604/233109", "correlationVector":"BQ7VWvDPqI9uMwAsE1HZC+.65","action":"GetUpdates", "result":"DeleteReceived", "context":{"id":"2293a603-eaec-431a-a275-cc6a496c326f", "isDeleted:":"true", "version":"1716895997426"}}
{"logTime": "0604/233109", "correlationVector":"BQ7VWvDPqI9uMwAsE1HZC+.66","action":"GetUpdates", "result":"DeleteReceived", "context":{"id":"14d42acb-acfd-4346-b4bd-f5ece9def49a", "isDeleted:":"true", "version":"1716895997428"}}
{"logTime": "0604/233109", "correlationVector":"BQ7VWvDPqI9uMwAsE1HZC+.67","action":"GetUpdates", "result":"DeleteReceived", "context":{"id":"22395208-4de7-4eff-b12c-d1a289a03944", "isDeleted:":"true", "version":"1716895997436"}}
{"logTime": "0604/233109", "correlationVector":"BQ7VWvDPqI9uMwAsE1HZC+.68","action":"GetUpdates", "result":"DeleteReceived", "context":{"id":"91af69ed-8a49-47c9-85f2-630d58c91fc7", "isDeleted:":"true", "version":"1717181028872"}}
{"logTime": "0604/233109", "correlationVector":"BQ7VWvDPqI9uMwAsE1HZC+.69","action":"GetUpdates Response", "result":"Success", "context":Received 244 update(s). cV=BQ7VWvDPqI9uMwAsE1HZC+.0;server=GENERAL1100002N;cloudType=Consumer;environment=Prod_EastUS_000w;migrationStage=NotStarted}
{"logTime": "0604/233109", "correlationVector":"gFqqzuh2KClYwH8v8zM50S","action":"Normal GetUpdate request", "result":"", "context":cV=gFqqzuh2KClYwH8v8zM50S
Nudged types: Preferences, Typed URLs, Sessions
Refresh requested types: Bookmarks, Preferences, Passwords, Autofill Profiles, Autofill, Typed URLs, Extensions, Sessions, Extension settings, History Delete Directives, Device Info, User Consents, Send Tab To Self, Web Apps, Collection, Edge E Drop, Edge Hub App Usage, Edge Tab Group, Edge Wallet, Encryption Keys}
{"logTime": "0604/233109", "correlationVector":"gFqqzuh2KClYwH8v8zM50S.1","action":"SyncServerConnectionManagerRequest", "result":"SYNC_SERVER_OK", "context":{"environment":"Prod_EastUS_000w", "migrationStage":"NotStarted", "server":"GENERAL11000001"}}
{"logTime": "0604/233109", "correlationVector":"gFqqzuh2KClYwH8v8zM50S.2","action":"GetUpdates", "result":"DeleteReceived", "context":{"id":"95723d4b-19e0-4f65-a09a-011291b544e1", "isDeleted:":"true", "version":"1717523820892"}}
{"logTime": "0604/233109", "correlationVector":"gFqqzuh2KClYwH8v8zM50S.3","action":"GetUpdates Response", "result":"Success", "context":Received 14 update(s). cV=gFqqzuh2KClYwH8v8zM50S.0;server=GENERAL11000001;cloudType=Consumer;environment=Prod_EastUS_000w;migrationStage=NotStarted}
{"logTime": "0604/233109", "correlationVector":"DyIK/YLRfOYb6YEdS4TVkv","action":"Commit Request", "result":"", "context":Item count: 7
Contributing types: Preferences, Typed URLs, Sessions}
{"logTime": "0604/233110", "correlationVector":"DyIK/YLRfOYb6YEdS4TVkv.1","action":"SyncServerConnectionManagerRequest", "result":"SYNC_SERVER_OK", "context":{"environment":"Prod_EastUS_000w", "migrationStage":"NotStarted", "server":"GENERAL1100002B"}}
{"logTime": "0604/233110", "correlationVector":"DyIK/YLRfOYb6YEdS4TVkv.2","action":"Commit Response", "result":"Success", "context":Result: Success. cV=DyIK/YLRfOYb6YEdS4TVkv.0;server=GENERAL1100002B;cloudType=Consumer;environment=Prod_EastUS_000w;migrationStage=NotStarted}
{"logTime": "0604/233110", "correlationVector":"ttyBRwEXLbUIwiCqxt90jL","action":"Poll GetUpdate request", "result":"", "context":cV=ttyBRwEXLbUIwiCqxt90jL}
{"logTime": "0604/233110", "correlationVector":"ttyBRwEXLbUIwiCqxt90jL.1","action":"SyncServerConnectionManagerRequest", "result":"SYNC_SERVER_OK", "context":{"environment":"Prod_EastUS_000w", "migrationStage":"NotStarted", "server":"GENERAL1100001P"}}
{"logTime": "0604/233110", "correlationVector":"ttyBRwEXLbUIwiCqxt90jL.2","action":"GetUpdates Response", "result":"Success", "context":Received 7 update(s). cV=ttyBRwEXLbUIwiCqxt90jL.0;server=GENERAL1100001P;cloudType=Consumer;environment=Prod_EastUS_000w;migrationStage=NotStarted}
{"logTime": "0604/233546", "correlationVector":"LpM7LxcJq8BBC0AFmBboaf","action":"Normal GetUpdate request", "result":"", "context":cV=LpM7LxcJq8BBC0AFmBboaf
Refresh requested types: Bookmarks, Preferences, Passwords, Autofill Profiles, Autofill, Typed URLs, Extensions, Sessions, Extension settings, History Delete Directives, Device Info, User Consents, Send Tab To Self, Web Apps, Collection, Edge E Drop, Edge Hub App Usage, Edge Tab Group, Edge Wallet, Encryption Keys}
{"logTime": "0604/233546", "correlationVector":"LpM7LxcJq8BBC0AFmBboaf.1","action":"SyncServerConnectionManagerRequest", "result":"SYNC_SERVER_OK", "context":{"environment":"Prod_EastUS_000w", "migrationStage":"NotStarted", "server":"GENERAL1100002R"}}
{"logTime": "0604/233546", "correlationVector":"LpM7LxcJq8BBC0AFmBboaf.2","action":"GetUpdates Response", "result":"Success", "context":Received 0 update(s). cV=LpM7LxcJq8BBC0AFmBboaf.0;server=GENERAL1100002R;cloudType=Consumer;environment=Prod_EastUS_000w;migrationStage=NotStarted}
{"logTime": "0605/004337", "correlationVector":"AijOLBlYnv7rVtltaz3nVb","action":"Commit Request", "result":"", "context":Item count: 1
Contributing types: Sessions}
{"logTime": "0605/004337", "correlationVector":"AijOLBlYnv7rVtltaz3nVb.1","action":"SyncServerConnectionManagerRequest", "result":"SYNC_SERVER_OK", "context":{"environment":"Prod_EastUS_000w", "migrationStage":"NotStarted", "server":"GENERAL1100001E"}}
{"logTime": "0605/004337", "correlationVector":"AijOLBlYnv7rVtltaz3nVb.2","action":"Commit Response", "result":"Success", "context":Result: Success. cV=AijOLBlYnv7rVtltaz3nVb.0;server=GENERAL1100001E;cloudType=Consumer;environment=Prod_EastUS_000w;migrationStage=NotStarted}
{"logTime": "0605/011635", "correlationVector":"uNpggoXvKiwqUiqgc34Oll","action":"Commit Request", "result":"", "context":Item count: 5
Contributing types: Preferences, Typed URLs, Sessions}
{"logTime": "0605/011635", "correlationVector":"uNpggoXvKiwqUiqgc34Oll.1","action":"SyncServerConnectionManagerRequest", "result":"SYNC_SERVER_OK", "context":{"environment":"Prod_EastUS_000w", "migrationStage":"NotStarted", "server":"GENERAL1100001Z"}}
{"logTime": "0605/011635", "correlationVector":"uNpggoXvKiwqUiqgc34Oll.2","action":"Commit Response", "result":"Success", "context":Result: Success. cV=uNpggoXvKiwqUiqgc34Oll.0;server=GENERAL1100001Z;cloudType=Consumer;environment=Prod_EastUS_000w;migrationStage=NotStarted}
{"logTime": "0605/011651", "correlationVector":"wlRh4EqYWt7aMRI5qW3VqO","action":"Commit Request", "result":"", "context":Item count: 4
Contributing types: Autofill, Typed URLs, Sessions}
{"logTime": "0605/011651", "correlationVector":"wlRh4EqYWt7aMRI5qW3VqO.1","action":"SyncServerConnectionManagerRequest", "result":"SYNC_SERVER_OK", "context":{"environment":"Prod_EastUS_000w", "migrationStage":"NotStarted", "server":"GENERAL1100003A"}}
{"logTime": "0605/011651", "correlationVector":"wlRh4EqYWt7aMRI5qW3VqO.2","action":"Commit Response", "result":"Success", "context":Result: Success. cV=wlRh4EqYWt7aMRI5qW3VqO.0;server=GENERAL1100003A;cloudType=Consumer;environment=Prod_EastUS_000w;migrationStage=NotStarted}
{"logTime": "0605/011746", "correlationVector":"pjzb2BQNWR2b2snekdVj36","action":"Normal GetUpdate request", "result":"", "context":cV=pjzb2BQNWR2b2snekdVj36
Notified types: Typed URLs
Refresh requested types: Passwords}
{"logTime": "0605/011746", "correlationVector":"pjzb2BQNWR2b2snekdVj36.1","action":"SyncServerConnectionManagerRequest", "result":"SYNC_SERVER_OK", "context":{"environment":"Prod_EastUS_000w", "migrationStage":"NotStarted", "server":"GENERAL11000009"}}
{"logTime": "0605/011746", "correlationVector":"pjzb2BQNWR2b2snekdVj36.2","action":"GetUpdates Response", "result":"Success", "context":Received 13 update(s). cV=pjzb2BQNWR2b2snekdVj36.0;server=GENERAL11000009;cloudType=Consumer;environment=Prod_EastUS_000w;migrationStage=NotStarted}
{"logTime": "0605/011819", "correlationVector":"hbGuw2C1QikRFaoMwuohTF","action":"Commit Request", "result":"", "context":Item count: 1
Contributing types: Preferences}
{"logTime": "0605/011819", "correlationVector":"hbGuw2C1QikRFaoMwuohTF.1","action":"SyncServerConnectionManagerRequest", "result":"SYNC_SERVER_OK", "context":{"environment":"Prod_EastUS_000w", "migrationStage":"NotStarted", "server":"GENERAL11000001"}}
{"logTime": "0605/011819", "correlationVector":"hbGuw2C1QikRFaoMwuohTF.2","action":"Commit Response", "result":"Success", "context":Result: Success. cV=hbGuw2C1QikRFaoMwuohTF.0;server=GENERAL11000001;cloudType=Consumer;environment=Prod_EastUS_000w;migrationStage=NotStarted}
{"logTime": "0605/011824", "correlationVector":"CIofAww7NC/sM1TxUfmyMM","action":"Commit Request", "result":"", "context":Item count: 3
Contributing types: Autofill Profiles, Sessions}
{"logTime": "0605/011825", "correlationVector":"CIofAww7NC/sM1TxUfmyMM.1","action":"SyncServerConnectionManagerRequest", "result":"SYNC_SERVER_OK", "context":{"environment":"Prod_EastUS_000w", "migrationStage":"NotStarted", "server":"GENERAL1100003A"}}
{"logTime": "0605/011825", "correlationVector":"CIofAww7NC/sM1TxUfmyMM.2","action":"Commit Response", "result":"Success", "context":Result: Success. cV=CIofAww7NC/sM1TxUfmyMM.0;server=GENERAL1100003A;cloudType=Consumer;environment=Prod_EastUS_000w;migrationStage=NotStarted}
{"logTime": "0605/011833", "correlationVector":"KRvMxTI1pzt3UDQ7M7HX/x","action":"Commit Request", "result":"", "context":Item count: 2
Contributing types: Autofill, Sessions}
{"logTime": "0605/011834", "correlationVector":"KRvMxTI1pzt3UDQ7M7HX/x.1","action":"SyncServerConnectionManagerRequest", "result":"SYNC_SERVER_OK", "context":{"environment":"Prod_EastUS_000w", "migrationStage":"NotStarted", "server":"GENERAL1100002X"}}
{"logTime": "0605/011834", "correlationVector":"KRvMxTI1pzt3UDQ7M7HX/x.2","action":"Commit Response", "result":"Success", "context":Result: Success. cV=KRvMxTI1pzt3UDQ7M7HX/x.0;server=GENERAL1100002X;cloudType=Consumer;environment=Prod_EastUS_000w;migrationStage=NotStarted}
{"logTime": "0605/011912", "correlationVector":"2JW1DyDl4s4pra035jHzdk","action":"Commit Request", "result":"", "context":Item count: 1
Contributing types: Sessions}
{"logTime": "0605/011912", "correlationVector":"2JW1DyDl4s4pra035jHzdk.1","action":"SyncServerConnectionManagerRequest", "result":"SYNC_SERVER_OK", "context":{"environment":"Prod_EastUS_000w", "migrationStage":"NotStarted", "server":"GENERAL1100002O"}}
{"logTime": "0605/011912", "correlationVector":"2JW1DyDl4s4pra035jHzdk.2","action":"Commit Response", "result":"Success", "context":Result: Success. cV=2JW1DyDl4s4pra035jHzdk.0;server=GENERAL1100002O;cloudType=Consumer;environment=Prod_EastUS_000w;migrationStage=NotStarted}
{"logTime": "0605/011955", "correlationVector":"i49dOdtgWmyKj55r8heqOt","action":"Commit Request", "result":"", "context":Item count: 1
Contributing types: Sessions}
{"logTime": "0605/011955", "correlationVector":"i49dOdtgWmyKj55r8heqOt.1","action":"SyncServerConnectionManagerRequest", "result":"SYNC_SERVER_OK", "context":{"environment":"Prod_EastUS_000w", "migrationStage":"NotStarted", "server":"GENERAL1100003A"}}
{"logTime": "0605/011955", "correlationVector":"i49dOdtgWmyKj55r8heqOt.2","action":"Commit Response", "result":"Success", "context":Result: Success. cV=i49dOdtgWmyKj55r8heqOt.0;server=GENERAL1100003A;cloudType=Consumer;environment=Prod_EastUS_000w;migrationStage=NotStarted}
{"logTime": "0605/012031", "correlationVector":"3k3+NHdK+4H2DwjLE+fShM","action":"Commit Request", "result":"", "context":Item count: 2
Contributing types: Sessions}
{"logTime": "0605/012031", "correlationVector":"3k3+NHdK+4H2DwjLE+fShM.1","action":"SyncServerConnectionManagerRequest", "result":"SYNC_SERVER_OK", "context":{"environment":"Prod_EastUS_000w", "migrationStage":"NotStarted", "server":"GENERAL11000034"}}
{"logTime": "0605/012031", "correlationVector":"3k3+NHdK+4H2DwjLE+fShM.2","action":"Commit Response", "result":"Success", "context":Result: Success. cV=3k3+NHdK+4H2DwjLE+fShM.0;server=GENERAL11000034;cloudType=Consumer;environment=Prod_EastUS_000w;migrationStage=NotStarted}
{"logTime": "0605/012033", "correlationVector":"drWSoWB9oiBSzMV/ss8lnE","action":"Commit Request", "result":"", "context":Item count: 2
Contributing types: Autofill, Sessions}
{"logTime": "0605/012033", "correlationVector":"drWSoWB9oiBSzMV/ss8lnE.1","action":"SyncServerConnectionManagerRequest", "result":"SYNC_SERVER_OK", "context":{"environment":"Prod_EastUS_000w", "migrationStage":"NotStarted", "server":"GENERAL1100002H"}}
{"logTime": "0605/012033", "correlationVector":"drWSoWB9oiBSzMV/ss8lnE.2","action":"Commit Response", "result":"Success", "context":Result: Success. cV=drWSoWB9oiBSzMV/ss8lnE.0;server=GENERAL1100002H;cloudType=Consumer;environment=Prod_EastUS_000w;migrationStage=NotStarted}
{"logTime": "0605/012106", "correlationVector":"/ztrf/wC7joOKGEJ+psN54","action":"Commit Request", "result":"", "context":Item count: 1
Contributing types: Sessions}
{"logTime": "0605/012106", "correlationVector":"/ztrf/wC7joOKGEJ+psN54.1","action":"SyncServerConnectionManagerRequest", "result":"SYNC_SERVER_OK", "context":{"environment":"Prod_EastUS_000w", "migrationStage":"NotStarted", "server":"GENERAL1100002U"}}
{"logTime": "0605/012106", "correlationVector":"/ztrf/wC7joOKGEJ+psN54.2","action":"Commit Response", "result":"Success", "context":Result: Success. cV=/ztrf/wC7joOKGEJ+psN54.0;server=GENERAL1100002U;cloudType=Consumer;environment=Prod_EastUS_000w;migrationStage=NotStarted}
{"logTime": "0605/012111", "correlationVector":"XKUA6TUyLmluZQXu1Xg1aK","action":"Commit Request", "result":"", "context":Item count: 1
Contributing types: Preferences}
{"logTime": "0605/012111", "correlationVector":"XKUA6TUyLmluZQXu1Xg1aK.1","action":"SyncServerConnectionManagerRequest", "result":"SYNC_SERVER_OK", "context":{"environment":"Prod_EastUS_000w", "migrationStage":"NotStarted", "server":"GENERAL1100001Z"}}
{"logTime": "0605/012111", "correlationVector":"XKUA6TUyLmluZQXu1Xg1aK.2","action":"Commit Response", "result":"Success", "context":Result: Success. cV=XKUA6TUyLmluZQXu1Xg1aK.0;server=GENERAL1100001Z;cloudType=Consumer;environment=Prod_EastUS_000w;migrationStage=NotStarted}
{"logTime": "0605/012120", "correlationVector":"0sbqPMzsoogh37rUUNPoaV","action":"Commit Request", "result":"", "context":Item count: 3
Contributing types: Autofill Profiles, Sessions}
{"logTime": "0605/012120", "correlationVector":"0sbqPMzsoogh37rUUNPoaV.1","action":"SyncServerConnectionManagerRequest", "result":"SYNC_SERVER_OK", "context":{"environment":"Prod_EastUS_000w", "migrationStage":"NotStarted", "server":"GENERAL1100002R"}}
{"logTime": "0605/012120", "correlationVector":"0sbqPMzsoogh37rUUNPoaV.2","action":"Commit Response", "result":"Success", "context":Result: Success. cV=0sbqPMzsoogh37rUUNPoaV.0;server=GENERAL1100002R;cloudType=Consumer;environment=Prod_EastUS_000w;migrationStage=NotStarted}
{"logTime": "0605/012126", "correlationVector":"0RkEw8iiM2KcHtpeFdwMNt","action":"Commit Request", "result":"", "context":Item count: 2
Contributing types: Autofill, Sessions}
{"logTime": "0605/012126", "correlationVector":"0RkEw8iiM2KcHtpeFdwMNt.1","action":"SyncServerConnectionManagerRequest", "result":"SYNC_SERVER_OK", "context":{"environment":"Prod_EastUS_000w", "migrationStage":"NotStarted", "server":"GENERAL11000004"}}
{"logTime": "0605/012126", "correlationVector":"0RkEw8iiM2KcHtpeFdwMNt.2","action":"Commit Response", "result":"Success", "context":Result: Success. cV=0RkEw8iiM2KcHtpeFdwMNt.0;server=GENERAL11000004;cloudType=Consumer;environment=Prod_EastUS_000w;migrationStage=NotStarted}
{"logTime": "0605/012156", "correlationVector":"d181j0dt6IIa+RrY4jA39r","action":"Commit Request", "result":"", "context":Item count: 3
Contributing types: Typed URLs, Sessions}
{"logTime": "0605/012156", "correlationVector":"d181j0dt6IIa+RrY4jA39r.1","action":"SyncServerConnectionManagerRequest", "result":"SYNC_SERVER_OK", "context":{"environment":"Prod_EastUS_000w", "migrationStage":"NotStarted", "server":"GENERAL1100003A"}}
{"logTime": "0605/012156", "correlationVector":"d181j0dt6IIa+RrY4jA39r.2","action":"Commit Response", "result":"Success", "context":Result: Success. cV=d181j0dt6IIa+RrY4jA39r.0;server=GENERAL1100003A;cloudType=Consumer;environment=Prod_EastUS_000w;migrationStage=NotStarted}
{"logTime": "0605/012228", "correlationVector":"FIVXiDQuhEiGAOYD0+Brru","action":"Commit Request", "result":"", "context":Item count: 2
Contributing types: Sessions}
{"logTime": "0605/012228", "correlationVector":"FIVXiDQuhEiGAOYD0+Brru.1","action":"SyncServerConnectionManagerRequest", "result":"SYNC_SERVER_OK", "context":{"environment":"Prod_EastUS_000w", "migrationStage":"NotStarted", "server":"GENERAL11000008"}}
{"logTime": "0605/012228", "correlationVector":"FIVXiDQuhEiGAOYD0+Brru.2","action":"Commit Response", "result":"Success", "context":Result: Success. cV=FIVXiDQuhEiGAOYD0+Brru.0;server=GENERAL11000008;cloudType=Consumer;environment=Prod_EastUS_000w;migrationStage=NotStarted}
{"logTime": "0605/012332", "correlationVector":"bcbVaOqxCGxfdSoOO95AE5","action":"Commit Request", "result":"", "context":Item count: 2
Contributing types: Sessions}
{"logTime": "0605/012332", "correlationVector":"bcbVaOqxCGxfdSoOO95AE5.1","action":"SyncServerConnectionManagerRequest", "result":"SYNC_SERVER_OK", "context":{"environment":"Prod_EastUS_000w", "migrationStage":"NotStarted", "server":"GENERAL1100003A"}}
{"logTime": "0605/012332", "correlationVector":"bcbVaOqxCGxfdSoOO95AE5.2","action":"Commit Response", "result":"Success", "context":Result: Success. cV=bcbVaOqxCGxfdSoOO95AE5.0;server=GENERAL1100003A;cloudType=Consumer;environment=Prod_EastUS_000w;migrationStage=NotStarted}
{"logTime": "0605/012600", "correlationVector":"fawbR6Ynu8t2ZOwBH3NtQa","action":"Commit Request", "result":"", "context":Item count: 2
Contributing types: Sessions}
{"logTime": "0605/012600", "correlationVector":"fawbR6Ynu8t2ZOwBH3NtQa.1","action":"SyncServerConnectionManagerRequest", "result":"SYNC_SERVER_OK", "context":{"environment":"Prod_EastUS_000w", "migrationStage":"NotStarted", "server":"GENERAL1100002A"}}
{"logTime": "0605/012600", "correlationVector":"fawbR6Ynu8t2ZOwBH3NtQa.2","action":"Commit Response", "result":"Success", "context":Result: Success. cV=fawbR6Ynu8t2ZOwBH3NtQa.0;server=GENERAL1100002A;cloudType=Consumer;environment=Prod_EastUS_000w;migrationStage=NotStarted}
{"logTime": "0605/012639", "correlationVector":"eJWAvgofaa92XWFcwN31Ll","action":"Commit Request", "result":"", "context":Item count: 2
Contributing types: Sessions}
{"logTime": "0605/012640", "correlationVector":"eJWAvgofaa92XWFcwN31Ll.1","action":"SyncServerConnectionManagerRequest", "result":"SYNC_SERVER_OK", "context":{"environment":"Prod_EastUS_000w", "migrationStage":"NotStarted", "server":"GENERAL1100002D"}}
{"logTime": "0605/012640", "correlationVector":"eJWAvgofaa92XWFcwN31Ll.2","action":"Commit Response", "result":"Success", "context":Result: Success. cV=eJWAvgofaa92XWFcwN31Ll.0;server=GENERAL1100002D;cloudType=Consumer;environment=Prod_EastUS_000w;migrationStage=NotStarted}
{"logTime": "0605/013037", "correlationVector":"qdp77Io1ExfSqDskgfCumf","action":"Commit Request", "result":"", "context":Item count: 2
Contributing types: Typed URLs, Sessions}
{"logTime": "0605/013037", "correlationVector":"qdp77Io1ExfSqDskgfCumf.1","action":"SyncServerConnectionManagerRequest", "result":"SYNC_SERVER_OK", "context":{"environment":"Prod_EastUS_000w", "migrationStage":"NotStarted", "server":"GENERAL0100000H"}}
{"logTime": "0605/013037", "correlationVector":"qdp77Io1ExfSqDskgfCumf.3","action":"Commit.Typed URLs", "result":"Success", "context":{"id":"1282375b-652c-4be0-9b16-ddf73828cb94", "isDeleted":"true", "size":"0", "version":"1717480790917"}}
{"logTime": "0605/013037", "correlationVector":"qdp77Io1ExfSqDskgfCumf.2","action":"Commit Response", "result":"Success", "context":Result: Success. cV=qdp77Io1ExfSqDskgfCumf.0;server=GENERAL0100000H;cloudType=Consumer;environment=Prod_EastUS_000w;migrationStage=NotStarted}
{"logTime": "0605/013057", "correlationVector":"tVDGI9kXD0INKKLPMwJtxJ","action":"Commit Request", "result":"", "context":Item count: 2
Contributing types: Preferences, Sessions}
{"logTime": "0605/013057", "correlationVector":"tVDGI9kXD0INKKLPMwJtxJ.1","action":"SyncServerConnectionManagerRequest", "result":"SYNC_SERVER_OK", "context":{"environment":"Prod_EastUS_000w", "migrationStage":"NotStarted", "server":"GENERAL1100003A"}}
{"logTime": "0605/013057", "correlationVector":"tVDGI9kXD0INKKLPMwJtxJ.2","action":"Commit Response", "result":"Success", "context":Result: Success. cV=tVDGI9kXD0INKKLPMwJtxJ.0;server=GENERAL1100003A;cloudType=Consumer;environment=Prod_EastUS_000w;migrationStage=NotStarted}
{"logTime": "0605/013134", "correlationVector":"r6TlmAjKCXC+yhoO0aliGi","action":"Commit Request", "result":"", "context":Item count: 1
Contributing types: Sessions}
{"logTime": "0605/013135", "correlationVector":"r6TlmAjKCXC+yhoO0aliGi.1","action":"SyncServerConnectionManagerRequest", "result":"SYNC_SERVER_OK", "context":{"environment":"Prod_EastUS_000w", "migrationStage":"NotStarted", "server":"GENERAL1100000W"}}
{"logTime": "0605/013135", "correlationVector":"r6TlmAjKCXC+yhoO0aliGi.2","action":"Commit Response", "result":"Success", "context":Result: Success. cV=r6TlmAjKCXC+yhoO0aliGi.0;server=GENERAL1100000W;cloudType=Consumer;environment=Prod_EastUS_000w;migrationStage=NotStarted}
{"logTime": "0605/013220", "correlationVector":"LSHtvSReA7JTaHuwTCuYFL","action":"Commit Request", "result":"", "context":Item count: 1
Contributing types: Sessions}
{"logTime": "0605/013220", "correlationVector":"LSHtvSReA7JTaHuwTCuYFL.1","action":"SyncServerConnectionManagerRequest", "result":"SYNC_SERVER_OK", "context":{"environment":"Prod_EastUS_000w", "migrationStage":"NotStarted", "server":"GENERAL1100000V"}}
{"logTime": "0605/013220", "correlationVector":"LSHtvSReA7JTaHuwTCuYFL.2","action":"Commit Response", "result":"Success", "context":Result: Success. cV=LSHtvSReA7JTaHuwTCuYFL.0;server=GENERAL1100000V;cloudType=Consumer;environment=Prod_EastUS_000w;migrationStage=NotStarted}
{"logTime": "0605/013305", "correlationVector":"A4bmxNTxX+6Q2gjsQeL5NB","action":"Commit Request", "result":"", "context":Item count: 1
Contributing types: Sessions}
{"logTime": "0605/013305", "correlationVector":"A4bmxNTxX+6Q2gjsQeL5NB.1","action":"SyncServerConnectionManagerRequest", "result":"SYNC_SERVER_OK", "context":{"environment":"Prod_EastUS_000w", "migrationStage":"NotStarted", "server":"GENERAL11000033"}}
{"logTime": "0605/013305", "correlationVector":"A4bmxNTxX+6Q2gjsQeL5NB.2","action":"Commit Response", "result":"Success", "context":Result: Success. cV=A4bmxNTxX+6Q2gjsQeL5NB.0;server=GENERAL11000033;cloudType=Consumer;environment=Prod_EastUS_000w;migrationStage=NotStarted}
{"logTime": "0605/013505", "correlationVector":"lkacLupT8Ie2vVCsFlWRUn","action":"Commit Request", "result":"", "context":Item count: 1
Contributing types: Sessions}
{"logTime": "0605/013505", "correlationVector":"lkacLupT8Ie2vVCsFlWRUn.1","action":"SyncServerConnectionManagerRequest", "result":"SYNC_SERVER_OK", "context":{"environment":"Prod_EastUS_000w", "migrationStage":"NotStarted", "server":"GENERAL11000034"}}
{"logTime": "0605/013505", "correlationVector":"lkacLupT8Ie2vVCsFlWRUn.2","action":"Commit Response", "result":"Success", "context":Result: Success. cV=lkacLupT8Ie2vVCsFlWRUn.0;server=GENERAL11000034;cloudType=Consumer;environment=Prod_EastUS_000w;migrationStage=NotStarted}
{"logTime": "0605/014236", "correlationVector":"KIKKSl+tDHzFRU2G1zECPE","action":"Commit Request", "result":"", "context":Item count: 5
Contributing types: Typed URLs, Sessions}
{"logTime": "0605/014237", "correlationVector":"KIKKSl+tDHzFRU2G1zECPE.1","action":"SyncServerConnectionManagerRequest", "result":"SYNC_SERVER_OK", "context":{"environment":"Prod_EastUS_000w", "migrationStage":"NotStarted", "server":"GENERAL1100001D"}}
{"logTime": "0605/014237", "correlationVector":"KIKKSl+tDHzFRU2G1zECPE.2","action":"Commit Response", "result":"Success", "context":Result: Success. cV=KIKKSl+tDHzFRU2G1zECPE.0;server=GENERAL1100001D;cloudType=Consumer;environment=Prod_EastUS_000w;migrationStage=NotStarted}
{"logTime": "0605/014359", "correlationVector":"JzQfGnuoikRVv6uA6Q7d9d","action":"Commit Request", "result":"", "context":Item count: 1
Contributing types: Sessions}
{"logTime": "0605/014359", "correlationVector":"JzQfGnuoikRVv6uA6Q7d9d.1","action":"SyncServerConnectionManagerRequest", "result":"SYNC_SERVER_OK", "context":{"environment":"Prod_EastUS_000w", "migrationStage":"NotStarted", "server":"GENERAL1100000S"}}
{"logTime": "0605/014359", "correlationVector":"JzQfGnuoikRVv6uA6Q7d9d.2","action":"Commit Response", "result":"Success", "context":Result: Success. cV=JzQfGnuoikRVv6uA6Q7d9d.0;server=GENERAL1100000S;cloudType=Consumer;environment=Prod_EastUS_000w;migrationStage=NotStarted}
{"logTime": "0605/014533", "correlationVector":"JjLOFaXp5FiHsfEy5isNxk","action":"Commit Request", "result":"", "context":Item count: 1
Contributing types: Sessions}
{"logTime": "0605/014534", "correlationVector":"JjLOFaXp5FiHsfEy5isNxk.1","action":"SyncServerConnectionManagerRequest", "result":"SYNC_SERVER_OK", "context":{"environment":"Prod_EastUS_000w", "migrationStage":"NotStarted", "server":"GENERAL11000001"}}
{"logTime": "0605/014534", "correlationVector":"JjLOFaXp5FiHsfEy5isNxk.2","action":"Commit Response", "result":"Success", "context":Result: Success. cV=JjLOFaXp5FiHsfEy5isNxk.0;server=GENERAL11000001;cloudType=Consumer;environment=Prod_EastUS_000w;migrationStage=NotStarted}
{"logTime": "0605/014628", "correlationVector":"HN58o/AxLJ0/s2N9jdjGbe","action":"Commit Request", "result":"", "context":Item count: 7
Contributing types: Typed URLs, Sessions}
{"logTime": "0605/014628", "correlationVector":"HN58o/AxLJ0/s2N9jdjGbe.1","action":"SyncServerConnectionManagerRequest", "result":"SYNC_SERVER_OK", "context":{"environment":"Prod_EastUS_000w", "migrationStage":"NotStarted", "server":"GENERAL1100000W"}}
{"logTime": "0605/014628", "correlationVector":"HN58o/AxLJ0/s2N9jdjGbe.2","action":"Commit Response", "result":"Success", "context":Result: Success. cV=HN58o/AxLJ0/s2N9jdjGbe.0;server=GENERAL1100000W;cloudType=Consumer;environment=Prod_EastUS_000w;migrationStage=NotStarted}
{"logTime": "0605/014628", "correlationVector":"HN58o/AxLJ0/s2N9jdjGbe.3","action":"Commit.Sessions", "result":"Success", "context":{"id":"4a9768be-2713-4655-bce4-5cdb21ba0181", "isDeleted":"true", "size":"0", "version":"1717551933908"}}
{"logTime": "0605/014658", "correlationVector":"LYOP5Kb2EDHV/iYGu6KHN6","action":"Commit Request", "result":"", "context":Item count: 2
Contributing types: Typed URLs, Sessions}
{"logTime": "0605/014658", "correlationVector":"LYOP5Kb2EDHV/iYGu6KHN6.1","action":"SyncServerConnectionManagerRequest", "result":"SYNC_SERVER_OK", "context":{"environment":"Prod_EastUS_000w", "migrationStage":"NotStarted", "server":"GENERAL11000025"}}
{"logTime": "0605/014658", "correlationVector":"LYOP5Kb2EDHV/iYGu6KHN6.2","action":"Commit Response", "result":"Success", "context":Result: Success. cV=LYOP5Kb2EDHV/iYGu6KHN6.0;server=GENERAL11000025;cloudType=Consumer;environment=Prod_EastUS_000w;migrationStage=NotStarted}
{"logTime": "0605/014942", "correlationVector":"oI+WZUSmXiaxp8y4qSPYhx","action":"Commit Request", "result":"", "context":Item count: 3
Contributing types: Sessions}
{"logTime": "0605/014942", "correlationVector":"oI+WZUSmXiaxp8y4qSPYhx.1","action":"SyncServerConnectionManagerRequest", "result":"SYNC_SERVER_OK", "context":{"environment":"Prod_EastUS_000w", "migrationStage":"NotStarted", "server":"GENERAL1100002S"}}
{"logTime": "0605/014942", "correlationVector":"oI+WZUSmXiaxp8y4qSPYhx.2","action":"Commit Response", "result":"Success", "context":Result: Success. cV=oI+WZUSmXiaxp8y4qSPYhx.0;server=GENERAL1100002S;cloudType=Consumer;environment=Prod_EastUS_000w;migrationStage=NotStarted}
{"logTime": "0605/015048", "correlationVector":"LuFIQOLokhg5r0jNz68kGr","action":"Commit Request", "result":"", "context":Item count: 5
Contributing types: Typed URLs, Sessions}
{"logTime": "0605/015048", "correlationVector":"LuFIQOLokhg5r0jNz68kGr.1","action":"SyncServerConnectionManagerRequest", "result":"SYNC_SERVER_OK", "context":{"environment":"Prod_EastUS_000w", "migrationStage":"NotStarted", "server":"GENERAL1100002F"}}
{"logTime": "0605/015048", "correlationVector":"LuFIQOLokhg5r0jNz68kGr.3","action":"Commit.Sessions", "result":"Success", "context":{"id":"31c1ab54-c933-4716-a470-d9a7824ef308", "isDeleted":"true", "size":"0", "version":"1717552182771"}}
{"logTime": "0605/015048", "correlationVector":"LuFIQOLokhg5r0jNz68kGr.2","action":"Commit Response", "result":"Success", "context":Result: Success. cV=LuFIQOLokhg5r0jNz68kGr.0;server=GENERAL1100002F;cloudType=Consumer;environment=Prod_EastUS_000w;migrationStage=NotStarted}
{"logTime": "0605/015100", "correlationVector":"nDoEZj2K2Nh2lutH1km9Or","action":"Commit Request", "result":"", "context":Item count: 5
Contributing types: Preferences, Sessions}
{"logTime": "0605/015100", "correlationVector":"nDoEZj2K2Nh2lutH1km9Or.1","action":"SyncServerConnectionManagerRequest", "result":"SYNC_SERVER_OK", "context":{"environment":"Prod_EastUS_000w", "migrationStage":"NotStarted", "server":"GENERAL1100000L"}}
{"logTime": "0605/015100", "correlationVector":"nDoEZj2K2Nh2lutH1km9Or.2","action":"Commit Response", "result":"Success", "context":Result: Success. cV=nDoEZj2K2Nh2lutH1km9Or.0;server=GENERAL1100000L;cloudType=Consumer;environment=Prod_EastUS_000w;migrationStage=NotStarted}
{"logTime": "0605/015131", "correlationVector":"xrRqEe7SHbODZN/eM7BmR6","action":"Commit Request", "result":"", "context":Item count: 4
Contributing types: Typed URLs, Sessions}
{"logTime": "0605/015131", "correlationVector":"xrRqEe7SHbODZN/eM7BmR6.1","action":"SyncServerConnectionManagerRequest", "result":"SYNC_SERVER_OK", "context":{"environment":"Prod_EastUS_000w", "migrationStage":"NotStarted", "server":"GENERAL1100002J"}}
{"logTime": "0605/015131", "correlationVector":"xrRqEe7SHbODZN/eM7BmR6.2","action":"Commit Response", "result":"Success", "context":Result: Success. cV=xrRqEe7SHbODZN/eM7BmR6.0;server=GENERAL1100002J;cloudType=Consumer;environment=Prod_EastUS_000w;migrationStage=NotStarted}
{"logTime": "0605/015131", "correlationVector":"xrRqEe7SHbODZN/eM7BmR6.3","action":"Commit.Sessions", "result":"Success", "context":{"id":"91f5ebf4-311d-4c16-b1e2-c98fddfe5b9e", "isDeleted":"true", "size":"0", "version":"1717552260647"}}
{"logTime": "0605/015206", "correlationVector":"bwdErS7EbdxMVf+pkaVZj+","action":"Commit Request", "result":"", "context":Item count: 1
Contributing types: Sessions}
{"logTime": "0605/015206", "correlationVector":"bwdErS7EbdxMVf+pkaVZj+.1","action":"SyncServerConnectionManagerRequest", "result":"SYNC_SERVER_OK", "context":{"environment":"Prod_EastUS_000w", "migrationStage":"NotStarted", "server":"GENERAL1100000K"}}
{"logTime": "0605/015206", "correlationVector":"bwdErS7EbdxMVf+pkaVZj+.2","action":"Commit Response", "result":"Success", "context":Result: Success. cV=bwdErS7EbdxMVf+pkaVZj+.0;server=GENERAL1100000K;cloudType=Consumer;environment=Prod_EastUS_000w;migrationStage=NotStarted}
{"logTime": "0605/015317", "correlationVector":"JqZqB0F1gdovDeu0WToouH","action":"Commit Request", "result":"", "context":Item count: 1
Contributing types: Sessions}
{"logTime": "0605/015317", "correlationVector":"JqZqB0F1gdovDeu0WToouH.1","action":"SyncServerConnectionManagerRequest", "result":"SYNC_AUTH_ERROR", "context":{"environment":"Prod_EastUS_000w", "migrationStage":"NotStarted", "server":"GENERAL11000032"}}
{"logTime": "0605/015317", "correlationVector":"JqZqB0F1gdovDeu0WToouH.2","action":"Commit Response", "result":"HTTP error (401)", "context":Result: HTTP error (401). cV=JqZqB0F1gdovDeu0WToouH.0;server=GENERAL11000032;cloudType=Undetermined;environment=Prod_EastUS_000w;migrationStage=NotStarted}
{"logTime": "0605/015318", "correlationVector":"cH2XMPCVS8ov4iSBMZus22","action":"Commit Request", "result":"", "context":Item count: 1
Contributing types: Sessions}
{"logTime": "0605/015318", "correlationVector":"cH2XMPCVS8ov4iSBMZus22.1","action":"SyncServerConnectionManagerRequest", "result":"SYNC_SERVER_OK", "context":{"environment":"Prod_EastUS_000w", "migrationStage":"NotStarted", "server":"GENERAL11000016"}}
{"logTime": "0605/015318", "correlationVector":"cH2XMPCVS8ov4iSBMZus22.2","action":"Commit Response", "result":"Success", "context":Result: Success. cV=cH2XMPCVS8ov4iSBMZus22.0;server=GENERAL11000016;cloudType=Consumer;environment=Prod_EastUS_000w;migrationStage=NotStarted}
{"logTime": "0605/015321", "correlationVector":"jMOLVJ1PqjyIAnOzxQ2Q4x","action":"Commit Request", "result":"", "context":Item count: 2
Contributing types: Preferences, Sessions}
{"logTime": "0605/015321", "correlationVector":"jMOLVJ1PqjyIAnOzxQ2Q4x.1","action":"SyncServerConnectionManagerRequest", "result":"SYNC_SERVER_OK", "context":{"environment":"Prod_EastUS_000w", "migrationStage":"NotStarted", "server":"GENERAL1100002A"}}
{"logTime": "0605/015321", "correlationVector":"jMOLVJ1PqjyIAnOzxQ2Q4x.2","action":"Commit Response", "result":"Success", "context":Result: Success. cV=jMOLVJ1PqjyIAnOzxQ2Q4x.0;server=GENERAL1100002A;cloudType=Consumer;environment=Prod_EastUS_000w;migrationStage=NotStarted}
{"logTime": "0605/015910", "correlationVector":"l3A1oU1EvM4l2jR1gxdJwA","action":"Commit Request", "result":"", "context":Item count: 2
Contributing types: Sessions}
{"logTime": "0605/015911", "correlationVector":"l3A1oU1EvM4l2jR1gxdJwA.1","action":"SyncServerConnectionManagerRequest", "result":"SYNC_SERVER_OK", "context":{"environment":"Prod_EastUS_000w", "migrationStage":"NotStarted", "server":"GENERAL11000004"}}
{"logTime": "0605/015911", "correlationVector":"l3A1oU1EvM4l2jR1gxdJwA.2","action":"Commit Response", "result":"Success", "context":Result: Success. cV=l3A1oU1EvM4l2jR1gxdJwA.0;server=GENERAL11000004;cloudType=Consumer;environment=Prod_EastUS_000w;migrationStage=NotStarted}
{"logTime": "0605/020045", "correlationVector":"qAVPgzcig9M7ppt0V2YqGZ","action":"Commit Request", "result":"", "context":Item count: 1
Contributing types: Preferences}
{"logTime": "0605/020045", "correlationVector":"qAVPgzcig9M7ppt0V2YqGZ.1","action":"SyncServerConnectionManagerRequest", "result":"SYNC_SERVER_OK", "context":{"environment":"Prod_EastUS_000w", "migrationStage":"NotStarted", "server":"GENERAL11000018"}}
{"logTime": "0605/020045", "correlationVector":"qAVPgzcig9M7ppt0V2YqGZ.2","action":"Commit Response", "result":"Success", "context":Result: Success. cV=qAVPgzcig9M7ppt0V2YqGZ.0;server=GENERAL11000018;cloudType=Consumer;environment=Prod_EastUS_000w;migrationStage=NotStarted}
{"logTime": "0605/020540", "correlationVector":"S5uiRHo1+K/AehHsOPiQ0S","action":"Commit Request", "result":"", "context":Item count: 1
Contributing types: Preferences}
{"logTime": "0605/020540", "correlationVector":"S5uiRHo1+K/AehHsOPiQ0S.1","action":"SyncServerConnectionManagerRequest", "result":"SYNC_SERVER_OK", "context":{"environment":"Prod_EastUS_000w", "migrationStage":"NotStarted", "server":"GENERAL1100002N"}}
{"logTime": "0605/020540", "correlationVector":"S5uiRHo1+K/AehHsOPiQ0S.2","action":"Commit Response", "result":"Success", "context":Result: Success. cV=S5uiRHo1+K/AehHsOPiQ0S.0;server=GENERAL1100002N;cloudType=Consumer;environment=Prod_EastUS_000w;migrationStage=NotStarted}
{"logTime": "0605/020859", "correlationVector":"eTm8j4hYWwh2h+wt/622bk","action":"Commit Request", "result":"", "context":Item count: 2
Contributing types: Typed URLs, Sessions}
{"logTime": "0605/020859", "correlationVector":"eTm8j4hYWwh2h+wt/622bk.1","action":"SyncServerConnectionManagerRequest", "result":"SYNC_SERVER_OK", "context":{"environment":"Prod_EastUS_000w", "migrationStage":"NotStarted", "server":"GENERAL1100001Z"}}
{"logTime": "0605/020859", "correlationVector":"eTm8j4hYWwh2h+wt/622bk.2","action":"Commit Response", "result":"Success", "context":Result: Success. cV=eTm8j4hYWwh2h+wt/622bk.0;server=GENERAL1100001Z;cloudType=Consumer;environment=Prod_EastUS_000w;migrationStage=NotStarted}
{"logTime": "0605/020932", "correlationVector":"Ymy+uaHahRzvjvUXKiuLMq","action":"Commit Request", "result":"", "context":Item count: 1
Contributing types: Sessions}
{"logTime": "0605/020932", "correlationVector":"Ymy+uaHahRzvjvUXKiuLMq.1","action":"SyncServerConnectionManagerRequest", "result":"SYNC_SERVER_OK", "context":{"environment":"Prod_EastUS_000w", "migrationStage":"NotStarted", "server":"GENERAL1100002X"}}
{"logTime": "0605/020932", "correlationVector":"Ymy+uaHahRzvjvUXKiuLMq.2","action":"Commit Response", "result":"Success", "context":Result: Success. cV=Ymy+uaHahRzvjvUXKiuLMq.0;server=GENERAL1100002X;cloudType=Consumer;environment=Prod_EastUS_000w;migrationStage=NotStarted}
{"logTime": "0605/021046", "correlationVector":"kEbskf2L2KKLdWva2t3VQj","action":"Commit Request", "result":"", "context":Item count: 1
Contributing types: Sessions}
{"logTime": "0605/021046", "correlationVector":"kEbskf2L2KKLdWva2t3VQj.1","action":"SyncServerConnectionManagerRequest", "result":"SYNC_SERVER_OK", "context":{"environment":"Prod_EastUS_000w", "migrationStage":"NotStarted", "server":"GENERAL01000012"}}
{"logTime": "0605/021046", "correlationVector":"kEbskf2L2KKLdWva2t3VQj.2","action":"Commit Response", "result":"Success", "context":Result: Success. cV=kEbskf2L2KKLdWva2t3VQj.0;server=GENERAL01000012;cloudType=Consumer;environment=Prod_EastUS_000w;migrationStage=NotStarted}
{"logTime": "0605/021458", "correlationVector":"EeLW5F2ONjUZWWQMIxwbYB","action":"Commit Request", "result":"", "context":Item count: 3
Contributing types: Preferences, Sessions}
{"logTime": "0605/021458", "correlationVector":"EeLW5F2ONjUZWWQMIxwbYB.1","action":"SyncServerConnectionManagerRequest", "result":"SYNC_SERVER_OK", "context":{"environment":"Prod_EastUS_000w", "migrationStage":"NotStarted", "server":"GENERAL11000034"}}
{"logTime": "0605/021458", "correlationVector":"EeLW5F2ONjUZWWQMIxwbYB.2","action":"Commit Response", "result":"Success", "context":Result: Success. cV=EeLW5F2ONjUZWWQMIxwbYB.0;server=GENERAL11000034;cloudType=Consumer;environment=Prod_EastUS_000w;migrationStage=NotStarted}
